#
# A fatal error has been detected by the Java Runtime Environment:
#
#  SIGSEGV (0xb) at pc=0x00000001847ad570, pid=1479, tid=0x0000000000000103
#
# JRE version:  (8.0_382-b05) (build )
# Java VM: OpenJDK 64-Bit Server VM (25.382-b05 mixed mode bsd-aarch64 compressed oops)
# Problematic frame:
# C  [dyld+0x54570]  dyld3::MachOFile::trieWalk(Diagnostics&, unsigned char const*, unsigned char const*, char const*)+0x90
#
# Failed to write core dump. Core dumps have been disabled. To enable core dumping, try "ulimit -c unlimited" before starting Java again
#
# If you would like to submit a bug report, please visit:
#   http://www.azul.com/support/
# The crash happened outside the Java Virtual Machine in native code.
# See problematic frame for where to report the bug.
#

---------------  T H R E A D  ---------------

Current thread (0x0000000136e83000):  JavaThread "main" [_thread_in_native, id=259, stack(0x000000016b998000,0x000000016d998000)]

siginfo: si_signo: 11 (SIGSEGV), si_code: 2 (SEGV_ACCERR), si_addr: 0x000000016b9990e8

Registers:
 x0=0x000000016d992608  x1=0x0000000000000001  x2=0x000000016b999108  x3=0x000000016d992a50
 x4=0x0000000000000001  x5=0x0000000000000000  x6=0x000000016d992b00  x7=0x0000000000000000
 x8=0x000000016d992630  x9=0x000000016b9990e8 x10=0x0000000000000001 x11=0x0000000000000001
x12=0x000000016d992a52 x13=0x0000000000000000 x14=0x000000016b8cc2ea x15=0x0000000715588ed8
x16=0x000000028c9880e4 x17=0x0000000184777fb0 x18=0x0000000000000000 x19=0x000000016d992b48
x20=0x000000016b999108 x21=0x000000016b9990e8 x22=0x000000016d992a50 x23=0x0000000000000000
x24=0x000000016d992a50 x25=0x0000000000000020 x26=0x000000016b9990e8 x27=0x0000000000000001
x28=0x000000016b999108  fp=0x000000016d992890  lr=0x01568001847ad544  sp=0x000000016d9925f0
pc=0x00000001847ad570 cpsr=0x0000000080001000
Top of Stack: (sp=0x000000016d9925f0)
0x000000016d9925f0:   000000015f9cf9c0 000000080001cf68
0x000000016d992600:   000000016b8cc2ea 000000016d992630
0x000000016d992610:   0000000000000080 0000000000000001
0x000000016d992620:   0000000000000000 0000000000000000
0x000000016d992630:   0000000500000000 0000000000000000
0x000000016d992640:   0000000000000000 0000000000000000
0x000000016d992650:   0000000000000000 0000000000000000
0x000000016d992660:   0000000000000000 0000000000000000
0x000000016d992670:   0000000000000000 0000000000000000
0x000000016d992680:   0000000000000000 0000000000000000
0x000000016d992690:   0000000000000000 0000000100000000
0x000000016d9926a0:   0000000102e5c008 0000000000000000
0x000000016d9926b0:   0000000000000000 0000000000000000
0x000000016d9926c0:   0000000000000000 0000000000000000
0x000000016d9926d0:   0000000000000000 0000000000000000
0x000000016d9926e0:   0000000000000000 0000000000000000
0x000000016d9926f0:   0000000000000000 0000000000000000
0x000000016d992700:   0000000000000000 0000000000000000
0x000000016d992710:   0000000000000000 8be296e31a7700b6
0x000000016d992720:   00000000869dc480 000000016d992780
0x000000016d992730:   000000016f477840 0000000102e5db90
0x000000016d992740:   0000000102e5db90 0000000102e85480
0x000000016d992750:   000000016d9927a0 0000000102e85480
0x000000016d992760:   00000000869dc480 0000000312f0775c
0x000000016d992770:   000000016f477840 0000000102e5db90
0x000000016d992780:   000000016d992878 000000016d9927a0
0x000000016d992790:   000000016d992950 8428000184793608
0x000000016d9927a0:   000000017809c460 000000080001cf68
0x000000016d9927b0:   0000000332194918 000000015f9cf9c0
0x000000016d9927c0:   000000016d9927f0 00000003125162b8
0x000000016d9927d0:   0000000332194918 0000000136e83000
0x000000016d9927e0:   00000000ffffffff 000000016d991970 

Instructions: (pc=0x00000001847ad570)
0x00000001847ad550:   9100052a f90017ea b829791f eb1402bf
0x00000001847ad560:   54000d42 cb150299 aa1503fa aa1a03e9
0x00000001847ad570:   38c01528 f9000be9 37f80068 92401d18
0x00000001847ad580:   1400000a f9000bfa 910043e1 aa1303e0 

Register to memory mapping:

 x0=0x000000016d992608 is pointing into the stack for thread: 0x0000000136e83000
 x1=0x0000000000000001 is an unknown value
 x2=0x000000016b999108 is pointing into the stack for thread: 0x0000000136e83000
 x3=0x000000016d992a50 is pointing into the stack for thread: 0x0000000136e83000
 x4=0x0000000000000001 is an unknown value
 x5=0x0000000000000000 is an unknown value
 x6=0x000000016d992b00 is pointing into the stack for thread: 0x0000000136e83000
 x7=0x0000000000000000 is an unknown value
 x8=0x000000016d992630 is pointing into the stack for thread: 0x0000000136e83000
 x9=0x000000016b9990e8 is pointing into the stack for thread: 0x0000000136e83000
x10=0x0000000000000001 is an unknown value
x11=0x0000000000000001 is an unknown value
x12=0x000000016d992a52 is pointing into the stack for thread: 0x0000000136e83000
x13=0x0000000000000000 is an unknown value
x14=0x000000016b8cc2ea: PyArray_API+0x393a in /Users/charlesc/anaconda3/envs/erp_tools_env/lib/python3.11/site-packages/scipy/spatial/_distance_wrap.cpython-311-darwin.so at 0x000000016b8b8000
x15=0x0000000715588ed8 is an oop
