#
# A fatal error has been detected by the Java Runtime Environment:
#
#  SIGSEGV (0xb) at pc=0x0000000184b19f5c, pid=28246, tid=0x0000000000004203
#
# JRE version: OpenJDK Runtime Environment (Zulu 8.72.0.17-CA-macos-aarch64) (8.0_382-b05) (build 1.8.0_382-b05)
# Java VM: OpenJDK 64-Bit Server VM (25.382-b05 mixed mode bsd-aarch64 compressed oops)
# Problematic frame:
# C  [libsystem_platform.dylib+0x3f5c]  _platform_memset+0x8c
#
# Failed to write core dump. Core dumps have been disabled. To enable core dumping, try "ulimit -c unlimited" before starting Java again
#
# If you would like to submit a bug report, please visit:
#   http://www.azul.com/support/
#

---------------  T H R E A D  ---------------

Current thread (0x00000001111cc800):  JavaThread "C2 CompilerThread0" daemon [_thread_in_vm, id=16899, stack(0x000000033a924000,0x000000033ab27000)]

siginfo: si_signo: 11 (SIGSEGV), si_code: 2 (SEGV_ACCERR), si_addr: 0x000000016b8e4000

Registers:
 x0=0x000000016b8e3f60  x1=0x0000000000000000  x2=0x0000000000000310  x3=0x000000016b8e4000
 x4=0x000000016b8e3fc0  x5=0x0000000000000000  x6=0x0000000000000001  x7=0x0000000000000000
 x8=0x000000000000003f  x9=0x0000000000004203 x10=0x0000000000006000 x11=0x0000000000002000
x12=0x0000000000002000 x13=0x0000000000006000 x14=0x00000000ffffffff x15=0x000000031a2a8968
x16=0x0000000184b19ed0 x17=0x00000001f703af38 x18=0x0000000000000000 x19=0x0000000102f6ca00
x20=0x0000000102f72400 x21=0x0000000102f64080 x22=0x0000000000000009 x23=0x0000000000000000
x24=0x000000016b8e3f60 x25=0x0000000000000000 x26=0x000000033ab261f0 x27=0x000000000000003f
x28=0x000000033ab270e0  fp=0x000000033ab254a0  lr=0x00000001848fc110  sp=0x000000033ab253c0
pc=0x0000000184b19f5c cpsr=0x0000000020001000
Top of Stack: (sp=0x000000033ab253c0)
0x000000033ab253c0:   0000000000000000 0000000000000000
0x000000033ab253d0:   0000000000000000 0000000000000000
0x000000033ab253e0:   0000000000000000 0000000000000000
0x000000033ab253f0:   0000000000000000 0000000000000000
0x000000033ab25400:   0000000000000000 0000000000000000
0x000000033ab25410:   0000000000000000 0000000000000000
0x000000033ab25420:   0000000000000000 0000000000000000
0x000000033ab25430:   0000000000000000 0000000000000000
0x000000033ab25440:   0000000000000009 0000000000000000
0x000000033ab25450:   000000033ab26c38 000000016e6e8124
0x000000033ab25460:   000000033ab261f0 0000000000000000
0x000000033ab25470:   00000000000003e8 0000000102f64008
0x000000033ab25480:   0000000000000000 00000000000003e8
0x000000033ab25490:   0000000000000000 0000000102f60000
0x000000033ab254a0:   000000033ab254e0 6e7c8001848faafc
0x000000033ab254b0:   00000000000003e8 0000000000000000
0x000000033ab254c0:   0000000000000000 00000000000003e8
0x000000033ab254d0:   000000000000000c 000000033ab25540
0x000000033ab254e0:   000000033ab25530 283f00016e689a88
0x000000033ab254f0:   0000000000000000 0000000000000000
0x000000033ab25500:   000000016e6e8190 0000000000000000
0x000000033ab25510:   000000016f1077e0 000000016e8cab3c
0x000000033ab25520:   0000000000000000 00000000000003e8
0x000000033ab25530:   000000033ab25590 000000016e293234
0x000000033ab25540:   0000000000000000 0000000000000000
0x000000033ab25550:   0000000000000000 0000000000000000
0x000000033ab25560:   0000000000000000 0000000000000000
0x000000033ab25570:   0000000000000000 000000016e802402
0x000000033ab25580:   0000000000000006 000000033ab262c8
0x000000033ab25590:   000000033ab255c0 000000016e29358c
0x000000033ab255a0:   0000000000000000 000000016e802402
0x000000033ab255b0:   000000033ab2687c 000000033ab26100 

Instructions: (pc=0x0000000184b19f5c)
0x0000000184b19f3c:   ad000000 ad010000 91010003 927ae463
0x0000000184b19f4c:   8b000042 91010064 eb040042 540000c9
0x0000000184b19f5c:   ad000060 ad010060 91010063 f1010042
0x0000000184b19f6c:   54ffff88 8b020063 ad000060 ad010060 

Register to memory mapping:

 x0=0x000000016b8e3f60 is an unknown value
 x1=0x0000000000000000 is an unknown value
 x2=0x0000000000000310 is an unknown value
 x3=0x000000016b8e4000 is an unknown value
 x4=0x000000016b8e3fc0 is an unknown value
 x5=0x0000000000000000 is an unknown value
 x6=0x0000000000000001 is an unknown value
 x7=0x0000000000000000 is an unknown value
 x8=0x000000000000003f is an unknown value
 x9=0x0000000000004203 is an unknown value
x10=0x0000000000006000 is an unknown value
x11=0x0000000000002000 is an unknown value
x12=0x0000000000002000 is an unknown value
x13=0x0000000000006000 is an unknown value
x14=0x00000000ffffffff is an unknown value
x15=0x000000031a2a8968 is an unknown value
x16=0x0000000184b19ed0: _platform_memset+0 in /usr/lib/system/libsystem_platform.dylib at 0x0000000184b16000
x17=0x00000001f703af38 is an unknown value
x18=0x0000000000000000 is an unknown value
x19=0x0000000102f6ca00 is an unknown value
x20=0x0000000102f72400 is an unknown value
x21=0x0000000102f64080 is an unknown value
x22=0x0000000000000009 is an unknown value
x23=0x0000000000000000 is an unknown value
x24=0x000000016b8e3f60 is an unknown value
x25=0x0000000000000000 is an unknown value
x26=0x000000033ab261f0 is pointing into the stack for thread: 0x00000001111cc800
x27=0x000000000000003f is an unknown value
x28=0x000000033ab270e0 is an unknown value


Stack: [0x000000033a924000,0x000000033ab27000],  sp=0x000000033ab253c0,  free space=2052k
Native frames: (J=compiled Java code, j=interpreted, Vv=VM code, C=native code)
C  [libsystem_platform.dylib+0x3f5c]  _platform_memset+0x8c
C  [libsystem_malloc.dylib+0x2afc]  szone_malloc_should_clear+0x5c
V  [libjvm.dylib+0x459a88]  os::malloc(unsigned long, MemoryType, NativeCallStack const&)+0xb8
