#
# A fatal error has been detected by the Java Runtime Environment:
#
#  SIGSEGV (0xb) at pc=0x0000000102ff0114, pid=53689, tid=0x0000000000000103
#
# JRE version: OpenJDK Runtime Environment (Zulu 8.72.0.17-CA-macos-aarch64) (8.0_382-b05) (build 1.8.0_382-b05)
# Java VM: OpenJDK 64-Bit Server VM (25.382-b05 mixed mode bsd-aarch64 compressed oops)
# Problematic frame:
# C  [python3.11+0xec114]  PyUnicode_New+0x268
#
# Failed to write core dump. Core dumps have been disabled. To enable core dumping, try "ulimit -c unlimited" before starting Java again
#
# If you would like to submit a bug report, please visit:
#   http://www.azul.com/support/
# The crash happened outside the Java Virtual Machine in native code.
# See problematic frame for where to report the bug.
#

---------------  T H R E A D  ---------------

Current thread (0x0000000147844000):  JavaThread "main" [_thread_in_native, id=259, stack(0x000000016aefc000,0x000000016cefc000)]

siginfo: si_signo: 11 (SIGSEGV), si_code: 2 (SEGV_ACCERR), si_addr: 0x000000016aefef58

Registers:
 x0=0x000000016aefb000  x1=0x0000000103965e00  x2=0x0000000000000000  x3=0x000000000000000e
 x4=0x0000000000000012  x5=0x0000000000000000  x6=0x000000000000007a  x7=0x000000016cef4108
 x8=0x000000016aefb048  x9=0x000000016aefb030 x10=0x00000000000000b0 x11=0x00000000005f9e80
x12=0x000000000000d333 x13=0x0000000000000003 x14=0x00000000ffffffbf x15=0x00000000ffff7dff
x16=0x00000000000008fd x17=0x000000018ad2988c x18=0x0000000000000000 x19=0x0000000000000fc4
x20=0x0000000000010000 x21=0x000000016aefb000 x22=0x000000000000dc00 x23=0x0000000000000000
x24=0x0000000000000000 x25=0x0000000000000000 x26=0x00000000000000b0 x27=0x0000000000000000
x28=0x000000013811f5d8  fp=0x000000016cef4430  lr=0x0000000102feff64  sp=0x000000016cef43e0
pc=0x0000000102ff0114 cpsr=0x0000000020001000
Top of Stack: (sp=0x000000016cef43e0)
0x000000016cef43e0:   000000013811f5d8 00000000ffffcf80
0x000000016cef43f0:   0000000000000007 0000000000010000
0x000000016cef4400:   000000013811ef08 0000000000000fc4
0x000000016cef4410:   000000000000dc00 0000000000000000
0x000000016cef4420:   000000016aef8200 000000016cef44e0
0x000000016cef4430:   000000016cef4450 0000000102ff05b4
0x000000016cef4440:   000000010323ecad 0000000000000000
0x000000016cef4450:   000000016cef4590 0000000102fedcf4
0x000000016cef4460:   000000016cef44c0 000000016cef4528
0x000000016cef4470:   000000016cef44e0 000000016cef4500
0x000000016cef4480:   ffffffffffffffe8 ffffffffffffffe0
0x000000016cef4490:   fffffffffffffff8 fffffffffffffff0
0x000000016cef44a0:   fffffffffffffff0 ffffffffffffffe8
0x000000016cef44b0:   ffffffffffffffe0 ffffffffffffffd8
0x000000016cef44c0:   0000000000000000 0000000000000000
0x000000016cef44d0:   0000000000000012 000000000000000f
0x000000016cef44e0:   000000016aef8200 000000016aef8248
0x000000016cef44f0:   0000ffff00000002 0000000000000fc4
0x000000016cef4500:   00000000000003dc 0000000000000fc4
0x000000016cef4510:   0000000000000000 000000013811f5d8
0x000000016cef4520:   000000013811e614 000000013811ef08
0x000000016cef4530:   3dc5600eb1b90027 0000000000000001
0x000000016cef4540:   0000000000000000 0000000000000000
0x000000016cef4550:   0000000000000000 000000016aed2a00
0x000000016cef4560:   0000000000000075 0000000000000001
0x000000016cef4570:   0000000000000000 0000000000000fc4
0x000000016cef4580:   0000000000000000 000000016cef4a38
0x000000016cef4590:   000000016cef46e0 00000001030a993c
0x000000016cef45a0:   000000032ec2b180 00000001033c6870
0x000000016cef45b0:   e88e15d7f5570e85 00000001033c6870
0x000000016cef45c0:   000000032ec2b180 00000001033cc2d8
0x000000016cef45d0:   000000016cef4620 0000000102fa70e8 

Instructions: (pc=0x0000000102ff0114)
0x0000000102ff00f4:   6f00e400 3c8382a0 3c8282a0 17ffffda
0x0000000102ff0104:   a9007d3f 34000077 7833791f 14000002
0x0000000102ff0114:   b833791f 3600007b f90022bf 17ffffc1
0x0000000102ff0124:   f90022b3 f90016a8 17ffffcf 90001260 

Register to memory mapping:

 x0=0x000000016aefb000 is an unknown value
 x1=0x0000000103965e00 is an unknown value
 x2=0x0000000000000000 is an unknown value
 x3=0x000000000000000e is an unknown value
 x4=0x0000000000000012 is an unknown value
 x5=0x0000000000000000 is an unknown value
 x6=0x000000000000007a is an unknown value
 x7=0x000000016cef4108 is pointing into the stack for thread: 0x0000000147844000
 x8=0x000000016aefb048 is an unknown value
 x9=0x000000016aefb030 is an unknown value
x10=0x00000000000000b0 is an unknown value
x11=0x00000000005f9e80 is an unknown value
x12=0x000000000000d333 is an unknown value
x13=0x0000000000000003 is an unknown value
x14=0x00000000ffffffbf is an unknown value
x15=0x00000000ffff7dff is an unknown value
x16=0x00000000000008fd is an unknown value
x17=0x000000018ad2988c: szone_try_free_default+0 in /usr/lib/system/libsystem_malloc.dylib at 0x000000018ad11000
x18=0x0000000000000000 is an unknown value
x19=0x0000000000000fc4 is an unknown value
x20=0x0000000000010000 is an unknown value
x21=0x000000016aefb000 is an unknown value
x22=0x000000000000dc00 is an unknown value
x23=0x0000000000000000 is an unknown value
x24=0x0000000000000000 is an unknown value
x25=0x0000000000000000 is an unknown value
x26=0x00000000000000b0 is an unknown value
x27=0x0000000000000000 is an unknown value
x28=0x000000013811f5d8 is an unknown value


Stack: [0x000000016aefc000,0x000000016cefc000],  sp=0x000000016cef43e0,  free space=32736k
Native frames: (J=compiled Java code, j=interpreted, Vv=VM code, C=native code)
C  [python3.11+0xec114]  PyUnicode_New+0x268
C  [python3.11+0xec5b4]  _PyUnicodeWriter_PrepareInternal+0x170
C  [python3.11+0xe9cf4]  unicode_decode_utf8+0x878
C  [python3.11+0x1a593c]  r_object+0x8c0
C  [python3.11+0x1a5298]  r_object+0x21c
C  [python3.11+0x1a544c]  r_object+0x3d0
C  [python3.11+0x1a5054]  read_object+0xb8
C  [python3.11+0x1a6f8c]  marshal_loads+0x1a4
C  [python3.11+0x160de0]  _PyEval_EvalFrameDefault+0xc730
C  [python3.11+0x164078]  _PyEval_Vector+0xb8
C  [python3.11+0x61b2c]  object_vacall+0x110
C  [python3.11+0x61954]  PyObject_CallMethodObjArgs+0x6c
C  [python3.11+0x193e08]  PyImport_ImportModuleLevelObject+0x6b4
C  [python3.11+0x14dce8]  builtin___import__+0x11c
C  [python3.11+0xb761c]  cfunction_vectorcall_FASTCALL_KEYWORDS+0xa8
C  [python3.11+0x161ddc]  _PyEval_EvalFrameDefault+0xd72c
C  [python3.11+0x164078]  _PyEval_Vector+0xb8
C  [python3.11+0x61b2c]  object_vacall+0x110
C  [python3.11+0x61954]  PyObject_CallMethodObjArgs+0x6c
C  [python3.11+0x193e8c]  PyImport_ImportModuleLevelObject+0x738
C  [python3.11+0x15c424]  _PyEval_EvalFrameDefault+0x7d74
C  [python3.11+0x15372c]  PyEval_EvalCode+0xdc
C  [python3.11+0x14f4d8]  builtin_exec+0x484
C  [python3.11+0xb761c]  cfunction_vectorcall_FASTCALL_KEYWORDS+0xa8
C  [python3.11+0x161ddc]  _PyEval_EvalFrameDefault+0xd72c
C  [python3.11+0x164078]  _PyEval_Vector+0xb8
C  [python3.11+0x61b2c]  object_vacall+0x110
C  [python3.11+0x61954]  PyObject_CallMethodObjArgs+0x6c
C  [python3.11+0x193e08]  PyImport_ImportModuleLevelObject+0x6b4
C  [python3.11+0x14dce8]  builtin___import__+0x11c
C  [python3.11+0xb761c]  cfunction_vectorcall_FASTCALL_KEYWORDS+0xa8
C  [python3.11+0x600e0]  PyObject_Vectorcall+0x4c
C  [python3.11+0x15febc]  _PyEval_EvalFrameDefault+0xb80c
C  [python3.11+0x164078]  _PyEval_Vector+0xb8
C  [python3.11+0x6328c]  method_vectorcall+0xac
C  [python3.11+0x604b4]  PyObject_CallOneArg+0x64
C  [python3.11+0xd9d70]  slot_tp_getattr_hook+0x230
C  [python3.11+0xbc33c]  _PyObject_LookupAttr+0x74
C  [python3.11+0x14f864]  builtin_hasattr+0x30
C  [python3.11+0x160f50]  _PyEval_EvalFrameDefault+0xc8a0
C  [python3.11+0x164078]  _PyEval_Vector+0xb8
C  [python3.11+0x61b2c]  object_vacall+0x110
C  [python3.11+0x61954]  PyObject_CallMethodObjArgs+0x6c
C  [python3.11+0x193e8c]  PyImport_ImportModuleLevelObject+0x738
C  [python3.11+0x15c424]  _PyEval_EvalFrameDefault+0x7d74
C  [python3.11+0x15372c]  PyEval_EvalCode+0xdc
C  [python3.11+0x14f4d8]  builtin_exec+0x484
C  [python3.11+0xb761c]  cfunction_vectorcall_FASTCALL_KEYWORDS+0xa8
C  [python3.11+0x161ddc]  _PyEval_EvalFrameDefault+0xd72c
C  [python3.11+0x164078]  _PyEval_Vector+0xb8
C  [python3.11+0x61b2c]  object_vacall+0x110
C  [python3.11+0x61954]  PyObject_CallMethodObjArgs+0x6c
C  [python3.11+0x193e08]  PyImport_ImportModuleLevelObject+0x6b4
C  [python3.11+0x14dce8]  builtin___import__+0x11c
C  [python3.11+0xb761c]  cfunction_vectorcall_FASTCALL_KEYWORDS+0xa8
C  [python3.11+0x161ddc]  _PyEval_EvalFrameDefault+0xd72c
C  [python3.11+0x164078]  _PyEval_Vector+0xb8
C  [python3.11+0x61b2c]  object_vacall+0x110
C  [python3.11+0x61954]  PyObject_CallMethodObjArgs+0x6c
C  [python3.11+0x193e8c]  PyImport_ImportModuleLevelObject+0x738
C  [python3.11+0x15c424]  _PyEval_EvalFrameDefault+0x7d74
C  [python3.11+0x15372c]  PyEval_EvalCode+0xdc
C  [python3.11+0x14f4d8]  builtin_exec+0x484
C  [python3.11+0xb761c]  cfunction_vectorcall_FASTCALL_KEYWORDS+0xa8
C  [python3.11+0x161ddc]  _PyEval_EvalFrameDefault+0xd72c
C  [python3.11+0x164078]  _PyEval_Vector+0xb8
C  [python3.11+0x61b2c]  object_vacall+0x110
C  [python3.11+0x61954]  PyObject_CallMethodObjArgs+0x6c
C  [python3.11+0x193e08]  PyImport_ImportModuleLevelObject+0x6b4
C  [python3.11+0x15c424]  _PyEval_EvalFrameDefault+0x7d74
C  [python3.11+0x15372c]  PyEval_EvalCode+0xdc
C  [python3.11+0x14f4d8]  builtin_exec+0x484
C  [python3.11+0xb761c]  cfunction_vectorcall_FASTCALL_KEYWORDS+0xa8
C  [python3.11+0x161ddc]  _PyEval_EvalFrameDefault+0xd72c
C  [python3.11+0x164078]  _PyEval_Vector+0xb8
C  [python3.11+0x61b2c]  object_vacall+0x110
C  [python3.11+0x61954]  PyObject_CallMethodObjArgs+0x6c
C  [python3.11+0x193e08]  PyImport_ImportModuleLevelObject+0x6b4
C  [python3.11+0x15c424]  _PyEval_EvalFrameDefault+0x7d74
C  [python3.11+0x15372c]  PyEval_EvalCode+0xdc
C  [python3.11+0x14f4d8]  builtin_exec+0x484
C  [python3.11+0xb761c]  cfunction_vectorcall_FASTCALL_KEYWORDS+0xa8
C  [python3.11+0x161ddc]  _PyEval_EvalFrameDefault+0xd72c
C  [python3.11+0x164078]  _PyEval_Vector+0xb8
C  [python3.11+0x61b2c]  object_vacall+0x110
C  [python3.11+0x61954]  PyObject_CallMethodObjArgs+0x6c
C  [python3.11+0x193e08]  PyImport_ImportModuleLevelObject+0x6b4
C  [python3.11+0x15c424]  _PyEval_EvalFrameDefault+0x7d74
C  [python3.11+0x15372c]  PyEval_EvalCode+0xdc
C  [python3.11+0x14f4d8]  builtin_exec+0x484
C  [python3.11+0xb761c]  cfunction_vectorcall_FASTCALL_KEYWORDS+0xa8
C  [python3.11+0x161ddc]  _PyEval_EvalFrameDefault+0xd72c
C  [python3.11+0x164078]  _PyEval_Vector+0xb8
C  [python3.11+0x61b2c]  object_vacall+0x110
C  [python3.11+0x61954]  PyObject_CallMethodObjArgs+0x6c
C  [python3.11+0x193e08]  PyImport_ImportModuleLevelObject+0x6b4
C  [python3.11+0x15c424]  _PyEval_EvalFrameDefault+0x7d74
C  [python3.11+0x15372c]  PyEval_EvalCode+0xdc
C  [python3.11+0x14f4d8]  builtin_exec+0x484
C  [python3.11+0xb761c]  cfunction_vectorcall_FASTCALL_KEYWORDS+0xa8
...<more frames>...


---------------  P R O C E S S  ---------------

Java Threads: ( => current thread )
  0x000000016ab9c000 JavaThread "Service Thread" daemon [_thread_blocked, id=21763, stack(0x000000032c330000,0x000000032c533000)]
  0x0000000117b46800 JavaThread "C1 CompilerThread3" daemon [_thread_blocked, id=18179, stack(0x000000032c124000,0x000000032c327000)]
  0x0000000117b46000 JavaThread "C2 CompilerThread2" daemon [_thread_blocked, id=18947, stack(0x000000032bf18000,0x000000032c11b000)]
  0x000000016ab69000 JavaThread "C2 CompilerThread1" daemon [_thread_blocked, id=19459, stack(0x0000000324d28000,0x0000000324f2b000)]
  0x000000016ab66800 JavaThread "C2 CompilerThread0" daemon [_thread_blocked, id=17667, stack(0x0000000324b1c000,0x0000000324d1f000)]
  0x0000000117b3a000 JavaThread "Signal Dispatcher" daemon [_thread_blocked, id=19971, stack(0x0000000324910000,0x0000000324b13000)]
  0x000000014784f000 JavaThread "Finalizer" daemon [_thread_blocked, id=13315, stack(0x0000000324704000,0x0000000324907000)]
  0x0000000137a21800 JavaThread "Reference Handler" daemon [_thread_blocked, id=13827, stack(0x00000003244f8000,0x00000003246fb000)]
=>0x0000000147844000 JavaThread "main" [_thread_in_native, id=259, stack(0x000000016aefc000,0x000000016cefc000)]

Other Threads:
  0x000000016ab65000 VMThread [stack: 0x00000003242ec000,0x00000003244ef000] [id=12035]
  0x0000000137a25800 WatcherThread [stack: 0x000000032c53c000,0x000000032c73f000] [id=32259]

VM state:not at safepoint (normal execution)

VM Mutex/Monitor currently owned by a thread: None

heap address: 0x00000005c0000000, size: 8192 MB, Compressed Oops mode: Zero based, Oop shift amount: 3
Narrow klass base: 0x0000000800000000, Narrow klass shift: 0
Compressed class space size: 1073741824 Address: 0x0000000800000000

Heap:
 PSYoungGen      total 153088K, used 52635K [0x0000000715580000, 0x0000000720000000, 0x00000007c0000000)
  eden space 131584K, 40% used [0x0000000715580000,0x00000007188e6c50,0x000000071d600000)
  from space 21504K, 0% used [0x000000071eb00000,0x000000071eb00000,0x0000000720000000)
  to   space 21504K, 0% used [0x000000071d600000,0x000000071d600000,0x000000071eb00000)
 ParOldGen       total 349696K, used 0K [0x00000005c0000000, 0x00000005d5580000, 0x0000000715580000)
  object space 349696K, 0% used [0x00000005c0000000,0x00000005c0000000,0x00000005d5580000)
 Metaspace       used 15886K, capacity 16679K, committed 16768K, reserved 1062912K
  class space    used 2381K, capacity 2898K, committed 2944K, reserved 1048576K

Card table byte_map: [0x0000000310000000,0x0000000311004000] byte_map_base: 0x000000030d200000

Marking Bits: (ParMarkBitMap*) 0x000000014a77a1a8
 Begin Bits: [0x0000000312904000, 0x000000031a904000)
 End Bits:   [0x000000031a904000, 0x0000000322904000)

Polling page: 0x00000001038a8000

CodeCache: size=131072Kb used=3811Kb max_used=3811Kb free=127260Kb
 bounds [0x0000000308000000, 0x00000003083c0000, 0x0000000310000000]
 total_blobs=1447 nmethods=954 adapters=410
 compilation: enabled

Compilation events (10 events):
Event: 0.455 Thread 0x0000000117b46800  950       1       sun.nio.cs.UTF_8::historicalName (3 bytes)
Event: 0.455 Thread 0x0000000117b46800 nmethod 950 0x00000003083ae8d0 code [0x00000003083aea40, 0x00000003083aeb10]
Event: 0.463 Thread 0x000000016ab66800  951       4       java.lang.String::concat (47 bytes)
Event: 0.464 Thread 0x0000000117b46000  952       4       sun.misc.URLClassPath::getResource (83 bytes)
Event: 0.464 Thread 0x0000000117b46800  953       1       java.lang.StringCoding$StringEncoder::requestedCharsetName (5 bytes)
Event: 0.464 Thread 0x0000000117b46800 nmethod 953 0x00000003083aca10 code [0x00000003083acb40, 0x00000003083acbd0]
Event: 0.464 Thread 0x0000000117b46800  954       3       java.util.regex.Pattern::sequence (553 bytes)
Event: 0.465 Thread 0x0000000117b46000 nmethod 952 0x00000003083b8bd0 code [0x00000003083b8d40, 0x00000003083b9060]
Event: 0.465 Thread 0x000000016ab66800 nmethod 951 0x00000003083b5210 code [0x00000003083b5380, 0x00000003083b57d0]
Event: 0.466 Thread 0x0000000117b46800 nmethod 954 0x00000003083b9250 code [0x00000003083b9980, 0x00000003083bc870]

GC Heap History (0 events):
No events

Deoptimization events (1 events):
Event: 0.206 Thread 0x0000000147844000 Uncommon trap: reason=unstable_if action=reinterpret pc=0x0000000308200f94 method=java.lang.CharacterData.of(I)Ljava/lang/CharacterData; @ 4

Classes redefined (0 events):
No events

Internal exceptions (8 events):
Event: 0.023 Thread 0x0000000147844000 Exception <a 'java/lang/NoSuchMethodError': Method sun.misc.Unsafe.defineClass(Ljava/lang/String;[BII)Ljava/lang/Class; name or signature does not match> (0x0000000715587ce0) thrown at [/Users/tester/jenkins/blue/workspace/Zulu/zulu-platform-build/zulu-sr
Event: 0.023 Thread 0x0000000147844000 Exception <a 'java/lang/NoSuchMethodError': Method sun.misc.Unsafe.prefetchRead(Ljava/lang/Object;J)V name or signature does not match> (0x0000000715587fc8) thrown at [/Users/tester/jenkins/blue/workspace/Zulu/zulu-platform-build/zulu-src.git/hotspot/src/
Event: 0.098 Thread 0x0000000147844000 Exception <a 'java/lang/NoSuchFieldError': method resolution failed> (0x0000000715ae85b0) thrown at [/Users/tester/jenkins/blue/workspace/Zulu/zulu-platform-build/zulu-src.git/hotspot/src/share/vm/prims/methodHandles.cpp, line 1194]
Event: 0.099 Thread 0x0000000147844000 Exception <a 'java/lang/NoSuchFieldError': method resolution failed> (0x0000000715af59e0) thrown at [/Users/tester/jenkins/blue/workspace/Zulu/zulu-platform-build/zulu-src.git/hotspot/src/share/vm/prims/methodHandles.cpp, line 1194]
Event: 0.128 Thread 0x0000000147844000 Exception <a 'java/security/PrivilegedActionException'> (0x0000000715d0bed8) thrown at [/Users/tester/jenkins/blue/workspace/Zulu/zulu-platform-build/zulu-src.git/hotspot/src/share/vm/prims/jvm.cpp, line 1514]
Event: 0.128 Thread 0x0000000147844000 Exception <a 'java/security/PrivilegedActionException'> (0x0000000715d0c2d0) thrown at [/Users/tester/jenkins/blue/workspace/Zulu/zulu-platform-build/zulu-src.git/hotspot/src/share/vm/prims/jvm.cpp, line 1514]
Event: 0.128 Thread 0x0000000147844000 Exception <a 'java/security/PrivilegedActionException'> (0x0000000715d0f7f0) thrown at [/Users/tester/jenkins/blue/workspace/Zulu/zulu-platform-build/zulu-src.git/hotspot/src/share/vm/prims/jvm.cpp, line 1514]
Event: 0.128 Thread 0x0000000147844000 Exception <a 'java/security/PrivilegedActionException'> (0x0000000715d0fbe8) thrown at [/Users/tester/jenkins/blue/workspace/Zulu/zulu-platform-build/zulu-src.git/hotspot/src/share/vm/prims/jvm.cpp, line 1514]

Events (10 events):
Event: 0.464 loading class org/orekit/utils/StateJacobian
Event: 0.464 loading class org/orekit/utils/StateJacobian done
Event: 0.464 loading class org/orekit/utils/PythonTimeStampedCache
Event: 0.464 loading class org/orekit/utils/PythonTimeStampedCache done
Event: 0.464 loading class org/orekit/utils/PythonTimeStampedGenerator
Event: 0.464 loading class org/orekit/utils/PythonTimeStampedGenerator done
Event: 0.464 loading class org/orekit/data/ZipJarCrawler
Event: 0.464 loading class org/orekit/data/ZipJarCrawler done
Event: 0.464 loading class org/orekit/data/ZipJarCrawler$Archive$EntryStream
Event: 0.464 loading class org/orekit/data/ZipJarCrawler$Archive$EntryStream done


Dynamic libraries:
0x0000000197b80000 	/usr/lib/libSystem.B.dylib
0x0000000197b7a000 	/usr/lib/system/libcache.dylib
0x0000000197b34000 	/usr/lib/system/libcommonCrypto.dylib
0x0000000197b60000 	/usr/lib/system/libcompiler_rt.dylib
0x0000000197b56000 	/usr/lib/system/libcopyfile.dylib
0x000000018ac68000 	/usr/lib/system/libcorecrypto.dylib
0x000000018ad4e000 	/usr/lib/system/libdispatch.dylib
0x000000018af09000 	/usr/lib/system/libdyld.dylib
0x0000000197b70000 	/usr/lib/system/libkeymgr.dylib
0x0000000197b0c000 	/usr/lib/system/libmacho.dylib
0x0000000196fec000 	/usr/lib/system/libquarantine.dylib
0x0000000197b6d000 	/usr/lib/system/libremovefile.dylib
0x0000000190684000 	/usr/lib/system/libsystem_asl.dylib
0x000000018abfd000 	/usr/lib/system/libsystem_blocks.dylib
0x000000018ad99000 	/usr/lib/system/libsystem_c.dylib
0x0000000197b64000 	/usr/lib/system/libsystem_collections.dylib
0x00000001961c4000 	/usr/lib/system/libsystem_configuration.dylib
0x0000000195200000 	/usr/lib/system/libsystem_containermanager.dylib
0x00000001977a3000 	/usr/lib/system/libsystem_coreservices.dylib
0x000000018e327000 	/usr/lib/system/libsystem_darwin.dylib
0x000000025336e000 	/usr/lib/system/libsystem_darwindirectory.dylib
0x0000000197b71000 	/usr/lib/system/libsystem_dnssd.dylib
0x0000000253372000 	/usr/lib/system/libsystem_eligibility.dylib
0x000000018ad96000 	/usr/lib/system/libsystem_featureflags.dylib
0x000000018af37000 	/usr/lib/system/libsystem_info.dylib
0x0000000197ad1000 	/usr/lib/system/libsystem_m.dylib
0x000000018ad11000 	/usr/lib/system/libsystem_malloc.dylib
0x00000001905f1000 	/usr/lib/system/libsystem_networkextension.dylib
0x000000018e79d000 	/usr/lib/system/libsystem_notify.dylib
0x00000001961c9000 	/usr/lib/system/libsystem_sandbox.dylib
0x0000000253376000 	/usr/lib/system/libsystem_sanitizers.dylib
0x0000000197b69000 	/usr/lib/system/libsystem_secinit.dylib
0x000000018aec1000 	/usr/lib/system/libsystem_kernel.dylib
0x000000018af2f000 	/usr/lib/system/libsystem_platform.dylib
0x000000018aefc000 	/usr/lib/system/libsystem_pthread.dylib
0x0000000192074000 	/usr/lib/system/libsystem_symptoms.dylib
0x000000018ac4d000 	/usr/lib/system/libsystem_trace.dylib
0x0000000197b42000 	/usr/lib/system/libunwind.dylib
0x000000018ac02000 	/usr/lib/system/libxpc.dylib
0x000000018aea5000 	/usr/lib/libc++abi.dylib
0x000000018ab24000 	/usr/lib/libobjc.A.dylib
0x0000000197b4e000 	/usr/lib/liboah.dylib
0x000000018ae18000 	/usr/lib/libc++.1.dylib
0x0000000103714000 	/Users/charlesc/anaconda3/envs/erp_tools_env/lib/python3.11/lib-dynload/math.cpython-311-darwin.so
0x0000000103750000 	/Users/charlesc/anaconda3/envs/erp_tools_env/lib/python3.11/lib-dynload/_datetime.cpython-311-darwin.so
0x0000000103c8c000 	/Users/charlesc/anaconda3/envs/erp_tools_env/lib/python3.11/site-packages/numpy/core/_multiarray_umath.cpython-311-darwin.so
0x00000001055d4000 	/Users/charlesc/anaconda3/envs/erp_tools_env/lib/python3.11/site-packages/numpy/.dylibs/libopenblas64_.0.dylib
0x000000010433c000 	/Users/charlesc/anaconda3/envs/erp_tools_env/lib/python3.11/site-packages/numpy/.dylibs/libgfortran.5.dylib
0x0000000103984000 	/Users/charlesc/anaconda3/envs/erp_tools_env/lib/python3.11/site-packages/numpy/.dylibs/libquadmath.0.dylib
0x000000010372c000 	/Users/charlesc/anaconda3/envs/erp_tools_env/lib/python3.11/site-packages/numpy/.dylibs/libgcc_s.1.1.dylib
0x0000000103874000 	/Users/charlesc/anaconda3/envs/erp_tools_env/lib/python3.11/lib-dynload/_struct.cpython-311-darwin.so
0x00000001038b0000 	/Users/charlesc/anaconda3/envs/erp_tools_env/lib/python3.11/lib-dynload/_pickle.cpython-311-darwin.so
0x0000000103888000 	/Users/charlesc/anaconda3/envs/erp_tools_env/lib/python3.11/lib-dynload/_contextvars.cpython-311-darwin.so
0x0000000103be0000 	/Users/charlesc/anaconda3/envs/erp_tools_env/lib/python3.11/site-packages/numpy/core/_multiarray_tests.cpython-311-darwin.so
0x0000000103c28000 	/Users/charlesc/anaconda3/envs/erp_tools_env/lib/python3.11/lib-dynload/_ctypes.cpython-311-darwin.so
0x0000000103c00000 	/Users/charlesc/anaconda3/envs/erp_tools_env/lib/libffi.8.dylib
0x0000000103898000 	/Users/charlesc/anaconda3/envs/erp_tools_env/lib/python3.11/lib-dynload/_typing.cpython-311-darwin.so
0x00000001040b4000 	/Users/charlesc/anaconda3/envs/erp_tools_env/lib/python3.11/site-packages/numpy/linalg/_umath_linalg.cpython-311-darwin.so
0x0000000103c50000 	/Users/charlesc/anaconda3/envs/erp_tools_env/lib/python3.11/site-packages/numpy/fft/_pocketfft_internal.cpython-311-darwin.so
0x000000010428c000 	/Users/charlesc/anaconda3/envs/erp_tools_env/lib/python3.11/site-packages/numpy/random/mtrand.cpython-311-darwin.so
0x0000000104214000 	/Users/charlesc/anaconda3/envs/erp_tools_env/lib/python3.11/site-packages/numpy/random/bit_generator.cpython-311-darwin.so
0x00000001046c4000 	/Users/charlesc/anaconda3/envs/erp_tools_env/lib/python3.11/site-packages/numpy/random/_common.cpython-311-darwin.so
0x00000001038d8000 	/Users/charlesc/anaconda3/envs/erp_tools_env/lib/python3.11/lib-dynload/binascii.cpython-311-darwin.so
0x00000001041e0000 	/Users/charlesc/anaconda3/envs/erp_tools_env/lib/libz.1.2.13.dylib
0x0000000103c6c000 	/Users/charlesc/anaconda3/envs/erp_tools_env/lib/python3.11/lib-dynload/_hashlib.cpython-311-darwin.so
0x0000000104b3c000 	/Users/charlesc/anaconda3/envs/erp_tools_env/lib/libcrypto.3.dylib
0x0000000104200000 	/Users/charlesc/anaconda3/envs/erp_tools_env/lib/python3.11/lib-dynload/_blake2.cpython-311-darwin.so
0x0000000104248000 	/Users/charlesc/anaconda3/envs/erp_tools_env/lib/python3.11/lib-dynload/_bisect.cpython-311-darwin.so
0x0000000104258000 	/Users/charlesc/anaconda3/envs/erp_tools_env/lib/python3.11/lib-dynload/_random.cpython-311-darwin.so
0x0000000104268000 	/Users/charlesc/anaconda3/envs/erp_tools_env/lib/python3.11/lib-dynload/_sha512.cpython-311-darwin.so
0x0000000104860000 	/Users/charlesc/anaconda3/envs/erp_tools_env/lib/python3.11/site-packages/numpy/random/_bounded_integers.cpython-311-darwin.so
0x0000000104820000 	/Users/charlesc/anaconda3/envs/erp_tools_env/lib/python3.11/site-packages/numpy/random/_mt19937.cpython-311-darwin.so
0x000000010483c000 	/Users/charlesc/anaconda3/envs/erp_tools_env/lib/python3.11/site-packages/numpy/random/_philox.cpython-311-darwin.so
0x00000001048dc000 	/Users/charlesc/anaconda3/envs/erp_tools_env/lib/python3.11/site-packages/numpy/random/_pcg64.cpython-311-darwin.so
0x0000000104804000 	/Users/charlesc/anaconda3/envs/erp_tools_env/lib/python3.11/site-packages/numpy/random/_sfc64.cpython-311-darwin.so
0x00000001049c8000 	/Users/charlesc/anaconda3/envs/erp_tools_env/lib/python3.11/site-packages/numpy/random/_generator.cpython-311-darwin.so
0x000000010427c000 	/Users/charlesc/anaconda3/envs/erp_tools_env/lib/python3.11/lib-dynload/_opcode.cpython-311-darwin.so
0x00000001048bc000 	/Users/charlesc/anaconda3/envs/erp_tools_env/lib/python3.11/lib-dynload/_bz2.cpython-311-darwin.so
0x000000010491c000 	/Users/charlesc/anaconda3/envs/erp_tools_env/lib/libbz2.1.0.8.dylib
0x00000001048fc000 	/Users/charlesc/anaconda3/envs/erp_tools_env/lib/python3.11/lib-dynload/_lzma.cpython-311-darwin.so
0x0000000104974000 	/Users/charlesc/anaconda3/envs/erp_tools_env/lib/liblzma.5.dylib
0x0000000106bfc000 	/Users/charlesc/anaconda3/envs/erp_tools_env/lib/python3.11/site-packages/pyarrow/lib.cpython-311-darwin.so
0x0000000105254000 	/Users/charlesc/anaconda3/envs/erp_tools_env/lib/python3.11/site-packages/pyarrow/libarrow_python.dylib
0x000000014417c000 	/Users/charlesc/anaconda3/envs/erp_tools_env/lib/libarrow.1400.2.0.dylib
0x0000000105430000 	/Users/charlesc/anaconda3/envs/erp_tools_env/lib/libc++.1.0.dylib
0x0000000116000000 	/Users/charlesc/anaconda3/envs/erp_tools_env/lib/libparquet.1400.2.0.dylib
0x0000000105078000 	/Users/charlesc/anaconda3/envs/erp_tools_env/lib/libthrift.0.15.0.dylib
0x0000000105118000 	/Users/charlesc/anaconda3/envs/erp_tools_env/lib/libbrotlienc.1.0.9.dylib
0x0000000104958000 	/Users/charlesc/anaconda3/envs/erp_tools_env/lib/libbrotlidec.1.0.9.dylib
0x00000001070c8000 	/Users/charlesc/anaconda3/envs/erp_tools_env/lib/liborc.dylib
0x0000000104ac4000 	/Users/charlesc/anaconda3/envs/erp_tools_env/lib/libglog.0.5.0.dylib
0x0000000105550000 	/Users/charlesc/anaconda3/envs/erp_tools_env/lib/libutf8proc.2.dylib
0x00000001051f4000 	/Users/charlesc/anaconda3/envs/erp_tools_env/lib/liblz4.1.9.4.dylib
0x000000010493c000 	/Users/charlesc/anaconda3/envs/erp_tools_env/lib/libsnappy.1.1.10.dylib
0x00000001071d8000 	/Users/charlesc/anaconda3/envs/erp_tools_env/lib/libzstd.1.5.5.dylib
0x0000000104b08000 	/Users/charlesc/anaconda3/envs/erp_tools_env/lib/libaws-cpp-sdk-identity-management.dylib
0x0000000116774000 	/Users/charlesc/anaconda3/envs/erp_tools_env/lib/libaws-cpp-sdk-s3.dylib
0x00000001073f4000 	/Users/charlesc/anaconda3/envs/erp_tools_env/lib/libaws-cpp-sdk-core.dylib
0x0000000107020000 	/Users/charlesc/anaconda3/envs/erp_tools_env/lib/libre2.9.0.0.dylib
0x0000000107328000 	/Users/charlesc/anaconda3/envs/erp_tools_env/lib/libaws-crt-cpp.dylib
0x00000001051bc000 	/Users/charlesc/anaconda3/envs/erp_tools_env/lib/libbrotlicommon.1.0.9.dylib
0x0000000116b44000 	/Users/charlesc/anaconda3/envs/erp_tools_env/lib/libprotobuf.31.dylib
0x0000000106fb8000 	/Users/charlesc/anaconda3/envs/erp_tools_env/lib/libgflags.2.2.2.dylib
0x0000000116498000 	/Users/charlesc/anaconda3/envs/erp_tools_env/lib/libaws-cpp-sdk-cognito-identity.dylib
0x0000000107540000 	/Users/charlesc/anaconda3/envs/erp_tools_env/lib/libaws-cpp-sdk-sts.dylib
0x000000011658c000 	/Users/charlesc/anaconda3/envs/erp_tools_env/lib/libcurl.4.dylib
0x000000010522c000 	/Users/charlesc/anaconda3/envs/erp_tools_env/lib/libaws-c-event-stream.1.0.0.dylib
0x0000000104a94000 	/Users/charlesc/anaconda3/envs/erp_tools_env/lib/libaws-checksums.1.0.0.dylib
0x00000001072a8000 	/Users/charlesc/anaconda3/envs/erp_tools_env/lib/libaws-c-common.1.0.0.dylib
0x0000000107088000 	/Users/charlesc/anaconda3/envs/erp_tools_env/lib/libnghttp2.14.dylib
0x00000001075ac000 	/Users/charlesc/anaconda3/envs/erp_tools_env/lib/libssh2.1.0.1.dylib
0x0000000116638000 	/Users/charlesc/anaconda3/envs/erp_tools_env/lib/libssl.3.dylib
0x00000001163f8000 	/Users/charlesc/anaconda3/envs/erp_tools_env/lib/libgssapi_krb5.2.2.dylib
0x000000018af64000 	/System/Library/Frameworks/CoreFoundation.framework/Versions/A/CoreFoundation
0x000000018e638000 	/System/Library/PrivateFrameworks/CoreServicesInternal.framework/Versions/A/CoreServicesInternal
0x000000018c0b9000 	/System/Library/Frameworks/Foundation.framework/Versions/C/Foundation
0x0000000197b82000 	/usr/lib/libfakelink.dylib
0x000000018e060000 	/usr/lib/libicucore.A.dylib
0x0000000197b86000 	/System/Library/PrivateFrameworks/SoftLinking.framework/Versions/A/SoftLinking
0x000000018e6ba000 	/System/Library/Frameworks/IOKit.framework/Versions/A/IOKit
0x000000019f20e000 	/System/Library/Frameworks/CoreServices.framework/Versions/A/CoreServices
0x0000000192cf9000 	/usr/lib/libDiagnosticMessagesClient.dylib
0x000000019060c000 	/usr/lib/libenergytrace.dylib
0x0000000197013000 	/usr/lib/libbsm.0.dylib
0x0000000197ac2000 	/usr/lib/libz.1.dylib
0x0000000197b14000 	/usr/lib/system/libkxld.dylib
0x000000019021d000 	/System/Library/Frameworks/CFNetwork.framework/Versions/A/CFNetwork
0x000000019386c000 	/System/Library/Frameworks/CoreServices.framework/Versions/A/Frameworks/FSEvents.framework/Versions/A/FSEvents
0x000000018e332000 	/System/Library/Frameworks/CoreServices.framework/Versions/A/Frameworks/CarbonCore.framework/Versions/A/CarbonCore
0x0000000192d42000 	/System/Library/Frameworks/CoreServices.framework/Versions/A/Frameworks/Metadata.framework/Versions/A/Metadata
0x00000001977a9000 	/System/Library/Frameworks/CoreServices.framework/Versions/A/Frameworks/OSServices.framework/Versions/A/OSServices
0x0000000197c5f000 	/System/Library/Frameworks/CoreServices.framework/Versions/A/Frameworks/SearchKit.framework/Versions/A/SearchKit
0x0000000191ff5000 	/System/Library/Frameworks/CoreServices.framework/Versions/A/Frameworks/AE.framework/Versions/A/AE
0x000000018b43d000 	/System/Library/Frameworks/CoreServices.framework/Versions/A/Frameworks/LaunchServices.framework/Versions/A/LaunchServices
0x0000000198f85000 	/System/Library/Frameworks/CoreServices.framework/Versions/A/Frameworks/DictionaryServices.framework/Versions/A/DictionaryServices
0x0000000193879000 	/System/Library/Frameworks/CoreServices.framework/Versions/A/Frameworks/SharedFileList.framework/Versions/A/SharedFileList
0x000000018dc8d000 	/System/Library/Frameworks/Security.framework/Versions/A/Security
0x000000018bd39000 	/System/Library/Frameworks/SystemConfiguration.framework/Versions/A/SystemConfiguration
0x0000000197cff000 	/usr/lib/libapple_nghttp2.dylib
0x0000000197d35000 	/usr/lib/libcompression.dylib
0x0000000191c69000 	/usr/lib/libsqlite3.dylib
0x000000019207d000 	/System/Library/Frameworks/Network.framework/Versions/A/Network
0x0000000251a32000 	/usr/lib/libCoreEntitlements.dylib
0x0000000237ff1000 	/System/Library/PrivateFrameworks/MessageSecurity.framework/Versions/A/MessageSecurity
0x0000000191c4f000 	/System/Library/PrivateFrameworks/ProtocolBuffer.framework/Versions/A/ProtocolBuffer
0x000000019060e000 	/usr/lib/libMobileGestalt.dylib
0x00000001976d2000 	/System/Library/PrivateFrameworks/AppleFSCompression.framework/Versions/A/AppleFSCompression
0x0000000196ffb000 	/usr/lib/libcoretls.dylib
0x0000000198ffb000 	/usr/lib/libcoretls_cfhelpers.dylib
0x0000000197d2f000 	/usr/lib/libpam.2.dylib
0x000000019906d000 	/usr/lib/libxar.1.dylib
0x00000001938ab000 	/System/Library/PrivateFrameworks/CoreAutoLayout.framework/Versions/A/CoreAutoLayout
0x0000000192ddd000 	/System/Library/Frameworks/DiskArbitration.framework/Versions/A/DiskArbitration
0x0000000197bd6000 	/usr/lib/libarchive.2.dylib
0x00000001938f5000 	/usr/lib/libxml2.2.dylib
0x00000001961d5000 	/usr/lib/liblangid.dylib
0x000000019d10c000 	/System/Library/Frameworks/Combine.framework/Versions/A/Combine
0x0000000226737000 	/System/Library/PrivateFrameworks/CollectionsInternal.framework/Versions/A/CollectionsInternal
0x000000023d0e7000 	/System/Library/PrivateFrameworks/ReflectionInternal.framework/Versions/A/ReflectionInternal
0x000000023d679000 	/System/Library/PrivateFrameworks/RuntimeInternal.framework/Versions/A/RuntimeInternal
0x000000019abcc000 	/usr/lib/swift/libswiftCore.dylib
0x00000001b08cb000 	/usr/lib/swift/libswiftCoreFoundation.dylib
0x00000001ae33b000 	/usr/lib/swift/libswiftDarwin.dylib
0x00000001a087e000 	/usr/lib/swift/libswiftDispatch.dylib
0x00000001b0916000 	/usr/lib/swift/libswiftIOKit.dylib
0x00000001a30f3000 	/usr/lib/swift/libswiftObjectiveC.dylib
0x00000001b08dd000 	/usr/lib/swift/libswiftXPC.dylib
0x0000000253021000 	/usr/lib/swift/libswift_Concurrency.dylib
0x0000000253175000 	/usr/lib/swift/libswift_StringProcessing.dylib
0x00000001a30f7000 	/usr/lib/swift/libswiftos.dylib
0x00000001961d1000 	/System/Library/PrivateFrameworks/AppleSystemInfo.framework/Versions/A/AppleSystemInfo
0x0000000197b87000 	/usr/lib/libpcap.A.dylib
0x0000000192069000 	/usr/lib/libdns_services.dylib
0x000000019021c000 	/usr/lib/libnetwork.dylib
0x0000000196cf9000 	/System/Library/PrivateFrameworks/IOMobileFramebuffer.framework/Versions/A/IOMobileFramebuffer
0x000000019522b000 	/System/Library/Frameworks/IOSurface.framework/Versions/A/IOSurface
0x0000000198fdc000 	/usr/lib/liblzma.5.dylib
0x00000002530cc000 	/usr/lib/swift/libswift_RegexParser.dylib
0x0000000197796000 	/usr/lib/libbz2.1.0.dylib
0x0000000197bbd000 	/usr/lib/libiconv.2.dylib
0x0000000197b08000 	/usr/lib/libcharset.1.dylib
0x000000019945b000 	/usr/lib/libheimdal-asn1.dylib
0x0000000196fef000 	/usr/lib/libCheckFix.dylib
0x000000019069c000 	/System/Library/PrivateFrameworks/TCC.framework/Versions/A/TCC
0x00000001961d7000 	/System/Library/PrivateFrameworks/CoreNLP.framework/Versions/A/CoreNLP
0x0000000192cfb000 	/System/Library/PrivateFrameworks/MetadataUtilities.framework/Versions/A/MetadataUtilities
0x000000019f4d3000 	/System/Library/Frameworks/Accelerate.framework/Versions/A/Accelerate
0x0000000197025000 	/usr/lib/libmecab.dylib
0x000000018bdcd000 	/usr/lib/libCRFSuite.dylib
0x0000000197081000 	/usr/lib/libgermantok.dylib
0x0000000197cd6000 	/usr/lib/libThaiTokenizer.dylib
0x0000000192de6000 	/System/Library/Frameworks/Accelerate.framework/Versions/A/Frameworks/vImage.framework/Versions/A/vImage
0x000000019f1e5000 	/System/Library/Frameworks/Accelerate.framework/Versions/A/Frameworks/vecLib.framework/Versions/A/vecLib
0x00000001990b4000 	/System/Library/Frameworks/Accelerate.framework/Versions/A/Frameworks/vecLib.framework/Versions/A/libvMisc.dylib
0x0000000196bd4000 	/System/Library/Frameworks/Accelerate.framework/Versions/A/Frameworks/vecLib.framework/Versions/A/libvDSP.dylib
0x000000018b844000 	/System/Library/Frameworks/Accelerate.framework/Versions/A/Frameworks/vecLib.framework/Versions/A/libBLAS.dylib
0x0000000197e0a000 	/System/Library/Frameworks/Accelerate.framework/Versions/A/Frameworks/vecLib.framework/Versions/A/libLAPACK.dylib
0x0000000197084000 	/System/Library/Frameworks/Accelerate.framework/Versions/A/Frameworks/vecLib.framework/Versions/A/libLinearAlgebra.dylib
0x0000000197d1a000 	/System/Library/Frameworks/Accelerate.framework/Versions/A/Frameworks/vecLib.framework/Versions/A/libSparseBLAS.dylib
0x0000000197e05000 	/System/Library/Frameworks/Accelerate.framework/Versions/A/Frameworks/vecLib.framework/Versions/A/libQuadrature.dylib
0x0000000196300000 	/System/Library/Frameworks/Accelerate.framework/Versions/A/Frameworks/vecLib.framework/Versions/A/libBNNS.dylib
0x000000018bcd2000 	/System/Library/Frameworks/Accelerate.framework/Versions/A/Frameworks/vecLib.framework/Versions/A/libSparse.dylib
0x0000000236740000 	/System/Library/PrivateFrameworks/MIL.framework/Versions/A/MIL
0x000000019384c000 	/System/Library/Frameworks/OpenDirectory.framework/Versions/A/Frameworks/CFOpenDirectory.framework/Versions/A/CFOpenDirectory
0x000000019383c000 	/System/Library/Frameworks/OpenDirectory.framework/Versions/A/OpenDirectory
0x0000000198ffd000 	/System/Library/PrivateFrameworks/APFS.framework/Versions/A/APFS
0x0000000196f2b000 	/System/Library/Frameworks/SecurityFoundation.framework/Versions/A/SecurityFoundation
0x000000019907c000 	/usr/lib/libutil.dylib
0x00000002348a1000 	/System/Library/PrivateFrameworks/InstalledContentLibrary.framework/Versions/A/InstalledContentLibrary
0x000000018e679000 	/System/Library/PrivateFrameworks/CoreServicesStore.framework/Versions/A/CoreServicesStore
0x00000001938a4000 	/usr/lib/libapp_launch_measurement.dylib
0x0000000223ee4000 	/System/Library/PrivateFrameworks/AppleMobileFileIntegrity.framework/Versions/A/AppleMobileFileIntegrity
0x00000001b0899000 	/usr/lib/libmis.dylib
0x00000001c0f8b000 	/System/Library/PrivateFrameworks/MobileSystemServices.framework/Versions/A/MobileSystemServices
0x00000001defed000 	/System/Library/PrivateFrameworks/ConfigProfileHelper.framework/Versions/A/ConfigProfileHelper
0x0000000192cca000 	/System/Library/PrivateFrameworks/CoreAnalytics.framework/Versions/A/CoreAnalytics
0x0000000197cd8000 	/System/Library/PrivateFrameworks/AppleSauce.framework/Versions/A/AppleSauce
0x000000018cd17000 	/System/Library/PrivateFrameworks/LanguageModeling.framework/Versions/A/LanguageModeling
0x0000000199080000 	/usr/lib/libxslt.1.dylib
0x0000000197bc4000 	/usr/lib/libcmph.dylib
0x0000000196cc5000 	/System/Library/PrivateFrameworks/CoreEmoji.framework/Versions/A/CoreEmoji
0x00000001962fa000 	/System/Library/PrivateFrameworks/LinguisticData.framework/Versions/A/LinguisticData
0x000000018bbe0000 	/System/Library/PrivateFrameworks/Lexicon.framework/Versions/A/Lexicon
0x0000000196fb9000 	/System/Library/PrivateFrameworks/BackgroundTaskManagement.framework/Versions/A/BackgroundTaskManagement
0x0000000251c1c000 	/usr/lib/libTLE.dylib
0x0000000116ed4000 	/Users/charlesc/anaconda3/envs/erp_tools_env/lib/libkrb5.3.3.dylib
0x0000000106fe4000 	/Users/charlesc/anaconda3/envs/erp_tools_env/lib/libk5crypto.3.1.dylib
0x00000001049ac000 	/Users/charlesc/anaconda3/envs/erp_tools_env/lib/libcom_err.3.0.dylib
0x00000001055b4000 	/Users/charlesc/anaconda3/envs/erp_tools_env/lib/libkrb5support.1.1.dylib
0x000000019b4dd000 	/usr/lib/libresolv.9.dylib
0x00000001073a8000 	/Users/charlesc/anaconda3/envs/erp_tools_env/lib/libaws-c-mqtt.1.0.0.dylib
0x00000001163a4000 	/Users/charlesc/anaconda3/envs/erp_tools_env/lib/libaws-c-s3.1.0.0.dylib
0x000000011644c000 	/Users/charlesc/anaconda3/envs/erp_tools_env/lib/libaws-c-auth.1.0.0.dylib
0x0000000116e68000 	/Users/charlesc/anaconda3/envs/erp_tools_env/lib/libaws-c-http.1.0.0.dylib
0x0000000116e08000 	/Users/charlesc/anaconda3/envs/erp_tools_env/lib/libaws-c-io.1.0.0.dylib
0x00000001072e8000 	/Users/charlesc/anaconda3/envs/erp_tools_env/lib/libaws-c-cal.1.0.0.dylib
0x0000000116744000 	/Users/charlesc/anaconda3/envs/erp_tools_env/lib/libaws-c-sdkutils.1.0.0.dylib
0x0000000104ab0000 	/Users/charlesc/anaconda3/envs/erp_tools_env/lib/libaws-c-compression.1.0.0.dylib
0x00000001170f8000 	/Users/charlesc/anaconda3/envs/erp_tools_env/lib/python3.11/lib-dynload/_decimal.cpython-311-darwin.so
0x0000000107004000 	/Users/charlesc/anaconda3/envs/erp_tools_env/lib/python3.11/lib-dynload/_uuid.cpython-311-darwin.so
0x00000001073d4000 	/Users/charlesc/anaconda3/envs/erp_tools_env/lib/python3.11/lib-dynload/_socket.cpython-311-darwin.so
0x00000001163d8000 	/Users/charlesc/anaconda3/envs/erp_tools_env/lib/python3.11/lib-dynload/select.cpython-311-darwin.so
0x000000011671c000 	/Users/charlesc/anaconda3/envs/erp_tools_env/lib/python3.11/lib-dynload/array.cpython-311-darwin.so
0x0000000107304000 	/Users/charlesc/anaconda3/envs/erp_tools_env/lib/python3.11/lib-dynload/_heapq.cpython-311-darwin.so
0x0000000107314000 	/Users/charlesc/anaconda3/envs/erp_tools_env/lib/python3.11/lib-dynload/_queue.cpython-311-darwin.so
0x0000000117250000 	/Users/charlesc/anaconda3/envs/erp_tools_env/lib/python3.11/site-packages/pyarrow/_hdfsio.cpython-311-darwin.so
0x00000001170b8000 	/Users/charlesc/anaconda3/envs/erp_tools_env/lib/python3.11/site-packages/pandas/_libs/pandas_parser.cpython-311-darwin.so
0x00000001170d0000 	/Users/charlesc/anaconda3/envs/erp_tools_env/lib/python3.11/site-packages/pandas/_libs/pandas_datetime.cpython-311-darwin.so
0x0000000126a00000 	/Users/charlesc/anaconda3/envs/erp_tools_env/lib/python3.11/site-packages/pandas/_libs/interval.cpython-311-darwin.so
0x0000000126cac000 	/Users/charlesc/anaconda3/envs/erp_tools_env/lib/python3.11/site-packages/pandas/_libs/hashtable.cpython-311-darwin.so
0x0000000117500000 	/Users/charlesc/anaconda3/envs/erp_tools_env/lib/python3.11/site-packages/pandas/_libs/missing.cpython-311-darwin.so
0x00000001172bc000 	/Users/charlesc/anaconda3/envs/erp_tools_env/lib/python3.11/site-packages/pandas/_libs/tslibs/dtypes.cpython-311-darwin.so
0x000000011753c000 	/Users/charlesc/anaconda3/envs/erp_tools_env/lib/python3.11/site-packages/pandas/_libs/tslibs/np_datetime.cpython-311-darwin.so
0x000000011759c000 	/Users/charlesc/anaconda3/envs/erp_tools_env/lib/python3.11/site-packages/pandas/_libs/tslibs/conversion.cpython-311-darwin.so
0x000000011728c000 	/Users/charlesc/anaconda3/envs/erp_tools_env/lib/python3.11/site-packages/pandas/_libs/tslibs/base.cpython-311-darwin.so
0x0000000126b1c000 	/Users/charlesc/anaconda3/envs/erp_tools_env/lib/python3.11/site-packages/pandas/_libs/tslibs/offsets.cpython-311-darwin.so
0x0000000126c10000 	/Users/charlesc/anaconda3/envs/erp_tools_env/lib/python3.11/site-packages/pandas/_libs/tslibs/timestamps.cpython-311-darwin.so
0x0000000117744000 	/Users/charlesc/anaconda3/envs/erp_tools_env/lib/python3.11/site-packages/pandas/_libs/tslibs/nattype.cpython-311-darwin.so
0x0000000126ecc000 	/Users/charlesc/anaconda3/envs/erp_tools_env/lib/python3.11/site-packages/pandas/_libs/tslibs/timedeltas.cpython-311-darwin.so
0x0000000117788000 	/Users/charlesc/anaconda3/envs/erp_tools_env/lib/python3.11/site-packages/pandas/_libs/tslibs/timezones.cpython-311-darwin.so
0x00000001170a0000 	/Users/charlesc/anaconda3/envs/erp_tools_env/lib/python3.11/lib-dynload/_zoneinfo.cpython-311-darwin.so
0x0000000126f58000 	/Users/charlesc/anaconda3/envs/erp_tools_env/lib/python3.11/site-packages/pandas/_libs/tslibs/fields.cpython-311-darwin.so
0x000000011757c000 	/Users/charlesc/anaconda3/envs/erp_tools_env/lib/python3.11/site-packages/pandas/_libs/tslibs/ccalendar.cpython-311-darwin.so
0x0000000116488000 	/Users/charlesc/anaconda3/envs/erp_tools_env/lib/python3.11/lib-dynload/fcntl.cpython-311-darwin.so
0x0000000116734000 	/Users/charlesc/anaconda3/envs/erp_tools_env/lib/python3.11/lib-dynload/_posixsubprocess.cpython-311-darwin.so
0x00000001270a0000 	/Users/charlesc/anaconda3/envs/erp_tools_env/lib/python3.11/site-packages/pandas/_libs/tslibs/tzconversion.cpython-311-darwin.so
0x00000001175d8000 	/Users/charlesc/anaconda3/envs/erp_tools_env/lib/python3.11/site-packages/pandas/_libs/properties.cpython-311-darwin.so
0x00000001270e8000 	/Users/charlesc/anaconda3/envs/erp_tools_env/lib/python3.11/site-packages/pandas/_libs/tslibs/parsing.cpython-311-darwin.so
0x000000012714c000 	/Users/charlesc/anaconda3/envs/erp_tools_env/lib/python3.11/site-packages/pandas/_libs/tslibs/strptime.cpython-311-darwin.so
0x0000000127300000 	/Users/charlesc/anaconda3/envs/erp_tools_env/lib/python3.11/site-packages/pandas/_libs/tslibs/period.cpython-311-darwin.so
0x00000001177c8000 	/Users/charlesc/anaconda3/envs/erp_tools_env/lib/python3.11/site-packages/pandas/_libs/tslibs/vectorized.cpython-311-darwin.so
0x0000000117700000 	/Users/charlesc/anaconda3/envs/erp_tools_env/lib/python3.11/site-packages/pandas/_libs/ops_dispatch.cpython-311-darwin.so
0x0000000127700000 	/Users/charlesc/anaconda3/envs/erp_tools_env/lib/python3.11/site-packages/pandas/_libs/algos.cpython-311-darwin.so
0x0000000127418000 	/Users/charlesc/anaconda3/envs/erp_tools_env/lib/python3.11/site-packages/pandas/_libs/lib.cpython-311-darwin.so
0x00000001279d0000 	/Users/charlesc/anaconda3/envs/erp_tools_env/lib/python3.11/lib-dynload/unicodedata.cpython-311-darwin.so
0x0000000126e78000 	/Users/charlesc/anaconda3/envs/erp_tools_env/lib/python3.11/site-packages/pandas/_libs/ops.cpython-311-darwin.so
0x0000000126e40000 	/Users/charlesc/anaconda3/envs/erp_tools_env/lib/python3.11/site-packages/numexpr/interpreter.cpython-311-darwin.so
0x0000000127c10000 	/Users/charlesc/anaconda3/envs/erp_tools_env/lib/python3.11/site-packages/pyarrow/_compute.cpython-311-darwin.so
0x0000000127198000 	/Users/charlesc/anaconda3/envs/erp_tools_env/lib/python3.11/site-packages/bottleneck/move.cpython-311-darwin.so
0x00000001172a4000 	/Users/charlesc/anaconda3/envs/erp_tools_env/lib/python3.11/site-packages/bottleneck/nonreduce.cpython-311-darwin.so
0x000000011771c000 	/Users/charlesc/anaconda3/envs/erp_tools_env/lib/python3.11/site-packages/bottleneck/nonreduce_axis.cpython-311-darwin.so
0x00000001271d8000 	/Users/charlesc/anaconda3/envs/erp_tools_env/lib/python3.11/site-packages/bottleneck/reduce.cpython-311-darwin.so
0x00000001172ec000 	/Users/charlesc/anaconda3/envs/erp_tools_env/lib/python3.11/lib-dynload/_json.cpython-311-darwin.so
0x0000000127394000 	/Users/charlesc/anaconda3/envs/erp_tools_env/lib/python3.11/site-packages/pandas/_libs/arrays.cpython-311-darwin.so
0x0000000117560000 	/Users/charlesc/anaconda3/envs/erp_tools_env/lib/python3.11/lib-dynload/_csv.cpython-311-darwin.so
0x0000000126eb0000 	/Users/charlesc/anaconda3/envs/erp_tools_env/lib/python3.11/lib-dynload/zlib.cpython-311-darwin.so
0x0000000127f30000 	/Users/charlesc/anaconda3/envs/erp_tools_env/lib/python3.11/site-packages/pandas/_libs/tslib.cpython-311-darwin.so
0x00000001361bc000 	/Users/charlesc/anaconda3/envs/erp_tools_env/lib/python3.11/site-packages/pandas/_libs/sparse.cpython-311-darwin.so
0x0000000127370000 	/Users/charlesc/anaconda3/envs/erp_tools_env/lib/python3.11/site-packages/pandas/_libs/indexing.cpython-311-darwin.so
0x000000013644c000 	/Users/charlesc/anaconda3/envs/erp_tools_env/lib/python3.11/site-packages/pandas/_libs/index.cpython-311-darwin.so
0x0000000127f74000 	/Users/charlesc/anaconda3/envs/erp_tools_env/lib/python3.11/site-packages/pandas/_libs/internals.cpython-311-darwin.so
0x00000001366e8000 	/Users/charlesc/anaconda3/envs/erp_tools_env/lib/python3.11/site-packages/pandas/_libs/join.cpython-311-darwin.so
0x00000001275c0000 	/Users/charlesc/anaconda3/envs/erp_tools_env/lib/python3.11/site-packages/pandas/_libs/writers.cpython-311-darwin.so
0x00000001271b8000 	/Users/charlesc/anaconda3/envs/erp_tools_env/lib/python3.11/lib-dynload/mmap.cpython-311-darwin.so
0x0000000116e54000 	/Users/charlesc/anaconda3/envs/erp_tools_env/lib/python3.11/lib-dynload/grp.cpython-311-darwin.so
0x0000000136100000 	/Users/charlesc/anaconda3/envs/erp_tools_env/lib/python3.11/site-packages/pandas/_libs/window/aggregations.cpython-311-darwin.so
0x00000001273e8000 	/Users/charlesc/anaconda3/envs/erp_tools_env/lib/python3.11/site-packages/pandas/_libs/window/indexers.cpython-311-darwin.so
0x000000013637c000 	/Users/charlesc/anaconda3/envs/erp_tools_env/lib/python3.11/site-packages/pandas/_libs/reshape.cpython-311-darwin.so
0x0000000136d9c000 	/Users/charlesc/anaconda3/envs/erp_tools_env/lib/python3.11/site-packages/pandas/_libs/groupby.cpython-311-darwin.so
0x00000001279ac000 	/Users/charlesc/anaconda3/envs/erp_tools_env/lib/python3.11/site-packages/pandas/_libs/json.cpython-311-darwin.so
0x000000013661c000 	/Users/charlesc/anaconda3/envs/erp_tools_env/lib/python3.11/site-packages/pandas/_libs/parsers.cpython-311-darwin.so
0x0000000127fd0000 	/Users/charlesc/anaconda3/envs/erp_tools_env/lib/python3.11/site-packages/pandas/_libs/testing.cpython-311-darwin.so
0x00000001273cc000 	/Users/charlesc/anaconda3/envs/erp_tools_env/lib/python3.11/lib-dynload/cmath.cpython-311-darwin.so
0x00000001170e8000 	/Users/charlesc/anaconda3/envs/erp_tools_env/lib/python3.11/site-packages/matplotlib/_c_internal_utils.cpython-311-darwin.so
0x0000000136170000 	/Users/charlesc/anaconda3/envs/erp_tools_env/lib/python3.11/lib-dynload/pyexpat.cpython-311-darwin.so
0x00000001363bc000 	/Users/charlesc/anaconda3/envs/erp_tools_env/lib/libexpat.1.8.10.dylib
0x000000013618c000 	/Users/charlesc/anaconda3/envs/erp_tools_env/lib/python3.11/lib-dynload/_elementtree.cpython-311-darwin.so
0x000000013703c000 	/Users/charlesc/anaconda3/envs/erp_tools_env/lib/python3.11/site-packages/PIL/_imaging.cpython-311-darwin.so
0x0000000137700000 	/Users/charlesc/anaconda3/envs/erp_tools_env/lib/python3.11/site-packages/PIL/.dylibs/libtiff.6.dylib
0x0000000137500000 	/Users/charlesc/anaconda3/envs/erp_tools_env/lib/python3.11/site-packages/PIL/.dylibs/libjpeg.62.4.0.dylib
0x00000001430a4000 	/Users/charlesc/anaconda3/envs/erp_tools_env/lib/python3.11/site-packages/PIL/.dylibs/libopenjp2.2.5.0.dylib
0x0000000136418000 	/Users/charlesc/anaconda3/envs/erp_tools_env/lib/python3.11/site-packages/PIL/.dylibs/libz.1.3.dylib
0x0000000136ab8000 	/Users/charlesc/anaconda3/envs/erp_tools_env/lib/python3.11/site-packages/PIL/.dylibs/libxcb.1.1.0.dylib
0x0000000136d00000 	/Users/charlesc/anaconda3/envs/erp_tools_env/lib/python3.11/site-packages/PIL/.dylibs/liblzma.5.dylib
0x0000000136154000 	/Users/charlesc/anaconda3/envs/erp_tools_env/lib/python3.11/site-packages/PIL/.dylibs/libXau.6.0.0.dylib
0x0000000136698000 	/Users/charlesc/anaconda3/envs/erp_tools_env/lib/python3.11/site-packages/matplotlib/_path.cpython-311-darwin.so
0x000000014360c000 	/Users/charlesc/anaconda3/envs/erp_tools_env/lib/python3.11/site-packages/matplotlib/ft2font.cpython-311-darwin.so
0x000000013758c000 	/Users/charlesc/anaconda3/envs/erp_tools_env/lib/python3.11/site-packages/kiwisolver/_cext.cpython-311-darwin.so
0x0000000136d50000 	/Users/charlesc/anaconda3/envs/erp_tools_env/lib/python3.11/site-packages/matplotlib/_image.cpython-311-darwin.so
0x0000000145ec4000 	/Users/charlesc/anaconda3/envs/erp_tools_env/lib/python3.11/site-packages/netCDF4/_netCDF4.cpython-311-darwin.so
0x00000001461f4000 	/Users/charlesc/anaconda3/envs/erp_tools_env/lib/python3.11/site-packages/netCDF4/.dylibs/libnetcdf.19.dylib
0x00000001370c8000 	/Users/charlesc/anaconda3/envs/erp_tools_env/lib/python3.11/site-packages/netCDF4/.dylibs/libhdf5_hl.200.dylib
0x0000000146814000 	/Users/charlesc/anaconda3/envs/erp_tools_env/lib/python3.11/site-packages/netCDF4/.dylibs/libhdf5.200.dylib
0x00000001361a8000 	/Users/charlesc/anaconda3/envs/erp_tools_env/lib/python3.11/site-packages/netCDF4/.dylibs/libsz.2.dylib
0x00000001366c0000 	/Users/charlesc/anaconda3/envs/erp_tools_env/lib/python3.11/site-packages/netCDF4/.dylibs/libaec.0.dylib
0x000000014645c000 	/Users/charlesc/anaconda3/envs/erp_tools_env/lib/python3.11/site-packages/netCDF4/.dylibs/libblosc.1.21.1.dylib
0x0000000143548000 	/Users/charlesc/anaconda3/envs/erp_tools_env/lib/python3.11/site-packages/netCDF4/.dylibs/libcurl.4.dylib
0x0000000145d68000 	/Users/charlesc/anaconda3/envs/erp_tools_env/lib/python3.11/site-packages/cftime/_cftime.cpython-311-darwin.so
0x0000000143000000 	/Users/charlesc/anaconda3/envs/erp_tools_env/lib/python3.11/lib-dynload/_ssl.cpython-311-darwin.so
0x0000000146124000 	/Users/charlesc/anaconda3/envs/erp_tools_env/lib/python3.11/site-packages/_brotli.cpython-311-darwin.so
0x0000000117734000 	/Users/charlesc/anaconda3/envs/erp_tools_env/lib/python3.11/site-packages/charset_normalizer/md.cpython-311-darwin.so
0x0000000143038000 	/Users/charlesc/anaconda3/envs/erp_tools_env/lib/python3.11/site-packages/charset_normalizer/md__mypyc.cpython-311-darwin.so
0x00000001363ec000 	/Users/charlesc/anaconda3/envs/erp_tools_env/lib/python3.11/lib-dynload/_multibytecodec.cpython-311-darwin.so
0x0000000126e68000 	/Users/charlesc/anaconda3/envs/erp_tools_env/lib/python3.11/lib-dynload/_scproxy.cpython-311-darwin.so
0x0000000136400000 	/Users/charlesc/anaconda3/envs/erp_tools_env/lib/python3.11/site-packages/pyproj/_network.cpython-311-darwin.so
0x000000014706c000 	/Users/charlesc/anaconda3/envs/erp_tools_env/lib/libproj.22.2.1.dylib
0x0000000146e4c000 	/Users/charlesc/anaconda3/envs/erp_tools_env/lib/libsqlite3.0.dylib
0x0000000146cd0000 	/Users/charlesc/anaconda3/envs/erp_tools_env/lib/libtiff.6.dylib
0x0000000145dfc000 	/Users/charlesc/anaconda3/envs/erp_tools_env/lib/libwebp.7.dylib
0x0000000146d58000 	/Users/charlesc/anaconda3/envs/erp_tools_env/lib/libLerc.dylib
0x0000000144100000 	/Users/charlesc/anaconda3/envs/erp_tools_env/lib/libjpeg.9.dylib
0x00000001375cc000 	/Users/charlesc/anaconda3/envs/erp_tools_env/lib/libdeflate.0.dylib
0x0000000136d7c000 	/Users/charlesc/anaconda3/envs/erp_tools_env/lib/libsharpyuv.0.dylib
0x00000001377d4000 	/Users/charlesc/anaconda3/envs/erp_tools_env/lib/python3.11/site-packages/pyproj/_datadir.cpython-311-darwin.so
0x00000001375e8000 	/Users/charlesc/anaconda3/envs/erp_tools_env/lib/python3.11/site-packages/pyproj/_compat.cpython-311-darwin.so
0x0000000146fc8000 	/Users/charlesc/anaconda3/envs/erp_tools_env/lib/python3.11/site-packages/pyproj/_crs.cpython-311-darwin.so
0x00000001435d0000 	/Users/charlesc/anaconda3/envs/erp_tools_env/lib/python3.11/site-packages/pyproj/_geod.cpython-311-darwin.so
0x00000001377b8000 	/Users/charlesc/anaconda3/envs/erp_tools_env/lib/python3.11/site-packages/pyproj/list.cpython-311-darwin.so
0x00000001466bc000 	/Users/charlesc/anaconda3/envs/erp_tools_env/lib/python3.11/site-packages/pyproj/_transformer.cpython-311-darwin.so
0x00000001438d0000 	/Users/charlesc/anaconda3/envs/erp_tools_env/lib/python3.11/site-packages/pyproj/database.cpython-311-darwin.so
0x0000000143074000 	/Users/charlesc/anaconda3/envs/erp_tools_env/lib/python3.11/site-packages/pyproj/_sync.cpython-311-darwin.so
0x0000000148400000 	/Users/charlesc/anaconda3/envs/erp_tools_env/lib/python3.11/site-packages/erfa/ufunc.cpython-311-darwin.so
0x0000000143088000 	/Users/charlesc/anaconda3/envs/erp_tools_env/lib/python3.11/site-packages/astropy/utils/_compiler.cpython-311-darwin.so
0x00000001435f4000 	/Users/charlesc/anaconda3/envs/erp_tools_env/lib/python3.11/site-packages/astropy/time/_parse_times.cpython-311-darwin.so
0x000000014c514000 	/Users/charlesc/anaconda3/envs/erp_tools_env/lib/python3.11/site-packages/orekit/_orekit.cpython-311-darwin.so
0x000000014a0c4000 	/Users/charlesc/anaconda3/envs/erp_tools_env/jre/lib/server/libjvm.dylib
0x0000000145e6c000 	/Users/charlesc/anaconda3/envs/erp_tools_env/lib/python3.11/site-packages/scipy/_lib/_ccallback_c.cpython-311-darwin.so
0x0000000149d44000 	/Users/charlesc/anaconda3/envs/erp_tools_env/lib/python3.11/site-packages/scipy/special/_ufuncs.cpython-311-darwin.so
0x000000014b864000 	/Users/charlesc/anaconda3/envs/erp_tools_env/lib/libopenblas.0.dylib
0x000000014b184000 	/Users/charlesc/anaconda3/envs/erp_tools_env/lib/libgfortran.5.dylib
0x0000000145e8c000 	/Users/charlesc/anaconda3/envs/erp_tools_env/lib/libgcc_s.1.1.dylib
0x0000000149c00000 	/Users/charlesc/anaconda3/envs/erp_tools_env/lib/libomp.dylib
0x000000014755c000 	/Users/charlesc/anaconda3/envs/erp_tools_env/lib/libquadmath.0.dylib
0x000000014878c000 	/Users/charlesc/anaconda3/envs/erp_tools_env/lib/python3.11/site-packages/scipy/special/_ufuncs_cxx.cpython-311-darwin.so
0x0000000149cd0000 	/Users/charlesc/anaconda3/envs/erp_tools_env/lib/python3.11/site-packages/scipy/special/_specfun.cpython-311-darwin.so
0x0000000144148000 	/Users/charlesc/anaconda3/envs/erp_tools_env/lib/python3.11/site-packages/scipy/special/_comb.cpython-311-darwin.so
0x000000014a01c000 	/Users/charlesc/anaconda3/envs/erp_tools_env/lib/python3.11/site-packages/scipy/linalg/_fblas.cpython-311-darwin.so
0x000000014afa4000 	/Users/charlesc/anaconda3/envs/erp_tools_env/lib/python3.11/site-packages/scipy/linalg/_flapack.cpython-311-darwin.so
0x000000014adf8000 	/Users/charlesc/anaconda3/envs/erp_tools_env/lib/python3.11/site-packages/scipy/linalg/_cythonized_array_utils.cpython-311-darwin.so
0x000000014b510000 	/Users/charlesc/anaconda3/envs/erp_tools_env/lib/python3.11/site-packages/scipy/linalg/cython_lapack.cpython-311-darwin.so
0x0000000146e04000 	/Users/charlesc/anaconda3/envs/erp_tools_env/lib/python3.11/site-packages/scipy/linalg/_solve_toeplitz.cpython-311-darwin.so
0x00000001475b0000 	/Users/charlesc/anaconda3/envs/erp_tools_env/lib/python3.11/site-packages/scipy/linalg/_decomp_lu_cython.cpython-311-darwin.so
0x0000000147508000 	/Users/charlesc/anaconda3/envs/erp_tools_env/lib/python3.11/site-packages/scipy/linalg/_matfuncs_sqrtm_triu.cpython-311-darwin.so
0x000000014ae68000 	/Users/charlesc/anaconda3/envs/erp_tools_env/lib/python3.11/site-packages/scipy/linalg/_matfuncs_expm.cpython-311-darwin.so
0x000000014aec0000 	/Users/charlesc/anaconda3/envs/erp_tools_env/lib/python3.11/site-packages/scipy/linalg/cython_blas.cpython-311-darwin.so
0x0000000149fd4000 	/Users/charlesc/anaconda3/envs/erp_tools_env/lib/python3.11/site-packages/scipy/linalg/_decomp_update.cpython-311-darwin.so
0x000000014f988000 	/Users/charlesc/anaconda3/envs/erp_tools_env/lib/python3.11/site-packages/scipy/sparse/_sparsetools.cpython-311-darwin.so
0x000000014c2e4000 	/Users/charlesc/anaconda3/envs/erp_tools_env/lib/python3.11/site-packages/scipy/sparse/_csparsetools.cpython-311-darwin.so
0x000000014af40000 	/Users/charlesc/anaconda3/envs/erp_tools_env/lib/python3.11/site-packages/scipy/sparse/linalg/_isolve/_iterative.cpython-311-darwin.so
0x000000014c370000 	/Users/charlesc/anaconda3/envs/erp_tools_env/lib/python3.11/site-packages/scipy/sparse/linalg/_dsolve/_superlu.cpython-311-darwin.so
0x000000014c434000 	/Users/charlesc/anaconda3/envs/erp_tools_env/lib/python3.11/site-packages/scipy/sparse/linalg/_eigen/arpack/_arpack.cpython-311-darwin.so
0x000000014c4a8000 	/Users/charlesc/anaconda3/envs/erp_tools_env/lib/python3.11/site-packages/scipy/sparse/csgraph/_shortest_path.cpython-311-darwin.so
0x000000014703c000 	/Users/charlesc/anaconda3/envs/erp_tools_env/lib/python3.11/site-packages/scipy/sparse/csgraph/_tools.cpython-311-darwin.so
0x000000014f648000 	/Users/charlesc/anaconda3/envs/erp_tools_env/lib/python3.11/site-packages/scipy/sparse/csgraph/_traversal.cpython-311-darwin.so
0x000000014af00000 	/Users/charlesc/anaconda3/envs/erp_tools_env/lib/python3.11/site-packages/scipy/sparse/csgraph/_min_spanning_tree.cpython-311-darwin.so
0x000000014b800000 	/Users/charlesc/anaconda3/envs/erp_tools_env/lib/python3.11/site-packages/scipy/sparse/csgraph/_flow.cpython-311-darwin.so
0x000000014f6b8000 	/Users/charlesc/anaconda3/envs/erp_tools_env/lib/python3.11/site-packages/scipy/sparse/csgraph/_matching.cpython-311-darwin.so
0x000000014b5bc000 	/Users/charlesc/anaconda3/envs/erp_tools_env/lib/python3.11/site-packages/scipy/sparse/csgraph/_reordering.cpython-311-darwin.so
0x0000000145eac000 	/Users/charlesc/anaconda3/envs/erp_tools_env/lib/python3.11/site-packages/scipy/linalg/_flinalg.cpython-311-darwin.so
0x0000000146dcc000 	/Users/charlesc/anaconda3/envs/erp_tools_env/lib/python3.11/site-packages/scipy/special/_ellip_harm_2.cpython-311-darwin.so
0x000000014753c000 	/Users/charlesc/anaconda3/envs/erp_tools_env/lib/python3.11/site-packages/scipy/interpolate/_fitpack.cpython-311-darwin.so
0x000000014f804000 	/Users/charlesc/anaconda3/envs/erp_tools_env/lib/python3.11/site-packages/scipy/interpolate/dfitpack.cpython-311-darwin.so
0x0000000146dec000 	/Users/charlesc/anaconda3/envs/erp_tools_env/lib/python3.11/site-packages/scipy/optimize/_minpack2.cpython-311-darwin.so
0x0000000149f90000 	/Users/charlesc/anaconda3/envs/erp_tools_env/lib/python3.11/site-packages/scipy/optimize/_group_columns.cpython-311-darwin.so
0x000000014f890000 	/Users/charlesc/anaconda3/envs/erp_tools_env/lib/python3.11/site-packages/scipy/optimize/_trlib/_trlib.cpython-311-darwin.so
0x00000001475e4000 	/Users/charlesc/anaconda3/envs/erp_tools_env/lib/python3.11/site-packages/scipy/_lib/messagestream.cpython-311-darwin.so
0x0000000149fb0000 	/Users/charlesc/anaconda3/envs/erp_tools_env/lib/python3.11/site-packages/scipy/optimize/_lbfgsb.cpython-311-darwin.so
0x000000014c3c0000 	/Users/charlesc/anaconda3/envs/erp_tools_env/lib/python3.11/site-packages/scipy/optimize/_moduleTNC.cpython-311-darwin.so
0x000000014a0a8000 	/Users/charlesc/anaconda3/envs/erp_tools_env/lib/python3.11/site-packages/scipy/optimize/_cobyla.cpython-311-darwin.so
0x000000014af80000 	/Users/charlesc/anaconda3/envs/erp_tools_env/lib/python3.11/site-packages/scipy/optimize/_slsqp.cpython-311-darwin.so
0x000000014b154000 	/Users/charlesc/anaconda3/envs/erp_tools_env/lib/python3.11/site-packages/scipy/optimize/_minpack.cpython-311-darwin.so
0x000000014f84c000 	/Users/charlesc/anaconda3/envs/erp_tools_env/lib/python3.11/site-packages/scipy/optimize/_lsq/givens_elimination.cpython-311-darwin.so
0x000000014415c000 	/Users/charlesc/anaconda3/envs/erp_tools_env/lib/python3.11/site-packages/scipy/optimize/_zeros.cpython-311-darwin.so
0x000000014b848000 	/Users/charlesc/anaconda3/envs/erp_tools_env/lib/python3.11/site-packages/scipy/optimize/__nnls.cpython-311-darwin.so
0x000000016a2e4000 	/Users/charlesc/anaconda3/envs/erp_tools_env/lib/python3.11/site-packages/scipy/optimize/_highs/_highs_wrapper.cpython-311-darwin.so
0x0000000146800000 	/Users/charlesc/anaconda3/envs/erp_tools_env/lib/python3.11/site-packages/scipy/optimize/_highs/_highs_constants.cpython-311-darwin.so
0x000000014fdc8000 	/Users/charlesc/anaconda3/envs/erp_tools_env/lib/python3.11/site-packages/scipy/linalg/_interpolative.cpython-311-darwin.so
0x000000014f8d4000 	/Users/charlesc/anaconda3/envs/erp_tools_env/lib/python3.11/site-packages/scipy/optimize/_bglu_dense.cpython-311-darwin.so
0x00000001487ec000 	/Users/charlesc/anaconda3/envs/erp_tools_env/lib/python3.11/site-packages/scipy/optimize/_lsap.cpython-311-darwin.so
0x000000016a000000 	/Users/charlesc/anaconda3/envs/erp_tools_env/lib/python3.11/site-packages/scipy/spatial/_ckdtree.cpython-311-darwin.so
0x000000016a188000 	/Users/charlesc/anaconda3/envs/erp_tools_env/lib/python3.11/site-packages/scipy/spatial/_qhull.cpython-311-darwin.so
0x000000014f918000 	/Users/charlesc/anaconda3/envs/erp_tools_env/lib/python3.11/site-packages/scipy/spatial/_voronoi.cpython-311-darwin.so
0x000000014f878000 	/Users/charlesc/anaconda3/envs/erp_tools_env/lib/python3.11/site-packages/scipy/spatial/_distance_wrap.cpython-311-darwin.so
0x000000014ff30000 	/Users/charlesc/anaconda3/envs/erp_tools_env/lib/python3.11/site-packages/scipy/spatial/_hausdorff.cpython-311-darwin.so
0x000000016a0a4000 	/Users/charlesc/anaconda3/envs/erp_tools_env/lib/python3.11/site-packages/scipy/spatial/_distance_pybind.cpython-311-darwin.so
0x000000016a5d0000 	/Users/charlesc/anaconda3/envs/erp_tools_env/lib/python3.11/site-packages/scipy/spatial/transform/_rotation.cpython-311-darwin.so
0x000000014f948000 	/Users/charlesc/anaconda3/envs/erp_tools_env/lib/python3.11/site-packages/scipy/optimize/_direct.cpython-311-darwin.so
0x000000014ffa8000 	/Users/charlesc/anaconda3/envs/erp_tools_env/lib/python3.11/site-packages/scipy/interpolate/_bspl.cpython-311-darwin.so
0x000000016a26c000 	/Users/charlesc/anaconda3/envs/erp_tools_env/lib/python3.11/site-packages/scipy/interpolate/_ppoly.cpython-311-darwin.so
0x000000016a764000 	/Users/charlesc/anaconda3/envs/erp_tools_env/lib/python3.11/site-packages/scipy/interpolate/interpnd.cpython-311-darwin.so
0x000000016a120000 	/Users/charlesc/anaconda3/envs/erp_tools_env/lib/python3.11/site-packages/scipy/interpolate/_rbfinterp_pythran.cpython-311-darwin.so
0x000000016a7b4000 	/Users/charlesc/anaconda3/envs/erp_tools_env/lib/python3.11/site-packages/scipy/interpolate/_rgi_cython.cpython-311-darwin.so
0x000000014ff60000 	/Users/charlesc/anaconda3/envs/erp_tools_env/lib/python3.11/site-packages/scipy/signal/_sigtools.cpython-311-darwin.so
0x000000014ff80000 	/Users/charlesc/anaconda3/envs/erp_tools_env/lib/python3.11/site-packages/scipy/_lib/_uarray/_uarray.cpython-311-darwin.so
0x000000016b0c8000 	/Users/charlesc/anaconda3/envs/erp_tools_env/lib/python3.11/site-packages/scipy/fft/_pocketfft/pypocketfft.cpython-311-darwin.so
0x000000014f960000 	/Users/charlesc/anaconda3/envs/erp_tools_env/lib/python3.11/site-packages/scipy/signal/_max_len_seq_inner.cpython-311-darwin.so
0x000000016b044000 	/Users/charlesc/anaconda3/envs/erp_tools_env/lib/python3.11/site-packages/scipy/signal/_upfirdn_apply.cpython-311-darwin.so
0x000000016a158000 	/Users/charlesc/anaconda3/envs/erp_tools_env/lib/python3.11/site-packages/scipy/signal/_spline.cpython-311-darwin.so
0x000000016b000000 	/Users/charlesc/anaconda3/envs/erp_tools_env/lib/python3.11/site-packages/scipy/integrate/_odepack.cpython-311-darwin.so
0x000000016b01c000 	/Users/charlesc/anaconda3/envs/erp_tools_env/lib/python3.11/site-packages/scipy/integrate/_quadpack.cpython-311-darwin.so
0x000000016b088000 	/Users/charlesc/anaconda3/envs/erp_tools_env/lib/python3.11/site-packages/scipy/integrate/_vode.cpython-311-darwin.so
0x000000016b290000 	/Users/charlesc/anaconda3/envs/erp_tools_env/lib/python3.11/site-packages/scipy/integrate/_dop.cpython-311-darwin.so
0x000000016b2b0000 	/Users/charlesc/anaconda3/envs/erp_tools_env/lib/python3.11/site-packages/scipy/integrate/_lsoda.cpython-311-darwin.so
0x000000016b2d0000 	/Users/charlesc/anaconda3/envs/erp_tools_env/lib/python3.11/site-packages/scipy/ndimage/_nd_image.cpython-311-darwin.so
0x000000016b450000 	/Users/charlesc/anaconda3/envs/erp_tools_env/lib/python3.11/site-packages/scipy/ndimage/_ni_label.cpython-311-darwin.so
0x000000016b4a0000 	/Users/charlesc/anaconda3/envs/erp_tools_env/lib/python3.11/site-packages/scipy/signal/_sosfilt.cpython-311-darwin.so
0x000000016a170000 	/Users/charlesc/anaconda3/envs/erp_tools_env/lib/python3.11/site-packages/scipy/signal/_spectral.cpython-311-darwin.so
0x000000016b888000 	/Users/charlesc/anaconda3/envs/erp_tools_env/lib/python3.11/site-packages/scipy/stats/_stats.cpython-311-darwin.so
0x000000016bab8000 	/Users/charlesc/anaconda3/envs/erp_tools_env/lib/python3.11/site-packages/scipy/special/cython_special.cpython-311-darwin.so
0x000000016b800000 	/Users/charlesc/anaconda3/envs/erp_tools_env/lib/python3.11/site-packages/scipy/stats/_boost/beta_ufunc.cpython-311-darwin.so
0x000000016b838000 	/Users/charlesc/anaconda3/envs/erp_tools_env/lib/python3.11/site-packages/scipy/stats/_boost/binom_ufunc.cpython-311-darwin.so
0x000000016b914000 	/Users/charlesc/anaconda3/envs/erp_tools_env/lib/python3.11/site-packages/scipy/stats/_boost/nbinom_ufunc.cpython-311-darwin.so
0x000000016b400000 	/Users/charlesc/anaconda3/envs/erp_tools_env/lib/python3.11/site-packages/scipy/stats/_boost/hypergeom_ufunc.cpython-311-darwin.so
0x000000016b970000 	/Users/charlesc/anaconda3/envs/erp_tools_env/lib/python3.11/site-packages/scipy/stats/_boost/ncf_ufunc.cpython-311-darwin.so
0x000000016b9d0000 	/Users/charlesc/anaconda3/envs/erp_tools_env/lib/python3.11/site-packages/scipy/stats/_boost/ncx2_ufunc.cpython-311-darwin.so
0x000000016ba3c000 	/Users/charlesc/anaconda3/envs/erp_tools_env/lib/python3.11/site-packages/scipy/stats/_boost/nct_ufunc.cpython-311-darwin.so
0x000000016b428000 	/Users/charlesc/anaconda3/envs/erp_tools_env/lib/python3.11/site-packages/scipy/stats/_boost/skewnorm_ufunc.cpython-311-darwin.so
0x000000016b99c000 	/Users/charlesc/anaconda3/envs/erp_tools_env/lib/python3.11/site-packages/scipy/stats/_boost/invgauss_ufunc.cpython-311-darwin.so
0x000000016ba74000 	/Users/charlesc/anaconda3/envs/erp_tools_env/lib/python3.11/site-packages/scipy/stats/_biasedurn.cpython-311-darwin.so
0x0000000149d2c000 	/Users/charlesc/anaconda3/envs/erp_tools_env/lib/python3.11/site-packages/scipy/stats/_levy_stable/levyst.cpython-311-darwin.so
0x000000016b5d8000 	/Users/charlesc/anaconda3/envs/erp_tools_env/lib/python3.11/site-packages/scipy/stats/_stats_pythran.cpython-311-darwin.so
0x000000016b0b0000 	/Users/charlesc/anaconda3/envs/erp_tools_env/lib/python3.11/site-packages/scipy/stats/_statlib.cpython-311-darwin.so
0x000000016bea4000 	/Users/charlesc/anaconda3/envs/erp_tools_env/lib/python3.11/site-packages/scipy/stats/_sobol.cpython-311-darwin.so
0x000000016be5c000 	/Users/charlesc/anaconda3/envs/erp_tools_env/lib/python3.11/site-packages/scipy/stats/_qmc_cy.cpython-311-darwin.so
0x000000016cefc000 	/Users/charlesc/anaconda3/envs/erp_tools_env/lib/python3.11/site-packages/scipy/stats/_mvn.cpython-311-darwin.so
0x000000016d050000 	/Users/charlesc/anaconda3/envs/erp_tools_env/lib/python3.11/site-packages/scipy/stats/_rcont/rcont.cpython-311-darwin.so
0x000000016d010000 	/Users/charlesc/anaconda3/envs/erp_tools_env/lib/python3.11/site-packages/scipy/signal/_peak_finding_utils.cpython-311-darwin.so
0x000000016a2bc000 	/Users/charlesc/anaconda3/envs/erp_tools_env/jre/lib/libverify.dylib
0x000000016d1d8000 	/Users/charlesc/anaconda3/envs/erp_tools_env/jre/lib/libjava.dylib
0x000000016b944000 	/Users/charlesc/anaconda3/envs/erp_tools_env/jre/lib/libzip.dylib
0x000000016ba04000 	/Users/charlesc/anaconda3/envs/erp_tools_env/jre/lib/libnio.dylib
0x000000016fee4000 	/Users/charlesc/anaconda3/envs/erp_tools_env/jre/lib/libnet.dylib
0x000000016a7ec000 	/Users/charlesc/anaconda3/envs/erp_tools_env/lib/python3.11/site-packages/lz4/_version.cpython-311-darwin.so
0x000000016febc000 	/Users/charlesc/anaconda3/envs/erp_tools_env/lib/python3.11/site-packages/lz4/frame/_frame.cpython-311-darwin.so
0x000000016ff10000 	/Users/charlesc/anaconda3/envs/erp_tools_env/lib/python3.11/lib-dynload/_asyncio.cpython-311-darwin.so
0x0000000127ff0000 	/Users/charlesc/anaconda3/envs/erp_tools_env/lib/python3.11/lib-dynload/termios.cpython-311-darwin.so
0x000000016ff2c000 	/Users/charlesc/anaconda3/envs/erp_tools_env/lib/python3.11/site-packages/astropy/table/_column_mixins.cpython-311-darwin.so
0x000000016ff48000 	/Users/charlesc/anaconda3/envs/erp_tools_env/lib/python3.11/site-packages/astropy/table/_np_utils.cpython-311-darwin.so
0x000000016ffa0000 	/Users/charlesc/anaconda3/envs/erp_tools_env/lib/python3.11/site-packages/yaml/_yaml.cpython-311-darwin.so
0x0000000324f30000 	/Users/charlesc/anaconda3/envs/erp_tools_env/lib/libyaml-0.2.dylib
0x000000032c744000 	/Users/charlesc/anaconda3/envs/erp_tools_env/lib/python3.11/site-packages/astropy/io/ascii/cparser.cpython-311-darwin.so
0x0000000324f58000 	/Users/charlesc/anaconda3/envs/erp_tools_env/lib/python3.11/site-packages/astropy/utils/xml/_iterparser.cpython-311-darwin.so
0x000000016b868000 	/Users/charlesc/anaconda3/envs/erp_tools_env/lib/python3.11/site-packages/astropy/io/fits/_utils.cpython-311-darwin.so
0x0000000324f8c000 	/Users/charlesc/anaconda3/envs/erp_tools_env/lib/python3.11/site-packages/astropy/io/fits/_tiled_compression/_compression.cpython-311-darwin.so
0x000000016ba28000 	/Users/charlesc/anaconda3/envs/erp_tools_env/lib/python3.11/site-packages/astropy/io/votable/tablewriter.cpython-311-darwin.so
0x0000000324fb0000 	/Users/charlesc/anaconda3/envs/erp_tools_env/lib/python3.11/site-packages/scipy/cluster/_vq.cpython-311-darwin.so
0x000000032e700000 	/Users/charlesc/anaconda3/envs/erp_tools_env/lib/python3.11/site-packages/scipy/cluster/_hierarchy.cpython-311-darwin.so
0x000000032c7a0000 	/Users/charlesc/anaconda3/envs/erp_tools_env/lib/python3.11/site-packages/scipy/cluster/_optimal_leaf_ordering.cpython-311-darwin.so
0x00000001366d8000 	/Users/charlesc/anaconda3/envs/erp_tools_env/lib/python3.11/lib-dynload/resource.cpython-311-darwin.so

VM Arguments:
java_command: <unknown>
java_class_path (initial): /Users/charlesc/anaconda3/envs/erp_tools_env/lib/python3.11/site-packages/orekit/orekit-12.0.jar:/Users/charlesc/anaconda3/envs/erp_tools_env/lib/python3.11/site-packages/orekit/hipparchus-core-3.0.jar:/Users/charlesc/anaconda3/envs/erp_tools_env/lib/python3.11/site-packages/orekit/hipparchus-fitting-3.0.jar:/Users/charlesc/anaconda3/envs/erp_tools_env/lib/python3.11/site-packages/orekit/hipparchus-filtering-3.0.jar:/Users/charlesc/anaconda3/envs/erp_tools_env/lib/python3.11/site-packages/orekit/hipparchus-geometry-3.0.jar:/Users/charlesc/anaconda3/envs/erp_tools_env/lib/python3.11/site-packages/orekit/hipparchus-ode-3.0.jar:/Users/charlesc/anaconda3/envs/erp_tools_env/lib/python3.11/site-packages/orekit/hipparchus-optim-3.0.jar:/Users/charlesc/anaconda3/envs/erp_tools_env/lib/python3.11/site-packages/orekit/hipparchus-stat-3.0.jar:/Users/charlesc/anaconda3/envs/erp_tools_env/lib/python3.11/site-packages/orekit/rugged-3.0.jar
Launcher Type: generic

Environment Variables:
JAVA_HOME=/Users/charlesc/anaconda3/envs/erp_tools_env
SHELL=/bin/zsh

Signal Handlers:
SIGSEGV: [libjvm.dylib+0x5668e4], sa_mask[0]=11111111011111110111111111111111, sa_flags=SA_ONSTACK|SA_RESTART|SA_SIGINFO
SIGBUS: [libjvm.dylib+0x5668e4], sa_mask[0]=11111111011111110111111111111111, sa_flags=SA_RESTART|SA_SIGINFO
SIGFPE: [libjvm.dylib+0x45f480], sa_mask[0]=11111111011111110111111111111111, sa_flags=SA_RESTART|SA_SIGINFO
SIGPIPE: [libjvm.dylib+0x45f480], sa_mask[0]=11111111011111110111111111111111, sa_flags=SA_RESTART|SA_SIGINFO
SIGXFSZ: [libjvm.dylib+0x45f480], sa_mask[0]=11111111011111110111111111111111, sa_flags=SA_RESTART|SA_SIGINFO
SIGILL: [libjvm.dylib+0x45f480], sa_mask[0]=11111111011111110111111111111111, sa_flags=SA_RESTART|SA_SIGINFO
SIGUSR1: SIG_DFL, sa_mask[0]=00000000000000000000000000000000, sa_flags=SA_RESTART
SIGUSR2: [libjvm.dylib+0x45fda4], sa_mask[0]=00000000000000000000000000000000, sa_flags=SA_RESTART|SA_SIGINFO
SIGHUP: [libjvm.dylib+0x45dd2c], sa_mask[0]=11111111011111110111111111111111, sa_flags=SA_RESTART|SA_SIGINFO
SIGINT: [libjvm.dylib+0x45dd2c], sa_mask[0]=11111111011111110111111111111111, sa_flags=SA_RESTART|SA_SIGINFO
SIGTERM: [libjvm.dylib+0x45dd2c], sa_mask[0]=11111111011111110111111111111111, sa_flags=SA_RESTART|SA_SIGINFO
SIGQUIT: [libjvm.dylib+0x45dd2c], sa_mask[0]=11111111011111110111111111111111, sa_flags=SA_RESTART|SA_SIGINFO


---------------  S Y S T E M  ---------------

OS:Bsduname:Darwin 23.5.0 Darwin Kernel Version 23.5.0: Wed May  1 20:12:58 PDT 2024; root:xnu-10063.121.3~5/RELEASE_ARM64_T6000 arm64
rlimit: STACK 8176k, CORE 0k, NPROC 5333, NOFILE 10240, AS infinity
load average:4.51 3.70 3.56

CPU:total 10 (initial active 10) 0x61:0x0:0x1b588bb3:0, simd, crc, lse

Memory: 16k page, physical 33554432k(2416288k free)

/proc/meminfo:


vm_info: OpenJDK 64-Bit Server VM (25.382-b05) for bsd-aarch64 JRE (Zulu 8.72.0.17-CA-macos-aarch64) (1.8.0_382-b05), built on Jul 14 2023 01:24:33 by "zulu_re" with gcc Apple LLVM 12.0.0 (clang-1200.0.32.28)

time: Sun Aug 18 11:02:59 2024
timezone: BST
elapsed time: 0.810627 seconds (0d 0h 0m 0s)

