#
# A fatal error has been detected by the Java Runtime Environment:
#
#  SIGSEGV (0xb) at pc=0x00000001005899f8, pid=608, tid=0x0000000000000103
#
# JRE version: OpenJDK Runtime Environment (Zulu 8.72.0.17-CA-macos-aarch64) (8.0_382-b05) (build 1.8.0_382-b05)
# Java VM: OpenJDK 64-Bit Server VM (25.382-b05 mixed mode bsd-aarch64 compressed oops)
# Problematic frame:
# C  [python3.11+0xa19f8]  dict_traverse+0x20
#
# Failed to write core dump. Core dumps have been disabled. To enable core dumping, try "ulimit -c unlimited" before starting Java again
#
# If you would like to submit a bug report, please visit:
#   http://www.azul.com/support/
# The crash happened outside the Java Virtual Machine in native code.
# See problematic frame for where to report the bug.
#

---------------  T H R E A D  ---------------

Current thread (0x0000000133a13800):  JavaThread "main" [_thread_in_native, id=259, stack(0x000000016d918000,0x000000016f918000)]

siginfo: si_signo: 11 (SIGSEGV), si_code: 2 (SEGV_ACCERR), si_addr: 0x000000016d918048

Registers:
 x0=0x000000016d914780  x1=0x00000001006ca264  x2=0x000000016d914780  x3=0x0000000000000000
 x4=0x0000000000000000  x5=0x0000000000000000  x6=0x00000001010e7440  x7=0x000000016f911dd8
 x8=0x000000016d918030  x9=0x0000000000000015 x10=0x0000000000000001 x11=0x0000000000000020
x12=0x0000000000000000 x13=0x00000001009b91e8 x14=0x000000033b83c3f0 x15=0x00000001009b91d0
x16=0x00000001005a1c38 x17=0x000000033b82fbd0 x18=0x0000000000000000 x19=0x000000016d914780
x20=0x00000001006ca264 x21=0x00000001009d32b0 x22=0x00000001009b9200 x23=0x0000000100ae4860
x24=0x00000001009b9200 x25=0x00000001006ca264 x26=0x0000000000000000 x27=0x00000001009b8f30
x28=0x0000000100bd9b08  fp=0x000000016f9117b0  lr=0x00000001006c91a8  sp=0x000000016f911780
pc=0x00000001005899f8 cpsr=0x0000000080001000
Top of Stack: (sp=0x000000016f911780)
0x000000016f911780:   00000001009b9200 0000000100ae4860
0x000000016f911790:   00000001009b9200 00000001009d32b0
0x000000016f9117a0:   0000000000000002 000000016d914770
0x000000016f9117b0:   000000016f911900 00000001006c91a8
0x000000016f9117c0:   0ab7c9c96fe9ba25 0000000100b151c0
0x000000016f9117d0:   000000016f9118a0 72d06a59ec02008a
0x000000016f9117e0:   0000000000000000 0000000000bd9f00
0x000000016f9117f0:   0000000000000002 000000016f911920
0x000000016f911800:   000000016f911918 0000000000000002
0x000000016f911810:   000000033b852b80 00000001009b3700
0x000000016f911820:   000000033b852440 000000033b82fc70
0x000000016f911830:   000000010080e391 00000001009b3700
0x000000016f911840:   000000033b7c7db0 000000033b7c7d40
0x000000016f911850:   0000000000000000 000000033b84c688
0x000000016f911860:   000000033b84c640 000000033b84b100
0x000000016f911870:   000000016f911890 000000010056ff20
0x000000016f911880:   000000033b84c640 0000000000000002
0x000000016f911890:   000000016f9118c0 72d06a59ec02008a
0x000000016f9118a0:   72d06a59ec02008a 0000000000000000
0x000000016f9118b0:   0000000100bd9b08 0000000100bd9b00
0x000000016f9118c0:   0000000000000000 0000000100ba0cd0
0x000000016f9118d0:   0000000100ba0cd2 0000000100ae4860
0x000000016f9118e0:   000000013481ff20 0000000000000010
0x000000016f9118f0:   00000001009d32b0 00000001009b8f30
0x000000016f911900:   000000016f911950 00000001006ca7e4
0x000000016f911910:   000000033b82fa90 00000001009d32b0
0x000000016f911920:   000000016f911980 72d06a59ec02008a
0x000000016f911930:   000000013481ff20 0000000000000010
0x000000016f911940:   00000001008c5950 000000033b82fa90
0x000000016f911950:   000000016f911980 00000001006ca89c
0x000000016f911960:   000000013481ff20 000000012589df20
0x000000016f911970:   000000012589df20 0000000100ae4860 

Instructions: (pc=0x00000001005899f8)
0x00000001005899d8:   a9bc5ff8 a90157f6 a9024ff4 a9037bfd
0x00000001005899e8:   9100c3fd aa0203f3 aa0103f4 f9401008
0x00000001005899f8:   f9400d16 39402909 34000249 aa0003f5
0x0000000100589a08:   f9401409 b40004a9 f10006df 5400068b 

Register to memory mapping:

 x0=0x000000016d914780 is an unknown value
 x1=0x00000001006ca264: visit_decref+0 in /Users/charlesc/anaconda3/envs/erp_tools_env/bin/python3.11 at 0x00000001004e8000
 x2=0x000000016d914780 is an unknown value
 x3=0x0000000000000000 is an unknown value
 x4=0x0000000000000000 is an unknown value
 x5=0x0000000000000000 is an unknown value
 x6=0x00000001010e7440 is an unknown value
 x7=0x000000016f911dd8 is pointing into the stack for thread: 0x0000000133a13800
 x8=0x000000016d918030 is pointing into the stack for thread: 0x0000000133a13800
 x9=0x0000000000000015 is an unknown value
x10=0x0000000000000001 is an unknown value
x11=0x0000000000000020 is an unknown value
x12=0x0000000000000000 is an unknown value
x13=0x00000001009b91e8: _PyRuntime+0xe928 in /Users/charlesc/anaconda3/envs/erp_tools_env/bin/python3.11 at 0x00000001004e8000
x14=0x000000033b83c3f0 is an unknown value
x15=0x00000001009b91d0: _PyRuntime+0xe910 in /Users/charlesc/anaconda3/envs/erp_tools_env/bin/python3.11 at 0x00000001004e8000
x16=0x00000001005a1c38: PyModule_GetState+0 in /Users/charlesc/anaconda3/envs/erp_tools_env/bin/python3.11 at 0x00000001004e8000
x17=0x000000033b82fbd0 is an unknown value
x18=0x0000000000000000 is an unknown value
x19=0x000000016d914780 is an unknown value
x20=0x00000001006ca264: visit_decref+0 in /Users/charlesc/anaconda3/envs/erp_tools_env/bin/python3.11 at 0x00000001004e8000
x21=0x00000001009d32b0: _PyRuntime+0x289f0 in /Users/charlesc/anaconda3/envs/erp_tools_env/bin/python3.11 at 0x00000001004e8000
x22=0x00000001009b9200: _PyRuntime+0xe940 in /Users/charlesc/anaconda3/envs/erp_tools_env/bin/python3.11 at 0x00000001004e8000
x23=0x0000000100ae4860 is an unknown value
x24=0x00000001009b9200: _PyRuntime+0xe940 in /Users/charlesc/anaconda3/envs/erp_tools_env/bin/python3.11 at 0x00000001004e8000
x25=0x00000001006ca264: visit_decref+0 in /Users/charlesc/anaconda3/envs/erp_tools_env/bin/python3.11 at 0x00000001004e8000
x26=0x0000000000000000 is an unknown value
x27=0x00000001009b8f30: _PyRuntime+0xe670 in /Users/charlesc/anaconda3/envs/erp_tools_env/bin/python3.11 at 0x00000001004e8000
x28=0x0000000100bd9b08 is an unknown value


Stack: [0x000000016d918000,0x000000016f918000],  sp=0x000000016f911780,  free space=32741k
Native frames: (J=compiled Java code, j=interpreted, Vv=VM code, C=native code)
C  [python3.11+0xa19f8]  dict_traverse+0x20
C  [python3.11+0x1e11a8]  gc_collect_main+0x2dc
C  [python3.11+0x1e27e4]  _PyObject_GC_Link+0x130
C  [python3.11+0x1e289c]  _PyObject_GC_New+0x6c
C  [python3.11+0x6d3e4]  wrapperdescr_get+0xe8
C  [python3.11+0xd9bfc]  slot_tp_getattr_hook+0xbc
C  [python3.11+0xbd4b4]  PyObject_GetAttr+0x60
C  [python3.11+0xbdcdc]  _PyObject_GetMethod+0xc4
C  [python3.11+0x15f344]  _PyEval_EvalFrameDefault+0xac94
C  [python3.11+0x164078]  _PyEval_Vector+0xb8
C  [python3.11+0x5fa44]  _PyObject_FastCallDictTstate+0x140
C  [python3.11+0x608d4]  _PyObject_Call_Prepend+0xb0
C  [python3.11+0xd9a58]  slot_tp_call+0xac
C  [python3.11+0x5f7d8]  _PyObject_MakeTpCall+0x14c
C  [python3.11+0x15febc]  _PyEval_EvalFrameDefault+0xb80c
C  [python3.11+0x164078]  _PyEval_Vector+0xb8
C  [python3.11+0x5f9a0]  _PyObject_FastCallDictTstate+0x9c
C  [python3.11+0x608d4]  _PyObject_Call_Prepend+0xb0
C  [python3.11+0xdb068]  slot_tp_init+0xc4
C  [python3.11+0xd3620]  type_call+0x1d0
C  [python3.11+0x5f7d8]  _PyObject_MakeTpCall+0x14c
C  [python3.11+0x15febc]  _PyEval_EvalFrameDefault+0xb80c
C  [python3.11+0x164078]  _PyEval_Vector+0xb8
C  [python3.11+0x63338]  method_vectorcall+0x158
C  [python3.11+0x5fa44]  _PyObject_FastCallDictTstate+0x140
C  [python3.11+0xd4c30]  type_new+0xf14
C  [python3.11+0xd34a4]  type_call+0x54
C  [python3.11+0x5f7d8]  _PyObject_MakeTpCall+0x14c
C  [python3.11+0x5fa44]  _PyObject_FastCallDictTstate+0x140
C  [python3.11+0x14d9fc]  builtin___build_class__+0x560
C  [python3.11+0xb761c]  cfunction_vectorcall_FASTCALL_KEYWORDS+0xa8
C  [python3.11+0x600e0]  PyObject_Vectorcall+0x4c
C  [python3.11+0x15febc]  _PyEval_EvalFrameDefault+0xb80c
C  [python3.11+0x15372c]  PyEval_EvalCode+0xdc
C  [python3.11+0x14f4d8]  builtin_exec+0x484
C  [python3.11+0xb761c]  cfunction_vectorcall_FASTCALL_KEYWORDS+0xa8
C  [python3.11+0x161ddc]  _PyEval_EvalFrameDefault+0xd72c
C  [python3.11+0x164078]  _PyEval_Vector+0xb8
C  [python3.11+0x61b2c]  object_vacall+0x110
C  [python3.11+0x61954]  PyObject_CallMethodObjArgs+0x6c
C  [python3.11+0x193e08]  PyImport_ImportModuleLevelObject+0x6b4
C  [python3.11+0x14dce8]  builtin___import__+0x11c
C  [python3.11+0xb761c]  cfunction_vectorcall_FASTCALL_KEYWORDS+0xa8
C  [python3.11+0x161ddc]  _PyEval_EvalFrameDefault+0xd72c
C  [python3.11+0x164078]  _PyEval_Vector+0xb8
C  [python3.11+0x61b2c]  object_vacall+0x110
C  [python3.11+0x61954]  PyObject_CallMethodObjArgs+0x6c
C  [python3.11+0x193e8c]  PyImport_ImportModuleLevelObject+0x738
C  [python3.11+0x15c424]  _PyEval_EvalFrameDefault+0x7d74
C  [python3.11+0x15372c]  PyEval_EvalCode+0xdc
C  [python3.11+0x14f4d8]  builtin_exec+0x484
C  [python3.11+0xb761c]  cfunction_vectorcall_FASTCALL_KEYWORDS+0xa8
C  [python3.11+0x161ddc]  _PyEval_EvalFrameDefault+0xd72c
C  [python3.11+0x164078]  _PyEval_Vector+0xb8
C  [python3.11+0x61b2c]  object_vacall+0x110
C  [python3.11+0x61954]  PyObject_CallMethodObjArgs+0x6c
C  [python3.11+0x193e08]  PyImport_ImportModuleLevelObject+0x6b4
C  [python3.11+0x15c424]  _PyEval_EvalFrameDefault+0x7d74
C  [python3.11+0x15372c]  PyEval_EvalCode+0xdc
C  [python3.11+0x14f4d8]  builtin_exec+0x484
C  [python3.11+0xb761c]  cfunction_vectorcall_FASTCALL_KEYWORDS+0xa8
C  [python3.11+0x161ddc]  _PyEval_EvalFrameDefault+0xd72c
C  [python3.11+0x164078]  _PyEval_Vector+0xb8
C  [python3.11+0x61b2c]  object_vacall+0x110
C  [python3.11+0x61954]  PyObject_CallMethodObjArgs+0x6c
C  [python3.11+0x193e08]  PyImport_ImportModuleLevelObject+0x6b4
C  [python3.11+0x15c424]  _PyEval_EvalFrameDefault+0x7d74
C  [python3.11+0x15372c]  PyEval_EvalCode+0xdc
C  [python3.11+0x14f4d8]  builtin_exec+0x484
C  [python3.11+0xb761c]  cfunction_vectorcall_FASTCALL_KEYWORDS+0xa8
C  [python3.11+0x161ddc]  _PyEval_EvalFrameDefault+0xd72c
C  [python3.11+0x164078]  _PyEval_Vector+0xb8
C  [python3.11+0x61b2c]  object_vacall+0x110
C  [python3.11+0x61954]  PyObject_CallMethodObjArgs+0x6c
C  [python3.11+0x193e08]  PyImport_ImportModuleLevelObject+0x6b4
C  [python3.11+0x14dce8]  builtin___import__+0x11c
C  [python3.11+0xb761c]  cfunction_vectorcall_FASTCALL_KEYWORDS+0xa8
C  [python3.11+0x161ddc]  _PyEval_EvalFrameDefault+0xd72c
C  [python3.11+0x164078]  _PyEval_Vector+0xb8
C  [python3.11+0x61b2c]  object_vacall+0x110
C  [python3.11+0x61954]  PyObject_CallMethodObjArgs+0x6c
C  [python3.11+0x193e8c]  PyImport_ImportModuleLevelObject+0x738
C  [python3.11+0x15c424]  _PyEval_EvalFrameDefault+0x7d74
C  [python3.11+0x15372c]  PyEval_EvalCode+0xdc
C  [python3.11+0x14f4d8]  builtin_exec+0x484
C  [python3.11+0xb761c]  cfunction_vectorcall_FASTCALL_KEYWORDS+0xa8
C  [python3.11+0x161ddc]  _PyEval_EvalFrameDefault+0xd72c
C  [python3.11+0x164078]  _PyEval_Vector+0xb8
C  [python3.11+0x61b2c]  object_vacall+0x110
C  [python3.11+0x61954]  PyObject_CallMethodObjArgs+0x6c
C  [python3.11+0x193e08]  PyImport_ImportModuleLevelObject+0x6b4
C  [python3.11+0x15c424]  _PyEval_EvalFrameDefault+0x7d74
C  [python3.11+0x15372c]  PyEval_EvalCode+0xdc
C  [python3.11+0x14f4d8]  builtin_exec+0x484
C  [python3.11+0xb761c]  cfunction_vectorcall_FASTCALL_KEYWORDS+0xa8
C  [python3.11+0x161ddc]  _PyEval_EvalFrameDefault+0xd72c
C  [python3.11+0x164078]  _PyEval_Vector+0xb8
C  [python3.11+0x61b2c]  object_vacall+0x110
C  [python3.11+0x61954]  PyObject_CallMethodObjArgs+0x6c
C  [python3.11+0x193e08]  PyImport_ImportModuleLevelObject+0x6b4
...<more frames>...


---------------  P R O C E S S  ---------------

Java Threads: ( => current thread )
  0x00000001353e0800 JavaThread "Service Thread" daemon [_thread_blocked, id=21763, stack(0x0000000338d3c000,0x0000000338f3f000)]
  0x0000000133a25800 JavaThread "C1 CompilerThread3" daemon [_thread_blocked, id=19203, stack(0x0000000338b30000,0x0000000338d33000)]
  0x0000000133a25000 JavaThread "C2 CompilerThread2" daemon [_thread_blocked, id=19715, stack(0x0000000338924000,0x0000000338b27000)]
  0x00000001358f6000 JavaThread "C2 CompilerThread1" daemon [_thread_blocked, id=18435, stack(0x0000000338718000,0x000000033891b000)]
  0x00000001358e6800 JavaThread "C2 CompilerThread0" daemon [_thread_blocked, id=18179, stack(0x00000003315c0000,0x00000003317c3000)]
  0x00000001346de800 JavaThread "Signal Dispatcher" daemon [_thread_blocked, id=20227, stack(0x00000003313b4000,0x00000003315b7000)]
  0x00000001353df000 JavaThread "Finalizer" daemon [_thread_blocked, id=13059, stack(0x000000033111c000,0x000000033131f000)]
  0x00000001353dc800 JavaThread "Reference Handler" daemon [_thread_blocked, id=13571, stack(0x0000000330f10000,0x0000000331113000)]
=>0x0000000133a13800 JavaThread "main" [_thread_in_native, id=259, stack(0x000000016d918000,0x000000016f918000)]

Other Threads:
  0x00000001346dd800 VMThread [stack: 0x0000000330d04000,0x0000000330f07000] [id=14083]
  0x000000013540a000 WatcherThread [stack: 0x0000000338f48000,0x000000033914b000] [id=22275]

VM state:not at safepoint (normal execution)

VM Mutex/Monitor currently owned by a thread: None

heap address: 0x00000005c0000000, size: 8192 MB, Compressed Oops mode: Zero based, Oop shift amount: 3
Narrow klass base: 0x0000000800000000, Narrow klass shift: 0
Compressed class space size: 1073741824 Address: 0x0000000800000000

Heap:
 PSYoungGen      total 153088K, used 52635K [0x0000000715580000, 0x0000000720000000, 0x00000007c0000000)
  eden space 131584K, 40% used [0x0000000715580000,0x00000007188e6c78,0x000000071d600000)
  from space 21504K, 0% used [0x000000071eb00000,0x000000071eb00000,0x0000000720000000)
  to   space 21504K, 0% used [0x000000071d600000,0x000000071d600000,0x000000071eb00000)
 ParOldGen       total 349696K, used 0K [0x00000005c0000000, 0x00000005d5580000, 0x0000000715580000)
  object space 349696K, 0% used [0x00000005c0000000,0x00000005c0000000,0x00000005d5580000)
 Metaspace       used 15882K, capacity 16675K, committed 16768K, reserved 1062912K
  class space    used 2381K, capacity 2898K, committed 2944K, reserved 1048576K

Card table byte_map: [0x000000031cc48000,0x000000031dc4c000] byte_map_base: 0x0000000319e48000

Marking Bits: (ParMarkBitMap*) 0x000000030fd7a1a8
 Begin Bits: [0x000000031f134000, 0x0000000327134000)
 End Bits:   [0x0000000327134000, 0x000000032f134000)

Polling page: 0x0000000100cec000

CodeCache: size=131072Kb used=3789Kb max_used=3789Kb free=127282Kb
 bounds [0x0000000314c48000, 0x0000000315008000, 0x000000031cc48000]
 total_blobs=1447 nmethods=954 adapters=410
 compilation: enabled

Compilation events (10 events):
Event: 0.564 Thread 0x00000001358f6000  950   !   4       java.util.zip.Inflater::inflate (113 bytes)
Event: 0.566 Thread 0x00000001358f6000 nmethod 950 0x0000000314ff8e50 code [0x0000000314ff8fc0, 0x0000000314ff93e8]
Event: 0.572 Thread 0x0000000133a25000  951       4       java.lang.String::concat (47 bytes)
Event: 0.572 Thread 0x00000001358e6800  952       4       sun.misc.URLClassPath::getResource (83 bytes)
Event: 0.573 Thread 0x0000000133a25800  953       1       java.lang.StringCoding$StringEncoder::requestedCharsetName (5 bytes)
Event: 0.573 Thread 0x0000000133a25800 nmethod 953 0x0000000314fd5dd0 code [0x0000000314fd5f00, 0x0000000314fd5f90]
Event: 0.573 Thread 0x0000000133a25800  954       3       java.util.regex.Pattern::sequence (553 bytes)
Event: 0.574 Thread 0x00000001358e6800 nmethod 952 0x0000000314ff7210 code [0x0000000314ff7380, 0x0000000314ff76a0]
Event: 0.574 Thread 0x0000000133a25000 nmethod 951 0x0000000314ff5510 code [0x0000000314ff5680, 0x0000000314ff5ad0]
Event: 0.576 Thread 0x0000000133a25800 nmethod 954 0x0000000314ffce50 code [0x0000000314ffd580, 0x0000000315000470]

GC Heap History (0 events):
No events

Deoptimization events (1 events):
Event: 0.251 Thread 0x0000000133a13800 Uncommon trap: reason=unstable_if action=reinterpret pc=0x0000000314e44dd4 method=java.lang.CharacterData.of(I)Ljava/lang/CharacterData; @ 4

Classes redefined (0 events):
No events

Internal exceptions (8 events):
Event: 0.025 Thread 0x0000000133a13800 Exception <a 'java/lang/NoSuchMethodError': Method sun.misc.Unsafe.defineClass(Ljava/lang/String;[BII)Ljava/lang/Class; name or signature does not match> (0x0000000715587ce0) thrown at [/Users/tester/jenkins/blue/workspace/Zulu/zulu-platform-build/zulu-sr
Event: 0.025 Thread 0x0000000133a13800 Exception <a 'java/lang/NoSuchMethodError': Method sun.misc.Unsafe.prefetchRead(Ljava/lang/Object;J)V name or signature does not match> (0x0000000715587fc8) thrown at [/Users/tester/jenkins/blue/workspace/Zulu/zulu-platform-build/zulu-src.git/hotspot/src/
Event: 0.116 Thread 0x0000000133a13800 Exception <a 'java/lang/NoSuchFieldError': method resolution failed> (0x0000000715ae85b0) thrown at [/Users/tester/jenkins/blue/workspace/Zulu/zulu-platform-build/zulu-src.git/hotspot/src/share/vm/prims/methodHandles.cpp, line 1194]
Event: 0.117 Thread 0x0000000133a13800 Exception <a 'java/lang/NoSuchFieldError': method resolution failed> (0x0000000715af59e0) thrown at [/Users/tester/jenkins/blue/workspace/Zulu/zulu-platform-build/zulu-src.git/hotspot/src/share/vm/prims/methodHandles.cpp, line 1194]
Event: 0.154 Thread 0x0000000133a13800 Exception <a 'java/security/PrivilegedActionException'> (0x0000000715d0bed8) thrown at [/Users/tester/jenkins/blue/workspace/Zulu/zulu-platform-build/zulu-src.git/hotspot/src/share/vm/prims/jvm.cpp, line 1514]
Event: 0.154 Thread 0x0000000133a13800 Exception <a 'java/security/PrivilegedActionException'> (0x0000000715d0c2d0) thrown at [/Users/tester/jenkins/blue/workspace/Zulu/zulu-platform-build/zulu-src.git/hotspot/src/share/vm/prims/jvm.cpp, line 1514]
Event: 0.154 Thread 0x0000000133a13800 Exception <a 'java/security/PrivilegedActionException'> (0x0000000715d0f7f0) thrown at [/Users/tester/jenkins/blue/workspace/Zulu/zulu-platform-build/zulu-src.git/hotspot/src/share/vm/prims/jvm.cpp, line 1514]
Event: 0.154 Thread 0x0000000133a13800 Exception <a 'java/security/PrivilegedActionException'> (0x0000000715d0fbe8) thrown at [/Users/tester/jenkins/blue/workspace/Zulu/zulu-platform-build/zulu-src.git/hotspot/src/share/vm/prims/jvm.cpp, line 1514]

Events (10 events):
Event: 0.572 loading class org/orekit/utils/StateJacobian
Event: 0.572 loading class org/orekit/utils/StateJacobian done
Event: 0.572 loading class org/orekit/utils/PythonTimeStampedCache
Event: 0.572 loading class org/orekit/utils/PythonTimeStampedCache done
Event: 0.572 loading class org/orekit/utils/PythonTimeStampedGenerator
Event: 0.572 loading class org/orekit/utils/PythonTimeStampedGenerator done
Event: 0.573 loading class org/orekit/data/ZipJarCrawler
Event: 0.573 loading class org/orekit/data/ZipJarCrawler done
Event: 0.573 loading class org/orekit/data/ZipJarCrawler$Archive$EntryStream
Event: 0.573 loading class org/orekit/data/ZipJarCrawler$Archive$EntryStream done


Dynamic libraries:
0x000000019176d000 	/usr/lib/libSystem.B.dylib
0x0000000191767000 	/usr/lib/system/libcache.dylib
0x0000000191721000 	/usr/lib/system/libcommonCrypto.dylib
0x000000019174d000 	/usr/lib/system/libcompiler_rt.dylib
0x0000000191743000 	/usr/lib/system/libcopyfile.dylib
0x000000018484e000 	/usr/lib/system/libcorecrypto.dylib
0x0000000184935000 	/usr/lib/system/libdispatch.dylib
0x0000000184af0000 	/usr/lib/system/libdyld.dylib
0x000000019175d000 	/usr/lib/system/libkeymgr.dylib
0x00000001916f9000 	/usr/lib/system/libmacho.dylib
0x0000000190bd9000 	/usr/lib/system/libquarantine.dylib
0x000000019175a000 	/usr/lib/system/libremovefile.dylib
0x000000018a26d000 	/usr/lib/system/libsystem_asl.dylib
0x00000001847e3000 	/usr/lib/system/libsystem_blocks.dylib
0x0000000184980000 	/usr/lib/system/libsystem_c.dylib
0x0000000191751000 	/usr/lib/system/libsystem_collections.dylib
0x000000018fdb1000 	/usr/lib/system/libsystem_configuration.dylib
0x000000018eded000 	/usr/lib/system/libsystem_containermanager.dylib
0x0000000191390000 	/usr/lib/system/libsystem_coreservices.dylib
0x0000000187f0e000 	/usr/lib/system/libsystem_darwin.dylib
0x000000024c661000 	/usr/lib/system/libsystem_darwindirectory.dylib
0x000000019175e000 	/usr/lib/system/libsystem_dnssd.dylib
0x000000024c665000 	/usr/lib/system/libsystem_eligibility.dylib
0x000000018497d000 	/usr/lib/system/libsystem_featureflags.dylib
0x0000000184b1e000 	/usr/lib/system/libsystem_info.dylib
0x00000001916be000 	/usr/lib/system/libsystem_m.dylib
0x00000001848f8000 	/usr/lib/system/libsystem_malloc.dylib
0x000000018a1da000 	/usr/lib/system/libsystem_networkextension.dylib
0x0000000188384000 	/usr/lib/system/libsystem_notify.dylib
0x000000018fdb6000 	/usr/lib/system/libsystem_sandbox.dylib
0x000000024c669000 	/usr/lib/system/libsystem_sanitizers.dylib
0x0000000191756000 	/usr/lib/system/libsystem_secinit.dylib
0x0000000184aa8000 	/usr/lib/system/libsystem_kernel.dylib
0x0000000184b16000 	/usr/lib/system/libsystem_platform.dylib
0x0000000184ae3000 	/usr/lib/system/libsystem_pthread.dylib
0x000000018bc5f000 	/usr/lib/system/libsystem_symptoms.dylib
0x0000000184833000 	/usr/lib/system/libsystem_trace.dylib
0x000000019172f000 	/usr/lib/system/libunwind.dylib
0x00000001847e8000 	/usr/lib/system/libxpc.dylib
0x0000000184a8c000 	/usr/lib/libc++abi.dylib
0x0000000184708000 	/usr/lib/libobjc.A.dylib
0x000000019173b000 	/usr/lib/liboah.dylib
0x00000001849ff000 	/usr/lib/libc++.1.dylib
0x0000000100cf4000 	/Users/charlesc/anaconda3/envs/erp_tools_env/lib/python3.11/lib-dynload/_json.cpython-311-darwin.so
0x0000000101270000 	/Users/charlesc/anaconda3/envs/erp_tools_env/lib/python3.11/site-packages/numpy/core/_multiarray_umath.cpython-311-darwin.so
0x0000000104800000 	/Users/charlesc/anaconda3/envs/erp_tools_env/lib/python3.11/site-packages/numpy/.dylibs/libopenblas64_.0.dylib
0x0000000101920000 	/Users/charlesc/anaconda3/envs/erp_tools_env/lib/python3.11/site-packages/numpy/.dylibs/libgfortran.5.dylib
0x0000000100e64000 	/Users/charlesc/anaconda3/envs/erp_tools_env/lib/python3.11/site-packages/numpy/.dylibs/libquadmath.0.dylib
0x0000000100e30000 	/Users/charlesc/anaconda3/envs/erp_tools_env/lib/python3.11/site-packages/numpy/.dylibs/libgcc_s.1.1.dylib
0x0000000100ec0000 	/Users/charlesc/anaconda3/envs/erp_tools_env/lib/python3.11/lib-dynload/math.cpython-311-darwin.so
0x0000000100f68000 	/Users/charlesc/anaconda3/envs/erp_tools_env/lib/python3.11/lib-dynload/_datetime.cpython-311-darwin.so
0x0000000100e08000 	/Users/charlesc/anaconda3/envs/erp_tools_env/lib/python3.11/lib-dynload/_struct.cpython-311-darwin.so
0x00000001010b4000 	/Users/charlesc/anaconda3/envs/erp_tools_env/lib/python3.11/lib-dynload/_pickle.cpython-311-darwin.so
0x0000000100e1c000 	/Users/charlesc/anaconda3/envs/erp_tools_env/lib/python3.11/lib-dynload/_contextvars.cpython-311-darwin.so
0x00000001011dc000 	/Users/charlesc/anaconda3/envs/erp_tools_env/lib/python3.11/site-packages/numpy/core/_multiarray_tests.cpython-311-darwin.so
0x00000001011fc000 	/Users/charlesc/anaconda3/envs/erp_tools_env/lib/python3.11/lib-dynload/_ctypes.cpython-311-darwin.so
0x0000000101224000 	/Users/charlesc/anaconda3/envs/erp_tools_env/lib/libffi.8.dylib
0x0000000100e54000 	/Users/charlesc/anaconda3/envs/erp_tools_env/lib/python3.11/lib-dynload/_typing.cpython-311-darwin.so
0x0000000101698000 	/Users/charlesc/anaconda3/envs/erp_tools_env/lib/python3.11/site-packages/numpy/linalg/_umath_linalg.cpython-311-darwin.so
0x0000000101244000 	/Users/charlesc/anaconda3/envs/erp_tools_env/lib/python3.11/site-packages/numpy/fft/_pocketfft_internal.cpython-311-darwin.so
0x0000000101870000 	/Users/charlesc/anaconda3/envs/erp_tools_env/lib/python3.11/site-packages/numpy/random/mtrand.cpython-311-darwin.so
0x00000001017f8000 	/Users/charlesc/anaconda3/envs/erp_tools_env/lib/python3.11/site-packages/numpy/random/bit_generator.cpython-311-darwin.so
0x0000000101da8000 	/Users/charlesc/anaconda3/envs/erp_tools_env/lib/python3.11/site-packages/numpy/random/_common.cpython-311-darwin.so
0x000000010108c000 	/Users/charlesc/anaconda3/envs/erp_tools_env/lib/python3.11/lib-dynload/binascii.cpython-311-darwin.so
0x000000010182c000 	/Users/charlesc/anaconda3/envs/erp_tools_env/lib/libz.1.2.13.dylib
0x00000001017dc000 	/Users/charlesc/anaconda3/envs/erp_tools_env/lib/python3.11/lib-dynload/_hashlib.cpython-311-darwin.so
0x0000000102220000 	/Users/charlesc/anaconda3/envs/erp_tools_env/lib/libcrypto.3.dylib
0x00000001010a0000 	/Users/charlesc/anaconda3/envs/erp_tools_env/lib/python3.11/lib-dynload/_blake2.cpython-311-darwin.so
0x0000000101260000 	/Users/charlesc/anaconda3/envs/erp_tools_env/lib/python3.11/lib-dynload/_bisect.cpython-311-darwin.so
0x00000001017c4000 	/Users/charlesc/anaconda3/envs/erp_tools_env/lib/python3.11/lib-dynload/_random.cpython-311-darwin.so
0x000000010184c000 	/Users/charlesc/anaconda3/envs/erp_tools_env/lib/python3.11/lib-dynload/_sha512.cpython-311-darwin.so
0x0000000101e44000 	/Users/charlesc/anaconda3/envs/erp_tools_env/lib/python3.11/site-packages/numpy/random/_bounded_integers.cpython-311-darwin.so
0x0000000101e04000 	/Users/charlesc/anaconda3/envs/erp_tools_env/lib/python3.11/site-packages/numpy/random/_mt19937.cpython-311-darwin.so
0x0000000101e20000 	/Users/charlesc/anaconda3/envs/erp_tools_env/lib/python3.11/site-packages/numpy/random/_philox.cpython-311-darwin.so
0x0000000101ec0000 	/Users/charlesc/anaconda3/envs/erp_tools_env/lib/python3.11/site-packages/numpy/random/_pcg64.cpython-311-darwin.so
0x0000000101ea0000 	/Users/charlesc/anaconda3/envs/erp_tools_env/lib/python3.11/site-packages/numpy/random/_sfc64.cpython-311-darwin.so
0x0000000101fac000 	/Users/charlesc/anaconda3/envs/erp_tools_env/lib/python3.11/site-packages/numpy/random/_generator.cpython-311-darwin.so
0x0000000101860000 	/Users/charlesc/anaconda3/envs/erp_tools_env/lib/python3.11/lib-dynload/_opcode.cpython-311-darwin.so
0x0000000101de8000 	/Users/charlesc/anaconda3/envs/erp_tools_env/lib/python3.11/lib-dynload/_bz2.cpython-311-darwin.so
0x0000000101f00000 	/Users/charlesc/anaconda3/envs/erp_tools_env/lib/libbz2.1.0.8.dylib
0x0000000101ee0000 	/Users/charlesc/anaconda3/envs/erp_tools_env/lib/python3.11/lib-dynload/_lzma.cpython-311-darwin.so
0x0000000101f58000 	/Users/charlesc/anaconda3/envs/erp_tools_env/lib/liblzma.5.dylib
0x0000000102a0c000 	/Users/charlesc/anaconda3/envs/erp_tools_env/lib/python3.11/site-packages/pyarrow/lib.cpython-311-darwin.so
0x0000000102dc8000 	/Users/charlesc/anaconda3/envs/erp_tools_env/lib/python3.11/site-packages/pyarrow/libarrow_python.dylib
0x000000016b97c000 	/Users/charlesc/anaconda3/envs/erp_tools_env/lib/libarrow.1400.2.0.dylib
0x0000000102778000 	/Users/charlesc/anaconda3/envs/erp_tools_env/lib/libc++.1.0.dylib
0x0000000122000000 	/Users/charlesc/anaconda3/envs/erp_tools_env/lib/libparquet.1400.2.0.dylib
0x000000010265c000 	/Users/charlesc/anaconda3/envs/erp_tools_env/lib/libthrift.0.15.0.dylib
0x0000000102898000 	/Users/charlesc/anaconda3/envs/erp_tools_env/lib/libbrotlienc.1.0.9.dylib
0x0000000101f3c000 	/Users/charlesc/anaconda3/envs/erp_tools_env/lib/libbrotlidec.1.0.9.dylib
0x00000001030b4000 	/Users/charlesc/anaconda3/envs/erp_tools_env/lib/liborc.dylib
0x00000001021a8000 	/Users/charlesc/anaconda3/envs/erp_tools_env/lib/libglog.0.5.0.dylib
0x000000010293c000 	/Users/charlesc/anaconda3/envs/erp_tools_env/lib/libutf8proc.2.dylib
0x0000000102734000 	/Users/charlesc/anaconda3/envs/erp_tools_env/lib/liblz4.1.9.4.dylib
0x0000000101f90000 	/Users/charlesc/anaconda3/envs/erp_tools_env/lib/libsnappy.1.1.10.dylib
0x00000001031c4000 	/Users/charlesc/anaconda3/envs/erp_tools_env/lib/libzstd.1.5.5.dylib
0x00000001021ec000 	/Users/charlesc/anaconda3/envs/erp_tools_env/lib/libaws-cpp-sdk-identity-management.dylib
0x0000000122774000 	/Users/charlesc/anaconda3/envs/erp_tools_env/lib/libaws-cpp-sdk-s3.dylib
0x00000001033e0000 	/Users/charlesc/anaconda3/envs/erp_tools_env/lib/libaws-cpp-sdk-core.dylib
0x0000000102fa4000 	/Users/charlesc/anaconda3/envs/erp_tools_env/lib/libre2.9.0.0.dylib
0x0000000103294000 	/Users/charlesc/anaconda3/envs/erp_tools_env/lib/libaws-crt-cpp.dylib
0x00000001026fc000 	/Users/charlesc/anaconda3/envs/erp_tools_env/lib/libbrotlicommon.1.0.9.dylib
0x0000000122b44000 	/Users/charlesc/anaconda3/envs/erp_tools_env/lib/libprotobuf.31.dylib
0x00000001029a0000 	/Users/charlesc/anaconda3/envs/erp_tools_env/lib/libgflags.2.2.2.dylib
0x0000000107e28000 	/Users/charlesc/anaconda3/envs/erp_tools_env/lib/libaws-cpp-sdk-cognito-identity.dylib
0x0000000103314000 	/Users/charlesc/anaconda3/envs/erp_tools_env/lib/libaws-cpp-sdk-sts.dylib
0x0000000103700000 	/Users/charlesc/anaconda3/envs/erp_tools_env/lib/libcurl.4.dylib
0x00000001029cc000 	/Users/charlesc/anaconda3/envs/erp_tools_env/lib/libaws-c-event-stream.1.0.0.dylib
0x0000000102178000 	/Users/charlesc/anaconda3/envs/erp_tools_env/lib/libaws-checksums.1.0.0.dylib
0x000000010304c000 	/Users/charlesc/anaconda3/envs/erp_tools_env/lib/libaws-c-common.1.0.0.dylib
0x0000000103380000 	/Users/charlesc/anaconda3/envs/erp_tools_env/lib/libnghttp2.14.dylib
0x0000000103574000 	/Users/charlesc/anaconda3/envs/erp_tools_env/lib/libssh2.1.0.1.dylib
0x00000001223a4000 	/Users/charlesc/anaconda3/envs/erp_tools_env/lib/libssl.3.dylib
0x0000000107f1c000 	/Users/charlesc/anaconda3/envs/erp_tools_env/lib/libgssapi_krb5.2.2.dylib
0x0000000184b4b000 	/System/Library/Frameworks/CoreFoundation.framework/Versions/A/CoreFoundation
0x000000018821f000 	/System/Library/PrivateFrameworks/CoreServicesInternal.framework/Versions/A/CoreServicesInternal
0x0000000185ca0000 	/System/Library/Frameworks/Foundation.framework/Versions/C/Foundation
0x000000019176f000 	/usr/lib/libfakelink.dylib
0x0000000187c47000 	/usr/lib/libicucore.A.dylib
0x0000000191773000 	/System/Library/PrivateFrameworks/SoftLinking.framework/Versions/A/SoftLinking
0x00000001882a1000 	/System/Library/Frameworks/IOKit.framework/Versions/A/IOKit
0x0000000198e03000 	/System/Library/Frameworks/CoreServices.framework/Versions/A/CoreServices
0x000000018c8e4000 	/usr/lib/libDiagnosticMessagesClient.dylib
0x000000018a1f5000 	/usr/lib/libenergytrace.dylib
0x0000000190c00000 	/usr/lib/libbsm.0.dylib
0x00000001916af000 	/usr/lib/libz.1.dylib
0x0000000191701000 	/usr/lib/system/libkxld.dylib
0x0000000189e06000 	/System/Library/Frameworks/CFNetwork.framework/Versions/A/CFNetwork
0x000000018d457000 	/System/Library/Frameworks/CoreServices.framework/Versions/A/Frameworks/FSEvents.framework/Versions/A/FSEvents
0x0000000187f19000 	/System/Library/Frameworks/CoreServices.framework/Versions/A/Frameworks/CarbonCore.framework/Versions/A/CarbonCore
0x000000018c92d000 	/System/Library/Frameworks/CoreServices.framework/Versions/A/Frameworks/Metadata.framework/Versions/A/Metadata
0x0000000191396000 	/System/Library/Frameworks/CoreServices.framework/Versions/A/Frameworks/OSServices.framework/Versions/A/OSServices
0x000000019184c000 	/System/Library/Frameworks/CoreServices.framework/Versions/A/Frameworks/SearchKit.framework/Versions/A/SearchKit
0x000000018bbe0000 	/System/Library/Frameworks/CoreServices.framework/Versions/A/Frameworks/AE.framework/Versions/A/AE
0x0000000185024000 	/System/Library/Frameworks/CoreServices.framework/Versions/A/Frameworks/LaunchServices.framework/Versions/A/LaunchServices
0x0000000192b72000 	/System/Library/Frameworks/CoreServices.framework/Versions/A/Frameworks/DictionaryServices.framework/Versions/A/DictionaryServices
0x000000018d464000 	/System/Library/Frameworks/CoreServices.framework/Versions/A/Frameworks/SharedFileList.framework/Versions/A/SharedFileList
0x0000000187874000 	/System/Library/Frameworks/Security.framework/Versions/A/Security
0x0000000185920000 	/System/Library/Frameworks/SystemConfiguration.framework/Versions/A/SystemConfiguration
0x00000001918ec000 	/usr/lib/libapple_nghttp2.dylib
0x0000000191922000 	/usr/lib/libcompression.dylib
0x000000018b854000 	/usr/lib/libsqlite3.dylib
0x000000018bc68000 	/System/Library/Frameworks/Network.framework/Versions/A/Network
0x000000024ad21000 	/usr/lib/libCoreEntitlements.dylib
0x000000023123d000 	/System/Library/PrivateFrameworks/MessageSecurity.framework/Versions/A/MessageSecurity
0x000000018b83a000 	/System/Library/PrivateFrameworks/ProtocolBuffer.framework/Versions/A/ProtocolBuffer
0x000000018a1f7000 	/usr/lib/libMobileGestalt.dylib
0x00000001912bf000 	/System/Library/PrivateFrameworks/AppleFSCompression.framework/Versions/A/AppleFSCompression
0x0000000190be8000 	/usr/lib/libcoretls.dylib
0x0000000192be8000 	/usr/lib/libcoretls_cfhelpers.dylib
0x000000019191c000 	/usr/lib/libpam.2.dylib
0x0000000192c5a000 	/usr/lib/libxar.1.dylib
0x000000018d496000 	/System/Library/PrivateFrameworks/CoreAutoLayout.framework/Versions/A/CoreAutoLayout
0x000000018c9c8000 	/System/Library/Frameworks/DiskArbitration.framework/Versions/A/DiskArbitration
0x00000001917c3000 	/usr/lib/libarchive.2.dylib
0x000000018d4e0000 	/usr/lib/libxml2.2.dylib
0x000000018fdc2000 	/usr/lib/liblangid.dylib
0x0000000196cff000 	/System/Library/Frameworks/Combine.framework/Versions/A/Combine
0x000000022009c000 	/System/Library/PrivateFrameworks/CollectionsInternal.framework/Versions/A/CollectionsInternal
0x000000023634b000 	/System/Library/PrivateFrameworks/ReflectionInternal.framework/Versions/A/ReflectionInternal
0x00000002368dd000 	/System/Library/PrivateFrameworks/RuntimeInternal.framework/Versions/A/RuntimeInternal
0x00000001947bb000 	/usr/lib/swift/libswiftCore.dylib
0x00000001aa4e5000 	/usr/lib/swift/libswiftCoreFoundation.dylib
0x00000001a7f52000 	/usr/lib/swift/libswiftDarwin.dylib
0x000000019a473000 	/usr/lib/swift/libswiftDispatch.dylib
0x00000001aa530000 	/usr/lib/swift/libswiftIOKit.dylib
0x000000019ccee000 	/usr/lib/swift/libswiftObjectiveC.dylib
0x00000001aa4f7000 	/usr/lib/swift/libswiftXPC.dylib
0x000000024c314000 	/usr/lib/swift/libswift_Concurrency.dylib
0x000000024c468000 	/usr/lib/swift/libswift_StringProcessing.dylib
0x000000019ccf2000 	/usr/lib/swift/libswiftos.dylib
0x000000018fdbe000 	/System/Library/PrivateFrameworks/AppleSystemInfo.framework/Versions/A/AppleSystemInfo
0x0000000191774000 	/usr/lib/libpcap.A.dylib
0x000000018bc54000 	/usr/lib/libdns_services.dylib
0x0000000189e05000 	/usr/lib/libnetwork.dylib
0x00000001908e6000 	/System/Library/PrivateFrameworks/IOMobileFramebuffer.framework/Versions/A/IOMobileFramebuffer
0x000000018ee18000 	/System/Library/Frameworks/IOSurface.framework/Versions/A/IOSurface
0x0000000192bc9000 	/usr/lib/liblzma.5.dylib
0x000000024c3bf000 	/usr/lib/swift/libswift_RegexParser.dylib
0x0000000191383000 	/usr/lib/libbz2.1.0.dylib
0x00000001917aa000 	/usr/lib/libiconv.2.dylib
0x00000001916f5000 	/usr/lib/libcharset.1.dylib
0x0000000193048000 	/usr/lib/libheimdal-asn1.dylib
0x0000000190bdc000 	/usr/lib/libCheckFix.dylib
0x000000018a285000 	/System/Library/PrivateFrameworks/TCC.framework/Versions/A/TCC
0x000000018fdc4000 	/System/Library/PrivateFrameworks/CoreNLP.framework/Versions/A/CoreNLP
0x000000018c8e6000 	/System/Library/PrivateFrameworks/MetadataUtilities.framework/Versions/A/MetadataUtilities
0x00000001990c8000 	/System/Library/Frameworks/Accelerate.framework/Versions/A/Accelerate
0x0000000190c12000 	/usr/lib/libmecab.dylib
0x00000001859b4000 	/usr/lib/libCRFSuite.dylib
0x0000000190c6e000 	/usr/lib/libgermantok.dylib
0x00000001918c3000 	/usr/lib/libThaiTokenizer.dylib
0x000000018c9d1000 	/System/Library/Frameworks/Accelerate.framework/Versions/A/Frameworks/vImage.framework/Versions/A/vImage
0x0000000198dda000 	/System/Library/Frameworks/Accelerate.framework/Versions/A/Frameworks/vecLib.framework/Versions/A/vecLib
0x0000000192ca1000 	/System/Library/Frameworks/Accelerate.framework/Versions/A/Frameworks/vecLib.framework/Versions/A/libvMisc.dylib
0x00000001907c1000 	/System/Library/Frameworks/Accelerate.framework/Versions/A/Frameworks/vecLib.framework/Versions/A/libvDSP.dylib
0x000000018542b000 	/System/Library/Frameworks/Accelerate.framework/Versions/A/Frameworks/vecLib.framework/Versions/A/libBLAS.dylib
0x00000001919f7000 	/System/Library/Frameworks/Accelerate.framework/Versions/A/Frameworks/vecLib.framework/Versions/A/libLAPACK.dylib
0x0000000190c71000 	/System/Library/Frameworks/Accelerate.framework/Versions/A/Frameworks/vecLib.framework/Versions/A/libLinearAlgebra.dylib
0x0000000191907000 	/System/Library/Frameworks/Accelerate.framework/Versions/A/Frameworks/vecLib.framework/Versions/A/libSparseBLAS.dylib
0x00000001919f2000 	/System/Library/Frameworks/Accelerate.framework/Versions/A/Frameworks/vecLib.framework/Versions/A/libQuadrature.dylib
0x000000018feed000 	/System/Library/Frameworks/Accelerate.framework/Versions/A/Frameworks/vecLib.framework/Versions/A/libBNNS.dylib
0x00000001858b9000 	/System/Library/Frameworks/Accelerate.framework/Versions/A/Frameworks/vecLib.framework/Versions/A/libSparse.dylib
0x000000022f98c000 	/System/Library/PrivateFrameworks/MIL.framework/Versions/A/MIL
0x000000018d437000 	/System/Library/Frameworks/OpenDirectory.framework/Versions/A/Frameworks/CFOpenDirectory.framework/Versions/A/CFOpenDirectory
0x000000018d427000 	/System/Library/Frameworks/OpenDirectory.framework/Versions/A/OpenDirectory
0x0000000192bea000 	/System/Library/PrivateFrameworks/APFS.framework/Versions/A/APFS
0x0000000190b18000 	/System/Library/Frameworks/SecurityFoundation.framework/Versions/A/SecurityFoundation
0x0000000192c69000 	/usr/lib/libutil.dylib
0x000000022dadf000 	/System/Library/PrivateFrameworks/InstalledContentLibrary.framework/Versions/A/InstalledContentLibrary
0x0000000188260000 	/System/Library/PrivateFrameworks/CoreServicesStore.framework/Versions/A/CoreServicesStore
0x000000018d48f000 	/usr/lib/libapp_launch_measurement.dylib
0x000000021d834000 	/System/Library/PrivateFrameworks/AppleMobileFileIntegrity.framework/Versions/A/AppleMobileFileIntegrity
0x00000001aa4b3000 	/usr/lib/libmis.dylib
0x00000001babeb000 	/System/Library/PrivateFrameworks/MobileSystemServices.framework/Versions/A/MobileSystemServices
0x00000001d8c91000 	/System/Library/PrivateFrameworks/ConfigProfileHelper.framework/Versions/A/ConfigProfileHelper
0x000000018c8b5000 	/System/Library/PrivateFrameworks/CoreAnalytics.framework/Versions/A/CoreAnalytics
0x00000001918c5000 	/System/Library/PrivateFrameworks/AppleSauce.framework/Versions/A/AppleSauce
0x00000001868fe000 	/System/Library/PrivateFrameworks/LanguageModeling.framework/Versions/A/LanguageModeling
0x0000000192c6d000 	/usr/lib/libxslt.1.dylib
0x00000001917b1000 	/usr/lib/libcmph.dylib
0x00000001908b2000 	/System/Library/PrivateFrameworks/CoreEmoji.framework/Versions/A/CoreEmoji
0x000000018fee7000 	/System/Library/PrivateFrameworks/LinguisticData.framework/Versions/A/LinguisticData
0x00000001857c7000 	/System/Library/PrivateFrameworks/Lexicon.framework/Versions/A/Lexicon
0x0000000190ba6000 	/System/Library/PrivateFrameworks/BackgroundTaskManagement.framework/Versions/A/BackgroundTaskManagement
0x000000024af0f000 	/usr/lib/libTLE.dylib
0x0000000122554000 	/Users/charlesc/anaconda3/envs/erp_tools_env/lib/libkrb5.3.3.dylib
0x000000010302c000 	/Users/charlesc/anaconda3/envs/erp_tools_env/lib/libk5crypto.3.1.dylib
0x0000000101f20000 	/Users/charlesc/anaconda3/envs/erp_tools_env/lib/libcom_err.3.0.dylib
0x000000010300c000 	/Users/charlesc/anaconda3/envs/erp_tools_env/lib/libkrb5support.1.1.dylib
0x00000001950cc000 	/usr/lib/libresolv.9.dylib
0x000000010352c000 	/Users/charlesc/anaconda3/envs/erp_tools_env/lib/libaws-c-mqtt.1.0.0.dylib
0x00000001037ac000 	/Users/charlesc/anaconda3/envs/erp_tools_env/lib/libaws-c-s3.1.0.0.dylib
0x0000000107f70000 	/Users/charlesc/anaconda3/envs/erp_tools_env/lib/libaws-c-auth.1.0.0.dylib
0x00000001224e8000 	/Users/charlesc/anaconda3/envs/erp_tools_env/lib/libaws-c-http.1.0.0.dylib
0x0000000122488000 	/Users/charlesc/anaconda3/envs/erp_tools_env/lib/libaws-c-io.1.0.0.dylib
0x00000001033b4000 	/Users/charlesc/anaconda3/envs/erp_tools_env/lib/libaws-c-cal.1.0.0.dylib
0x00000001035bc000 	/Users/charlesc/anaconda3/envs/erp_tools_env/lib/libaws-c-sdkutils.1.0.0.dylib
0x0000000102194000 	/Users/charlesc/anaconda3/envs/erp_tools_env/lib/libaws-c-compression.1.0.0.dylib
0x0000000122e60000 	/Users/charlesc/anaconda3/envs/erp_tools_env/lib/python3.11/lib-dynload/_decimal.cpython-311-darwin.so
0x000000010308c000 	/Users/charlesc/anaconda3/envs/erp_tools_env/lib/python3.11/lib-dynload/_uuid.cpython-311-darwin.so
0x0000000107fac000 	/Users/charlesc/anaconda3/envs/erp_tools_env/lib/python3.11/lib-dynload/_socket.cpython-311-darwin.so
0x000000010309c000 	/Users/charlesc/anaconda3/envs/erp_tools_env/lib/python3.11/lib-dynload/select.cpython-311-darwin.so
0x0000000103558000 	/Users/charlesc/anaconda3/envs/erp_tools_env/lib/python3.11/lib-dynload/array.cpython-311-darwin.so
0x00000001033d0000 	/Users/charlesc/anaconda3/envs/erp_tools_env/lib/python3.11/lib-dynload/_heapq.cpython-311-darwin.so
0x00000001035e4000 	/Users/charlesc/anaconda3/envs/erp_tools_env/lib/python3.11/lib-dynload/_queue.cpython-311-darwin.so
0x0000000122e08000 	/Users/charlesc/anaconda3/envs/erp_tools_env/lib/python3.11/site-packages/pyarrow/_hdfsio.cpython-311-darwin.so
0x00000001037e0000 	/Users/charlesc/anaconda3/envs/erp_tools_env/lib/python3.11/site-packages/pandas/_libs/pandas_parser.cpython-311-darwin.so
0x0000000107fcc000 	/Users/charlesc/anaconda3/envs/erp_tools_env/lib/python3.11/site-packages/pandas/_libs/pandas_datetime.cpython-311-darwin.so
0x00000001231d4000 	/Users/charlesc/anaconda3/envs/erp_tools_env/lib/python3.11/site-packages/pandas/_libs/interval.cpython-311-darwin.so
0x0000000127c00000 	/Users/charlesc/anaconda3/envs/erp_tools_env/lib/python3.11/site-packages/pandas/_libs/hashtable.cpython-311-darwin.so
0x00000001230b8000 	/Users/charlesc/anaconda3/envs/erp_tools_env/lib/python3.11/site-packages/pandas/_libs/missing.cpython-311-darwin.so
0x00000001230f4000 	/Users/charlesc/anaconda3/envs/erp_tools_env/lib/python3.11/site-packages/pandas/_libs/tslibs/dtypes.cpython-311-darwin.so
0x0000000122744000 	/Users/charlesc/anaconda3/envs/erp_tools_env/lib/python3.11/site-packages/pandas/_libs/tslibs/np_datetime.cpython-311-darwin.so
0x0000000123160000 	/Users/charlesc/anaconda3/envs/erp_tools_env/lib/python3.11/site-packages/pandas/_libs/tslibs/conversion.cpython-311-darwin.so
0x0000000107fe4000 	/Users/charlesc/anaconda3/envs/erp_tools_env/lib/python3.11/site-packages/pandas/_libs/tslibs/base.cpython-311-darwin.so
0x00000001233e0000 	/Users/charlesc/anaconda3/envs/erp_tools_env/lib/python3.11/site-packages/pandas/_libs/tslibs/offsets.cpython-311-darwin.so
0x00000001234d4000 	/Users/charlesc/anaconda3/envs/erp_tools_env/lib/python3.11/site-packages/pandas/_libs/tslibs/timestamps.cpython-311-darwin.so
0x0000000123334000 	/Users/charlesc/anaconda3/envs/erp_tools_env/lib/python3.11/site-packages/pandas/_libs/tslibs/nattype.cpython-311-darwin.so
0x0000000127900000 	/Users/charlesc/anaconda3/envs/erp_tools_env/lib/python3.11/site-packages/pandas/_libs/tslibs/timedeltas.cpython-311-darwin.so
0x0000000123378000 	/Users/charlesc/anaconda3/envs/erp_tools_env/lib/python3.11/site-packages/pandas/_libs/tslibs/timezones.cpython-311-darwin.so
0x00000001224d4000 	/Users/charlesc/anaconda3/envs/erp_tools_env/lib/python3.11/lib-dynload/_zoneinfo.cpython-311-darwin.so
0x00000001235b0000 	/Users/charlesc/anaconda3/envs/erp_tools_env/lib/python3.11/site-packages/pandas/_libs/tslibs/fields.cpython-311-darwin.so
0x0000000122e44000 	/Users/charlesc/anaconda3/envs/erp_tools_env/lib/python3.11/site-packages/pandas/_libs/tslibs/ccalendar.cpython-311-darwin.so
0x0000000122720000 	/Users/charlesc/anaconda3/envs/erp_tools_env/lib/python3.11/lib-dynload/fcntl.cpython-311-darwin.so
0x0000000122730000 	/Users/charlesc/anaconda3/envs/erp_tools_env/lib/python3.11/lib-dynload/_posixsubprocess.cpython-311-darwin.so
0x000000012798c000 	/Users/charlesc/anaconda3/envs/erp_tools_env/lib/python3.11/site-packages/pandas/_libs/tslibs/tzconversion.cpython-311-darwin.so
0x0000000123140000 	/Users/charlesc/anaconda3/envs/erp_tools_env/lib/python3.11/site-packages/pandas/_libs/properties.cpython-311-darwin.so
0x0000000127ef4000 	/Users/charlesc/anaconda3/envs/erp_tools_env/lib/python3.11/site-packages/pandas/_libs/tslibs/parsing.cpython-311-darwin.so
0x0000000127f58000 	/Users/charlesc/anaconda3/envs/erp_tools_env/lib/python3.11/site-packages/pandas/_libs/tslibs/strptime.cpython-311-darwin.so
0x0000000132070000 	/Users/charlesc/anaconda3/envs/erp_tools_env/lib/python3.11/site-packages/pandas/_libs/tslibs/period.cpython-311-darwin.so
0x00000001232f0000 	/Users/charlesc/anaconda3/envs/erp_tools_env/lib/python3.11/site-packages/pandas/_libs/tslibs/vectorized.cpython-311-darwin.so
0x000000012319c000 	/Users/charlesc/anaconda3/envs/erp_tools_env/lib/python3.11/site-packages/pandas/_libs/ops_dispatch.cpython-311-darwin.so
0x0000000132288000 	/Users/charlesc/anaconda3/envs/erp_tools_env/lib/python3.11/site-packages/pandas/_libs/algos.cpython-311-darwin.so
0x0000000132188000 	/Users/charlesc/anaconda3/envs/erp_tools_env/lib/python3.11/site-packages/pandas/_libs/lib.cpython-311-darwin.so
0x0000000132658000 	/Users/charlesc/anaconda3/envs/erp_tools_env/lib/python3.11/lib-dynload/unicodedata.cpython-311-darwin.so
0x0000000127e94000 	/Users/charlesc/anaconda3/envs/erp_tools_env/lib/python3.11/site-packages/pandas/_libs/ops.cpython-311-darwin.so
0x0000000123568000 	/Users/charlesc/anaconda3/envs/erp_tools_env/lib/python3.11/site-packages/numexpr/interpreter.cpython-311-darwin.so
0x0000000132898000 	/Users/charlesc/anaconda3/envs/erp_tools_env/lib/python3.11/site-packages/pyarrow/_compute.cpython-311-darwin.so
0x0000000123590000 	/Users/charlesc/anaconda3/envs/erp_tools_env/lib/python3.11/site-packages/bottleneck/move.cpython-311-darwin.so
0x0000000123124000 	/Users/charlesc/anaconda3/envs/erp_tools_env/lib/python3.11/site-packages/bottleneck/nonreduce.cpython-311-darwin.so
0x00000001231b8000 	/Users/charlesc/anaconda3/envs/erp_tools_env/lib/python3.11/site-packages/bottleneck/nonreduce_axis.cpython-311-darwin.so
0x00000001279d4000 	/Users/charlesc/anaconda3/envs/erp_tools_env/lib/python3.11/site-packages/bottleneck/reduce.cpython-311-darwin.so
0x0000000127ecc000 	/Users/charlesc/anaconda3/envs/erp_tools_env/lib/python3.11/site-packages/pandas/_libs/arrays.cpython-311-darwin.so
0x00000001233b8000 	/Users/charlesc/anaconda3/envs/erp_tools_env/lib/python3.11/lib-dynload/_csv.cpython-311-darwin.so
0x00000001233cc000 	/Users/charlesc/anaconda3/envs/erp_tools_env/lib/python3.11/lib-dynload/zlib.cpython-311-darwin.so
0x0000000132000000 	/Users/charlesc/anaconda3/envs/erp_tools_env/lib/python3.11/site-packages/pandas/_libs/tslib.cpython-311-darwin.so
0x0000000132dbc000 	/Users/charlesc/anaconda3/envs/erp_tools_env/lib/python3.11/site-packages/pandas/_libs/sparse.cpython-311-darwin.so
0x0000000127fa4000 	/Users/charlesc/anaconda3/envs/erp_tools_env/lib/python3.11/site-packages/pandas/_libs/indexing.cpython-311-darwin.so
0x00000001332d0000 	/Users/charlesc/anaconda3/envs/erp_tools_env/lib/python3.11/site-packages/pandas/_libs/index.cpython-311-darwin.so
0x0000000132d00000 	/Users/charlesc/anaconda3/envs/erp_tools_env/lib/python3.11/site-packages/pandas/_libs/internals.cpython-311-darwin.so
0x0000000134c00000 	/Users/charlesc/anaconda3/envs/erp_tools_env/lib/python3.11/site-packages/pandas/_libs/join.cpython-311-darwin.so
0x00000001320e0000 	/Users/charlesc/anaconda3/envs/erp_tools_env/lib/python3.11/site-packages/pandas/_libs/writers.cpython-311-darwin.so
0x0000000127fbc000 	/Users/charlesc/anaconda3/envs/erp_tools_env/lib/python3.11/lib-dynload/mmap.cpython-311-darwin.so
0x0000000127fd0000 	/Users/charlesc/anaconda3/envs/erp_tools_env/lib/python3.11/lib-dynload/grp.cpython-311-darwin.so
0x0000000132230000 	/Users/charlesc/anaconda3/envs/erp_tools_env/lib/python3.11/site-packages/pandas/_libs/window/aggregations.cpython-311-darwin.so
0x0000000132148000 	/Users/charlesc/anaconda3/envs/erp_tools_env/lib/python3.11/site-packages/pandas/_libs/window/indexers.cpython-311-darwin.so
0x0000000132d5c000 	/Users/charlesc/anaconda3/envs/erp_tools_env/lib/python3.11/site-packages/pandas/_libs/reshape.cpython-311-darwin.so
0x000000016a19c000 	/Users/charlesc/anaconda3/envs/erp_tools_env/lib/python3.11/site-packages/pandas/_libs/groupby.cpython-311-darwin.so
0x0000000132044000 	/Users/charlesc/anaconda3/envs/erp_tools_env/lib/python3.11/site-packages/pandas/_libs/json.cpython-311-darwin.so
0x0000000133200000 	/Users/charlesc/anaconda3/envs/erp_tools_env/lib/python3.11/site-packages/pandas/_libs/parsers.cpython-311-darwin.so
0x0000000132118000 	/Users/charlesc/anaconda3/envs/erp_tools_env/lib/python3.11/site-packages/pandas/_libs/testing.cpython-311-darwin.so
0x0000000127fe0000 	/Users/charlesc/anaconda3/envs/erp_tools_env/lib/python3.11/lib-dynload/cmath.cpython-311-darwin.so
0x000000016a63c000 	/Users/charlesc/anaconda3/envs/erp_tools_env/lib/python3.11/site-packages/erfa/ufunc.cpython-311-darwin.so
0x0000000132634000 	/Users/charlesc/anaconda3/envs/erp_tools_env/lib/python3.11/site-packages/astropy/utils/_compiler.cpython-311-darwin.so
0x0000000132e7c000 	/Users/charlesc/anaconda3/envs/erp_tools_env/lib/python3.11/lib-dynload/_ssl.cpython-311-darwin.so
0x0000000132060000 	/Users/charlesc/anaconda3/envs/erp_tools_env/lib/python3.11/lib-dynload/_scproxy.cpython-311-darwin.so
0x000000013287c000 	/Users/charlesc/anaconda3/envs/erp_tools_env/lib/python3.11/site-packages/lz4/_version.cpython-311-darwin.so
0x00000001329b8000 	/Users/charlesc/anaconda3/envs/erp_tools_env/lib/python3.11/site-packages/lz4/frame/_frame.cpython-311-darwin.so
0x0000000132d9c000 	/Users/charlesc/anaconda3/envs/erp_tools_env/lib/python3.11/lib-dynload/_asyncio.cpython-311-darwin.so
0x00000001329d0000 	/Users/charlesc/anaconda3/envs/erp_tools_env/lib/python3.11/site-packages/astropy/time/_parse_times.cpython-311-darwin.so
0x0000000132138000 	/Users/charlesc/anaconda3/envs/erp_tools_env/lib/python3.11/lib-dynload/termios.cpython-311-darwin.so
0x0000000132eb4000 	/Users/charlesc/anaconda3/envs/erp_tools_env/lib/python3.11/site-packages/astropy/table/_column_mixins.cpython-311-darwin.so
0x00000001329e4000 	/Users/charlesc/anaconda3/envs/erp_tools_env/lib/python3.11/site-packages/astropy/table/_np_utils.cpython-311-darwin.so
0x00000001335a0000 	/Users/charlesc/anaconda3/envs/erp_tools_env/lib/python3.11/site-packages/yaml/_yaml.cpython-311-darwin.so
0x000000013327c000 	/Users/charlesc/anaconda3/envs/erp_tools_env/lib/libyaml-0.2.dylib
0x000000016b600000 	/Users/charlesc/anaconda3/envs/erp_tools_env/lib/python3.11/site-packages/astropy/io/ascii/cparser.cpython-311-darwin.so
0x000000016a134000 	/Users/charlesc/anaconda3/envs/erp_tools_env/lib/python3.11/site-packages/astropy/utils/xml/_iterparser.cpython-311-darwin.so
0x0000000132ed0000 	/Users/charlesc/anaconda3/envs/erp_tools_env/lib/python3.11/site-packages/astropy/io/fits/_utils.cpython-311-darwin.so
0x0000000134fd0000 	/Users/charlesc/anaconda3/envs/erp_tools_env/lib/python3.11/site-packages/astropy/io/fits/_tiled_compression/_compression.cpython-311-darwin.so
0x0000000132ee4000 	/Users/charlesc/anaconda3/envs/erp_tools_env/lib/python3.11/site-packages/astropy/io/votable/tablewriter.cpython-311-darwin.so
0x000000016d6c8000 	/Users/charlesc/anaconda3/envs/erp_tools_env/lib/python3.11/site-packages/_brotli.cpython-311-darwin.so
0x0000000132178000 	/Users/charlesc/anaconda3/envs/erp_tools_env/lib/python3.11/site-packages/charset_normalizer/md.cpython-311-darwin.so
0x000000016d4a4000 	/Users/charlesc/anaconda3/envs/erp_tools_env/lib/python3.11/site-packages/charset_normalizer/md__mypyc.cpython-311-darwin.so
0x00000001332a4000 	/Users/charlesc/anaconda3/envs/erp_tools_env/lib/python3.11/lib-dynload/_multibytecodec.cpython-311-darwin.so
0x000000016a100000 	/Users/charlesc/anaconda3/envs/erp_tools_env/lib/python3.11/site-packages/scipy/_lib/_ccallback_c.cpython-311-darwin.so
0x000000016df40000 	/Users/charlesc/anaconda3/envs/erp_tools_env/lib/python3.11/site-packages/scipy/sparse/_sparsetools.cpython-311-darwin.so
0x000000016dc00000 	/Users/charlesc/anaconda3/envs/erp_tools_env/lib/python3.11/site-packages/scipy/sparse/_csparsetools.cpython-311-darwin.so
0x000000016d640000 	/Users/charlesc/anaconda3/envs/erp_tools_env/lib/python3.11/site-packages/scipy/sparse/linalg/_isolve/_iterative.cpython-311-darwin.so
0x0000000178d28000 	/Users/charlesc/anaconda3/envs/erp_tools_env/lib/libopenblas.0.dylib
0x00000001782bc000 	/Users/charlesc/anaconda3/envs/erp_tools_env/lib/libgfortran.5.dylib
0x000000016dd58000 	/Users/charlesc/anaconda3/envs/erp_tools_env/lib/libomp.dylib
0x000000016dc8c000 	/Users/charlesc/anaconda3/envs/erp_tools_env/lib/libquadmath.0.dylib
0x00000001335e0000 	/Users/charlesc/anaconda3/envs/erp_tools_env/lib/libgcc_s.1.1.dylib
0x000000016deb4000 	/Users/charlesc/anaconda3/envs/erp_tools_env/lib/python3.11/site-packages/scipy/linalg/_fblas.cpython-311-darwin.so
0x000000016e5ac000 	/Users/charlesc/anaconda3/envs/erp_tools_env/lib/python3.11/site-packages/scipy/linalg/_flapack.cpython-311-darwin.so
0x000000016dce0000 	/Users/charlesc/anaconda3/envs/erp_tools_env/lib/python3.11/site-packages/scipy/linalg/_cythonized_array_utils.cpython-311-darwin.so
0x000000016e75c000 	/Users/charlesc/anaconda3/envs/erp_tools_env/lib/python3.11/site-packages/scipy/linalg/cython_lapack.cpython-311-darwin.so
0x000000016d468000 	/Users/charlesc/anaconda3/envs/erp_tools_env/lib/python3.11/site-packages/scipy/linalg/_solve_toeplitz.cpython-311-darwin.so
0x000000016a6c8000 	/Users/charlesc/anaconda3/envs/erp_tools_env/lib/python3.11/site-packages/scipy/linalg/_decomp_lu_cython.cpython-311-darwin.so
0x000000016d600000 	/Users/charlesc/anaconda3/envs/erp_tools_env/lib/python3.11/site-packages/scipy/linalg/_matfuncs_sqrtm_triu.cpython-311-darwin.so
0x000000016de28000 	/Users/charlesc/anaconda3/envs/erp_tools_env/lib/python3.11/site-packages/scipy/linalg/_matfuncs_expm.cpython-311-darwin.so
0x000000016d990000 	/Users/charlesc/anaconda3/envs/erp_tools_env/lib/python3.11/site-packages/scipy/linalg/cython_blas.cpython-311-darwin.so
0x000000016e280000 	/Users/charlesc/anaconda3/envs/erp_tools_env/lib/python3.11/site-packages/scipy/linalg/_decomp_update.cpython-311-darwin.so
0x00000001332b8000 	/Users/charlesc/anaconda3/envs/erp_tools_env/lib/python3.11/site-packages/scipy/linalg/_flinalg.cpython-311-darwin.so
0x000000016e550000 	/Users/charlesc/anaconda3/envs/erp_tools_env/lib/python3.11/site-packages/scipy/sparse/linalg/_dsolve/_superlu.cpython-311-darwin.so
0x000000016e87c000 	/Users/charlesc/anaconda3/envs/erp_tools_env/lib/python3.11/site-packages/scipy/sparse/linalg/_eigen/arpack/_arpack.cpython-311-darwin.so
0x0000000178648000 	/Users/charlesc/anaconda3/envs/erp_tools_env/lib/python3.11/site-packages/scipy/sparse/csgraph/_shortest_path.cpython-311-darwin.so
0x000000016d680000 	/Users/charlesc/anaconda3/envs/erp_tools_env/lib/python3.11/site-packages/scipy/sparse/csgraph/_tools.cpython-311-darwin.so
0x00000001786b0000 	/Users/charlesc/anaconda3/envs/erp_tools_env/lib/python3.11/site-packages/scipy/sparse/csgraph/_traversal.cpython-311-darwin.so
0x000000016de80000 	/Users/charlesc/anaconda3/envs/erp_tools_env/lib/python3.11/site-packages/scipy/sparse/csgraph/_min_spanning_tree.cpython-311-darwin.so
0x000000016e808000 	/Users/charlesc/anaconda3/envs/erp_tools_env/lib/python3.11/site-packages/scipy/sparse/csgraph/_flow.cpython-311-darwin.so
0x000000016ffa8000 	/Users/charlesc/anaconda3/envs/erp_tools_env/lib/python3.11/site-packages/scipy/sparse/csgraph/_matching.cpython-311-darwin.so
0x000000017875c000 	/Users/charlesc/anaconda3/envs/erp_tools_env/lib/python3.11/site-packages/scipy/sparse/csgraph/_reordering.cpython-311-darwin.so
0x000000016a168000 	/Users/charlesc/anaconda3/envs/erp_tools_env/lib/python3.11/site-packages/scipy/optimize/_minpack2.cpython-311-darwin.so
0x000000016d4e0000 	/Users/charlesc/anaconda3/envs/erp_tools_env/lib/python3.11/site-packages/scipy/optimize/_group_columns.cpython-311-darwin.so
0x00000001788dc000 	/Users/charlesc/anaconda3/envs/erp_tools_env/lib/python3.11/site-packages/scipy/optimize/_trlib/_trlib.cpython-311-darwin.so
0x000000016a180000 	/Users/charlesc/anaconda3/envs/erp_tools_env/lib/python3.11/site-packages/scipy/_lib/messagestream.cpython-311-darwin.so
0x000000016d9d0000 	/Users/charlesc/anaconda3/envs/erp_tools_env/lib/python3.11/site-packages/scipy/optimize/_lbfgsb.cpython-311-darwin.so
0x000000016e850000 	/Users/charlesc/anaconda3/envs/erp_tools_env/lib/python3.11/site-packages/scipy/optimize/_moduleTNC.cpython-311-darwin.so
0x000000016e2c8000 	/Users/charlesc/anaconda3/envs/erp_tools_env/lib/python3.11/site-packages/scipy/optimize/_cobyla.cpython-311-darwin.so
0x000000016e2e4000 	/Users/charlesc/anaconda3/envs/erp_tools_env/lib/python3.11/site-packages/scipy/optimize/_slsqp.cpython-311-darwin.so
0x000000016e8f0000 	/Users/charlesc/anaconda3/envs/erp_tools_env/lib/python3.11/site-packages/scipy/optimize/_minpack.cpython-311-darwin.so
0x000000016fa18000 	/Users/charlesc/anaconda3/envs/erp_tools_env/lib/python3.11/site-packages/scipy/optimize/_lsq/givens_elimination.cpython-311-darwin.so
0x000000016a120000 	/Users/charlesc/anaconda3/envs/erp_tools_env/lib/python3.11/site-packages/scipy/optimize/_zeros.cpython-311-darwin.so
0x000000016b95c000 	/Users/charlesc/anaconda3/envs/erp_tools_env/lib/python3.11/site-packages/scipy/optimize/__nnls.cpython-311-darwin.so
0x0000000178920000 	/Users/charlesc/anaconda3/envs/erp_tools_env/lib/python3.11/site-packages/scipy/optimize/_highs/_highs_wrapper.cpython-311-darwin.so
0x000000016d6b0000 	/Users/charlesc/anaconda3/envs/erp_tools_env/lib/python3.11/site-packages/scipy/optimize/_highs/_highs_constants.cpython-311-darwin.so
0x000000016faac000 	/Users/charlesc/anaconda3/envs/erp_tools_env/lib/python3.11/site-packages/scipy/linalg/_interpolative.cpython-311-darwin.so
0x000000016fa44000 	/Users/charlesc/anaconda3/envs/erp_tools_env/lib/python3.11/site-packages/scipy/optimize/_bglu_dense.cpython-311-darwin.so
0x000000016fa88000 	/Users/charlesc/anaconda3/envs/erp_tools_env/lib/python3.11/site-packages/scipy/optimize/_lsap.cpython-311-darwin.so
0x000000016fbb4000 	/Users/charlesc/anaconda3/envs/erp_tools_env/lib/python3.11/site-packages/scipy/spatial/_ckdtree.cpython-311-darwin.so
0x0000000178c0c000 	/Users/charlesc/anaconda3/envs/erp_tools_env/lib/python3.11/site-packages/scipy/spatial/_qhull.cpython-311-darwin.so
0x000000016fb14000 	/Users/charlesc/anaconda3/envs/erp_tools_env/lib/python3.11/site-packages/scipy/spatial/_voronoi.cpython-311-darwin.so
0x000000016fb44000 	/Users/charlesc/anaconda3/envs/erp_tools_env/lib/python3.11/site-packages/scipy/spatial/_distance_wrap.cpython-311-darwin.so
0x000000016fb5c000 	/Users/charlesc/anaconda3/envs/erp_tools_env/lib/python3.11/site-packages/scipy/spatial/_hausdorff.cpython-311-darwin.so
0x000000017f8ec000 	/Users/charlesc/anaconda3/envs/erp_tools_env/lib/python3.11/site-packages/scipy/special/_ufuncs.cpython-311-darwin.so
0x000000017f7a8000 	/Users/charlesc/anaconda3/envs/erp_tools_env/lib/python3.11/site-packages/scipy/special/_ufuncs_cxx.cpython-311-darwin.so
0x000000017f808000 	/Users/charlesc/anaconda3/envs/erp_tools_env/lib/python3.11/site-packages/scipy/special/_specfun.cpython-311-darwin.so
0x000000016e500000 	/Users/charlesc/anaconda3/envs/erp_tools_env/lib/python3.11/site-packages/scipy/special/_comb.cpython-311-darwin.so
0x000000016fb8c000 	/Users/charlesc/anaconda3/envs/erp_tools_env/lib/python3.11/site-packages/scipy/special/_ellip_harm_2.cpython-311-darwin.so
0x000000017f864000 	/Users/charlesc/anaconda3/envs/erp_tools_env/lib/python3.11/site-packages/scipy/spatial/_distance_pybind.cpython-311-darwin.so
0x000000017facc000 	/Users/charlesc/anaconda3/envs/erp_tools_env/lib/python3.11/site-packages/scipy/spatial/transform/_rotation.cpython-311-darwin.so
0x000000016e514000 	/Users/charlesc/anaconda3/envs/erp_tools_env/lib/python3.11/site-packages/scipy/optimize/_direct.cpython-311-darwin.so
0x000000016e52c000 	/Users/charlesc/anaconda3/envs/erp_tools_env/lib/python3.11/site-packages/pyproj/_network.cpython-311-darwin.so
0x000000030e39c000 	/Users/charlesc/anaconda3/envs/erp_tools_env/lib/libproj.22.2.1.dylib
0x000000030e000000 	/Users/charlesc/anaconda3/envs/erp_tools_env/lib/libsqlite3.0.dylib
0x000000017fd60000 	/Users/charlesc/anaconda3/envs/erp_tools_env/lib/libtiff.6.dylib
0x000000017fde8000 	/Users/charlesc/anaconda3/envs/erp_tools_env/lib/libwebp.7.dylib
0x000000017fe58000 	/Users/charlesc/anaconda3/envs/erp_tools_env/lib/libLerc.dylib
0x000000017fa38000 	/Users/charlesc/anaconda3/envs/erp_tools_env/lib/libjpeg.9.dylib
0x000000016fdb8000 	/Users/charlesc/anaconda3/envs/erp_tools_env/lib/libdeflate.0.dylib
0x000000016fd9c000 	/Users/charlesc/anaconda3/envs/erp_tools_env/lib/libsharpyuv.0.dylib
0x000000016fd74000 	/Users/charlesc/anaconda3/envs/erp_tools_env/lib/python3.11/site-packages/pyproj/_datadir.cpython-311-darwin.so
0x000000016fd58000 	/Users/charlesc/anaconda3/envs/erp_tools_env/lib/python3.11/site-packages/pyproj/_compat.cpython-311-darwin.so
0x000000017ff40000 	/Users/charlesc/anaconda3/envs/erp_tools_env/lib/python3.11/site-packages/pyproj/_crs.cpython-311-darwin.so
0x0000000178720000 	/Users/charlesc/anaconda3/envs/erp_tools_env/lib/python3.11/site-packages/pyproj/_geod.cpython-311-darwin.so
0x000000016fdd4000 	/Users/charlesc/anaconda3/envs/erp_tools_env/lib/python3.11/site-packages/pyproj/list.cpython-311-darwin.so
0x000000017fa80000 	/Users/charlesc/anaconda3/envs/erp_tools_env/lib/python3.11/site-packages/pyproj/_transformer.cpython-311-darwin.so
0x0000000178cf0000 	/Users/charlesc/anaconda3/envs/erp_tools_env/lib/python3.11/site-packages/pyproj/database.cpython-311-darwin.so
0x000000016fde8000 	/Users/charlesc/anaconda3/envs/erp_tools_env/lib/python3.11/site-packages/pyproj/_sync.cpython-311-darwin.so
0x0000000311b14000 	/Users/charlesc/anaconda3/envs/erp_tools_env/lib/python3.11/site-packages/orekit/_orekit.cpython-311-darwin.so
0x000000030f6c4000 	/Users/charlesc/anaconda3/envs/erp_tools_env/jre/lib/server/libjvm.dylib
0x000000017feec000 	/Users/charlesc/anaconda3/envs/erp_tools_env/lib/python3.11/site-packages/scipy/interpolate/_fitpack.cpython-311-darwin.so
0x000000030e17c000 	/Users/charlesc/anaconda3/envs/erp_tools_env/lib/python3.11/site-packages/scipy/interpolate/dfitpack.cpython-311-darwin.so
0x000000030e300000 	/Users/charlesc/anaconda3/envs/erp_tools_env/lib/python3.11/site-packages/scipy/interpolate/_bspl.cpython-311-darwin.so
0x000000030e738000 	/Users/charlesc/anaconda3/envs/erp_tools_env/lib/python3.11/site-packages/scipy/interpolate/_ppoly.cpython-311-darwin.so
0x000000030e788000 	/Users/charlesc/anaconda3/envs/erp_tools_env/lib/python3.11/site-packages/scipy/interpolate/interpnd.cpython-311-darwin.so
0x000000017ffb4000 	/Users/charlesc/anaconda3/envs/erp_tools_env/lib/python3.11/site-packages/scipy/interpolate/_rbfinterp_pythran.cpython-311-darwin.so
0x000000030e34c000 	/Users/charlesc/anaconda3/envs/erp_tools_env/lib/python3.11/site-packages/scipy/interpolate/_rgi_cython.cpython-311-darwin.so
0x00000001788b8000 	/Users/charlesc/anaconda3/envs/erp_tools_env/lib/python3.11/site-packages/scipy/signal/_sigtools.cpython-311-darwin.so
0x000000030e1c4000 	/Users/charlesc/anaconda3/envs/erp_tools_env/lib/python3.11/site-packages/scipy/_lib/_uarray/_uarray.cpython-311-darwin.so
0x000000030f40c000 	/Users/charlesc/anaconda3/envs/erp_tools_env/lib/python3.11/site-packages/scipy/fft/_pocketfft/pypocketfft.cpython-311-darwin.so
0x0000000178744000 	/Users/charlesc/anaconda3/envs/erp_tools_env/lib/python3.11/site-packages/scipy/signal/_max_len_seq_inner.cpython-311-darwin.so
0x000000030f388000 	/Users/charlesc/anaconda3/envs/erp_tools_env/lib/python3.11/site-packages/scipy/signal/_upfirdn_apply.cpython-311-darwin.so
0x0000000178898000 	/Users/charlesc/anaconda3/envs/erp_tools_env/lib/python3.11/site-packages/scipy/signal/_spline.cpython-311-darwin.so
0x000000017ff0c000 	/Users/charlesc/anaconda3/envs/erp_tools_env/lib/python3.11/site-packages/scipy/integrate/_odepack.cpython-311-darwin.so
0x000000030e7d8000 	/Users/charlesc/anaconda3/envs/erp_tools_env/lib/python3.11/site-packages/scipy/integrate/_quadpack.cpython-311-darwin.so
0x000000030f3cc000 	/Users/charlesc/anaconda3/envs/erp_tools_env/lib/python3.11/site-packages/scipy/integrate/_vode.cpython-311-darwin.so
0x000000030f344000 	/Users/charlesc/anaconda3/envs/erp_tools_env/lib/python3.11/site-packages/scipy/integrate/_dop.cpython-311-darwin.so
0x000000030f364000 	/Users/charlesc/anaconda3/envs/erp_tools_env/lib/python3.11/site-packages/scipy/integrate/_lsoda.cpython-311-darwin.so
0x000000030f5fc000 	/Users/charlesc/anaconda3/envs/erp_tools_env/lib/python3.11/site-packages/scipy/ndimage/_nd_image.cpython-311-darwin.so
0x000000030f674000 	/Users/charlesc/anaconda3/envs/erp_tools_env/lib/python3.11/site-packages/scipy/ndimage/_ni_label.cpython-311-darwin.so
0x00000003103f8000 	/Users/charlesc/anaconda3/envs/erp_tools_env/lib/python3.11/site-packages/scipy/signal/_sosfilt.cpython-311-darwin.so
0x000000017fecc000 	/Users/charlesc/anaconda3/envs/erp_tools_env/lib/python3.11/site-packages/scipy/signal/_spectral.cpython-311-darwin.so
0x00000003106b8000 	/Users/charlesc/anaconda3/envs/erp_tools_env/lib/python3.11/site-packages/scipy/stats/_stats.cpython-311-darwin.so
0x00000003108e8000 	/Users/charlesc/anaconda3/envs/erp_tools_env/lib/python3.11/site-packages/scipy/special/cython_special.cpython-311-darwin.so
0x0000000310630000 	/Users/charlesc/anaconda3/envs/erp_tools_env/lib/python3.11/site-packages/scipy/stats/_boost/beta_ufunc.cpython-311-darwin.so
0x0000000310668000 	/Users/charlesc/anaconda3/envs/erp_tools_env/lib/python3.11/site-packages/scipy/stats/_boost/binom_ufunc.cpython-311-darwin.so
0x0000000310744000 	/Users/charlesc/anaconda3/envs/erp_tools_env/lib/python3.11/site-packages/scipy/stats/_boost/nbinom_ufunc.cpython-311-darwin.so
0x000000030f624000 	/Users/charlesc/anaconda3/envs/erp_tools_env/lib/python3.11/site-packages/scipy/stats/_boost/hypergeom_ufunc.cpython-311-darwin.so
0x00000003107a0000 	/Users/charlesc/anaconda3/envs/erp_tools_env/lib/python3.11/site-packages/scipy/stats/_boost/ncf_ufunc.cpython-311-darwin.so
0x0000000310800000 	/Users/charlesc/anaconda3/envs/erp_tools_env/lib/python3.11/site-packages/scipy/stats/_boost/ncx2_ufunc.cpython-311-darwin.so
0x000000031086c000 	/Users/charlesc/anaconda3/envs/erp_tools_env/lib/python3.11/site-packages/scipy/stats/_boost/nct_ufunc.cpython-311-darwin.so
0x000000030f64c000 	/Users/charlesc/anaconda3/envs/erp_tools_env/lib/python3.11/site-packages/scipy/stats/_boost/skewnorm_ufunc.cpython-311-darwin.so
0x00000003107cc000 	/Users/charlesc/anaconda3/envs/erp_tools_env/lib/python3.11/site-packages/scipy/stats/_boost/invgauss_ufunc.cpython-311-darwin.so
0x00000003108a4000 	/Users/charlesc/anaconda3/envs/erp_tools_env/lib/python3.11/site-packages/scipy/stats/_biasedurn.cpython-311-darwin.so
0x0000000178d14000 	/Users/charlesc/anaconda3/envs/erp_tools_env/lib/python3.11/site-packages/scipy/stats/_levy_stable/levyst.cpython-311-darwin.so
0x0000000310774000 	/Users/charlesc/anaconda3/envs/erp_tools_env/lib/python3.11/site-packages/scipy/stats/_stats_pythran.cpython-311-darwin.so
0x000000017ff28000 	/Users/charlesc/anaconda3/envs/erp_tools_env/lib/python3.11/site-packages/scipy/stats/_statlib.cpython-311-darwin.so
0x0000000310cd4000 	/Users/charlesc/anaconda3/envs/erp_tools_env/lib/python3.11/site-packages/scipy/stats/_sobol.cpython-311-darwin.so
0x0000000310c8c000 	/Users/charlesc/anaconda3/envs/erp_tools_env/lib/python3.11/site-packages/scipy/stats/_qmc_cy.cpython-311-darwin.so
0x0000000310d1c000 	/Users/charlesc/anaconda3/envs/erp_tools_env/lib/python3.11/site-packages/scipy/stats/_mvn.cpython-311-darwin.so
0x0000000310f70000 	/Users/charlesc/anaconda3/envs/erp_tools_env/lib/python3.11/site-packages/scipy/stats/_rcont/rcont.cpython-311-darwin.so
0x0000000310f30000 	/Users/charlesc/anaconda3/envs/erp_tools_env/lib/python3.11/site-packages/scipy/signal/_peak_finding_utils.cpython-311-darwin.so
0x000000030e1e8000 	/Users/charlesc/anaconda3/envs/erp_tools_env/jre/lib/libverify.dylib
0x0000000310ff8000 	/Users/charlesc/anaconda3/envs/erp_tools_env/jre/lib/libjava.dylib
0x000000030f5d4000 	/Users/charlesc/anaconda3/envs/erp_tools_env/jre/lib/libzip.dylib
0x0000000310834000 	/Users/charlesc/anaconda3/envs/erp_tools_env/jre/lib/libnio.dylib
0x0000000339150000 	/Users/charlesc/anaconda3/envs/erp_tools_env/jre/lib/libnet.dylib
0x000000016d9f0000 	/Users/charlesc/anaconda3/envs/erp_tools_env/lib/python3.11/site-packages/matplotlib/_c_internal_utils.cpython-311-darwin.so
0x00000003317c8000 	/Users/charlesc/anaconda3/envs/erp_tools_env/lib/python3.11/lib-dynload/pyexpat.cpython-311-darwin.so
0x00000003391ac000 	/Users/charlesc/anaconda3/envs/erp_tools_env/lib/libexpat.1.8.10.dylib
0x00000003317e4000 	/Users/charlesc/anaconda3/envs/erp_tools_env/lib/python3.11/lib-dynload/_elementtree.cpython-311-darwin.so
0x000000033a68c000 	/Users/charlesc/anaconda3/envs/erp_tools_env/lib/python3.11/site-packages/PIL/_imaging.cpython-311-darwin.so
0x000000033a7d0000 	/Users/charlesc/anaconda3/envs/erp_tools_env/lib/python3.11/site-packages/PIL/.dylibs/libtiff.6.dylib
0x000000033a718000 	/Users/charlesc/anaconda3/envs/erp_tools_env/lib/python3.11/site-packages/PIL/.dylibs/libjpeg.62.4.0.dylib
0x000000033a92c000 	/Users/charlesc/anaconda3/envs/erp_tools_env/lib/python3.11/site-packages/PIL/.dylibs/libopenjp2.2.5.0.dylib
0x000000033a600000 	/Users/charlesc/anaconda3/envs/erp_tools_env/lib/python3.11/site-packages/PIL/.dylibs/libz.1.3.dylib
0x000000033a888000 	/Users/charlesc/anaconda3/envs/erp_tools_env/lib/python3.11/site-packages/PIL/.dylibs/libxcb.1.1.0.dylib
0x000000033a8cc000 	/Users/charlesc/anaconda3/envs/erp_tools_env/lib/python3.11/site-packages/PIL/.dylibs/liblzma.5.dylib
0x000000030e384000 	/Users/charlesc/anaconda3/envs/erp_tools_env/lib/python3.11/site-packages/PIL/.dylibs/libXau.6.0.0.dylib
0x000000033a62c000 	/Users/charlesc/anaconda3/envs/erp_tools_env/lib/python3.11/site-packages/matplotlib/_path.cpython-311-darwin.so
0x000000033ad94000 	/Users/charlesc/anaconda3/envs/erp_tools_env/lib/python3.11/site-packages/matplotlib/ft2font.cpython-311-darwin.so
0x000000033ad10000 	/Users/charlesc/anaconda3/envs/erp_tools_env/lib/python3.11/site-packages/kiwisolver/_cext.cpython-311-darwin.so
0x000000033a654000 	/Users/charlesc/anaconda3/envs/erp_tools_env/lib/python3.11/site-packages/matplotlib/_image.cpython-311-darwin.so

VM Arguments:
java_command: <unknown>
java_class_path (initial): /Users/charlesc/anaconda3/envs/erp_tools_env/lib/python3.11/site-packages/orekit/orekit-12.0.jar:/Users/charlesc/anaconda3/envs/erp_tools_env/lib/python3.11/site-packages/orekit/hipparchus-core-3.0.jar:/Users/charlesc/anaconda3/envs/erp_tools_env/lib/python3.11/site-packages/orekit/hipparchus-fitting-3.0.jar:/Users/charlesc/anaconda3/envs/erp_tools_env/lib/python3.11/site-packages/orekit/hipparchus-filtering-3.0.jar:/Users/charlesc/anaconda3/envs/erp_tools_env/lib/python3.11/site-packages/orekit/hipparchus-geometry-3.0.jar:/Users/charlesc/anaconda3/envs/erp_tools_env/lib/python3.11/site-packages/orekit/hipparchus-ode-3.0.jar:/Users/charlesc/anaconda3/envs/erp_tools_env/lib/python3.11/site-packages/orekit/hipparchus-optim-3.0.jar:/Users/charlesc/anaconda3/envs/erp_tools_env/lib/python3.11/site-packages/orekit/hipparchus-stat-3.0.jar:/Users/charlesc/anaconda3/envs/erp_tools_env/lib/python3.11/site-packages/orekit/rugged-3.0.jar
Launcher Type: generic

Environment Variables:
JAVA_HOME=/Users/charlesc/anaconda3/envs/erp_tools_env
SHELL=/bin/zsh

Signal Handlers:
SIGSEGV: [libjvm.dylib+0x5668e4], sa_mask[0]=11111111011111110111111111111111, sa_flags=SA_ONSTACK|SA_RESTART|SA_SIGINFO
SIGBUS: [libjvm.dylib+0x5668e4], sa_mask[0]=11111111011111110111111111111111, sa_flags=SA_RESTART|SA_SIGINFO
SIGFPE: [libjvm.dylib+0x45f480], sa_mask[0]=11111111011111110111111111111111, sa_flags=SA_RESTART|SA_SIGINFO
SIGPIPE: [libjvm.dylib+0x45f480], sa_mask[0]=11111111011111110111111111111111, sa_flags=SA_RESTART|SA_SIGINFO
SIGXFSZ: [libjvm.dylib+0x45f480], sa_mask[0]=11111111011111110111111111111111, sa_flags=SA_RESTART|SA_SIGINFO
SIGILL: [libjvm.dylib+0x45f480], sa_mask[0]=11111111011111110111111111111111, sa_flags=SA_RESTART|SA_SIGINFO
SIGUSR1: SIG_DFL, sa_mask[0]=00000000000000000000000000000000, sa_flags=SA_RESTART
SIGUSR2: [libjvm.dylib+0x45fda4], sa_mask[0]=00000000000000000000000000000000, sa_flags=SA_RESTART|SA_SIGINFO
SIGHUP: [libjvm.dylib+0x45dd2c], sa_mask[0]=11111111011111110111111111111111, sa_flags=SA_RESTART|SA_SIGINFO
SIGINT: [libjvm.dylib+0x45dd2c], sa_mask[0]=11111111011111110111111111111111, sa_flags=SA_RESTART|SA_SIGINFO
SIGTERM: [libjvm.dylib+0x45dd2c], sa_mask[0]=11111111011111110111111111111111, sa_flags=SA_RESTART|SA_SIGINFO
SIGQUIT: [libjvm.dylib+0x45dd2c], sa_mask[0]=11111111011111110111111111111111, sa_flags=SA_RESTART|SA_SIGINFO


---------------  S Y S T E M  ---------------

OS:Bsduname:Darwin 23.6.0 Darwin Kernel Version 23.6.0: Mon Jul 29 21:14:30 PDT 2024; root:xnu-10063.141.2~1/RELEASE_ARM64_T6000 arm64
rlimit: STACK 8176k, CORE 0k, NPROC 5333, NOFILE 10240, AS infinity
load average:10.24 9.53 9.71

CPU:total 10 (initial active 10) 0x61:0x0:0x1b588bb3:0, simd, crc, lse

Memory: 16k page, physical 33554432k(113344k free)

/proc/meminfo:


vm_info: OpenJDK 64-Bit Server VM (25.382-b05) for bsd-aarch64 JRE (Zulu 8.72.0.17-CA-macos-aarch64) (1.8.0_382-b05), built on Jul 14 2023 01:24:33 by "zulu_re" with gcc Apple LLVM 12.0.0 (clang-1200.0.32.28)

time: Fri Nov 22 12:23:45 2024
timezone: GMT
elapsed time: 0.962188 seconds (0d 0h 0m 0s)

